ERROR - 2023-03-30 18:09:48 --> Column 'id' in order clause is ambiguous
CRITICAL - 2023-03-30 18:09:48 --> Call to a member function getResultArray() on bool
#0 /var/www/vhosts/hosting.iptvbillingsolution.com/public/sbp/system/View/View.php(210): include()
#1 /var/www/vhosts/hosting.iptvbillingsolution.com/public/sbp/system/View/View.php(213): CodeIgniter\View\View->CodeIgniter\View\{closure}()
#2 /var/www/vhosts/hosting.iptvbillingsolution.com/public/sbp/system/Common.php(1089): CodeIgniter\View\View->render()
#3 /var/www/vhosts/hosting.iptvbillingsolution.com/public/sbp/app/Controllers/Testing.php(10): view()
#4 /var/www/vhosts/hosting.iptvbillingsolution.com/public/sbp/system/CodeIgniter.php(825): App\Controllers\Testing->test()
#5 /var/www/vhosts/hosting.iptvbillingsolution.com/public/sbp/system/CodeIgniter.php(412): CodeIgniter\CodeIgniter->runController()
#6 /var/www/vhosts/hosting.iptvbillingsolution.com/public/sbp/system/CodeIgniter.php(320): CodeIgniter\CodeIgniter->handleRequest()
#7 /var/www/vhosts/hosting.iptvbillingsolution.com/public/sbp/index.php(44): CodeIgniter\CodeIgniter->run()
#8 {main}
ERROR - 2023-03-30 18:10:24 --> Column 'id' in order clause is ambiguous
CRITICAL - 2023-03-30 18:10:24 --> Call to a member function getResultArray() on bool
#0 /var/www/vhosts/hosting.iptvbillingsolution.com/public/sbp/system/View/View.php(210): include()
#1 /var/www/vhosts/hosting.iptvbillingsolution.com/public/sbp/system/View/View.php(213): CodeIgniter\View\View->CodeIgniter\View\{closure}()
#2 /var/www/vhosts/hosting.iptvbillingsolution.com/public/sbp/system/Common.php(1089): CodeIgniter\View\View->render()
#3 /var/www/vhosts/hosting.iptvbillingsolution.com/public/sbp/app/Controllers/Testing.php(10): view()
#4 /var/www/vhosts/hosting.iptvbillingsolution.com/public/sbp/system/CodeIgniter.php(825): App\Controllers\Testing->test()
#5 /var/www/vhosts/hosting.iptvbillingsolution.com/public/sbp/system/CodeIgniter.php(412): CodeIgniter\CodeIgniter->runController()
#6 /var/www/vhosts/hosting.iptvbillingsolution.com/public/sbp/system/CodeIgniter.php(320): CodeIgniter\CodeIgniter->handleRequest()
#7 /var/www/vhosts/hosting.iptvbillingsolution.com/public/sbp/index.php(44): CodeIgniter\CodeIgniter->run()
#8 {main}
ERROR - 2023-03-30 18:10:45 --> Column 'id' in order clause is ambiguous
CRITICAL - 2023-03-30 18:10:45 --> Call to a member function getResult() on bool
#0 /var/www/vhosts/hosting.iptvbillingsolution.com/public/sbp/system/View/View.php(210): include()
#1 /var/www/vhosts/hosting.iptvbillingsolution.com/public/sbp/system/View/View.php(213): CodeIgniter\View\View->CodeIgniter\View\{closure}()
#2 /var/www/vhosts/hosting.iptvbillingsolution.com/public/sbp/system/Common.php(1089): CodeIgniter\View\View->render()
#3 /var/www/vhosts/hosting.iptvbillingsolution.com/public/sbp/app/Controllers/Testing.php(10): view()
#4 /var/www/vhosts/hosting.iptvbillingsolution.com/public/sbp/system/CodeIgniter.php(825): App\Controllers\Testing->test()
#5 /var/www/vhosts/hosting.iptvbillingsolution.com/public/sbp/system/CodeIgniter.php(412): CodeIgniter\CodeIgniter->runController()
#6 /var/www/vhosts/hosting.iptvbillingsolution.com/public/sbp/system/CodeIgniter.php(320): CodeIgniter\CodeIgniter->handleRequest()
#7 /var/www/vhosts/hosting.iptvbillingsolution.com/public/sbp/index.php(44): CodeIgniter\CodeIgniter->run()
#8 {main}
ERROR - 2023-03-30 18:11:21 --> You have an error in your SQL syntax; check the manual that corresponds to your MySQL server version for the right syntax to use near ') as all_report_cases
FROM `tbl_reports`
LEFT OUTER JOIN `tbl_report_cases` ON `' at line 1
CRITICAL - 2023-03-30 18:11:21 --> Call to a member function getResultArray() on bool
#0 /var/www/vhosts/hosting.iptvbillingsolution.com/public/sbp/system/View/View.php(210): include()
#1 /var/www/vhosts/hosting.iptvbillingsolution.com/public/sbp/system/View/View.php(213): CodeIgniter\View\View->CodeIgniter\View\{closure}()
#2 /var/www/vhosts/hosting.iptvbillingsolution.com/public/sbp/system/Common.php(1089): CodeIgniter\View\View->render()
#3 /var/www/vhosts/hosting.iptvbillingsolution.com/public/sbp/app/Controllers/Testing.php(10): view()
#4 /var/www/vhosts/hosting.iptvbillingsolution.com/public/sbp/system/CodeIgniter.php(825): App\Controllers\Testing->test()
#5 /var/www/vhosts/hosting.iptvbillingsolution.com/public/sbp/system/CodeIgniter.php(412): CodeIgniter\CodeIgniter->runController()
#6 /var/www/vhosts/hosting.iptvbillingsolution.com/public/sbp/system/CodeIgniter.php(320): CodeIgniter\CodeIgniter->handleRequest()
#7 /var/www/vhosts/hosting.iptvbillingsolution.com/public/sbp/index.php(44): CodeIgniter\CodeIgniter->run()
#8 {main}
ERROR - 2023-03-30 18:11:53 --> Column 'id' in order clause is ambiguous
CRITICAL - 2023-03-30 18:11:53 --> Call to a member function getResultArray() on bool
#0 /var/www/vhosts/hosting.iptvbillingsolution.com/public/sbp/system/View/View.php(210): include()
#1 /var/www/vhosts/hosting.iptvbillingsolution.com/public/sbp/system/View/View.php(213): CodeIgniter\View\View->CodeIgniter\View\{closure}()
#2 /var/www/vhosts/hosting.iptvbillingsolution.com/public/sbp/system/Common.php(1089): CodeIgniter\View\View->render()
#3 /var/www/vhosts/hosting.iptvbillingsolution.com/public/sbp/app/Controllers/Testing.php(10): view()
#4 /var/www/vhosts/hosting.iptvbillingsolution.com/public/sbp/system/CodeIgniter.php(825): App\Controllers\Testing->test()
#5 /var/www/vhosts/hosting.iptvbillingsolution.com/public/sbp/system/CodeIgniter.php(412): CodeIgniter\CodeIgniter->runController()
#6 /var/www/vhosts/hosting.iptvbillingsolution.com/public/sbp/system/CodeIgniter.php(320): CodeIgniter\CodeIgniter->handleRequest()
#7 /var/www/vhosts/hosting.iptvbillingsolution.com/public/sbp/index.php(44): CodeIgniter\CodeIgniter->run()
#8 {main}
ERROR - 2023-03-30 18:13:43 --> Column 'id' in order clause is ambiguous
CRITICAL - 2023-03-30 18:13:43 --> Call to a member function getResult() on bool
#0 /var/www/vhosts/hosting.iptvbillingsolution.com/public/sbp/system/View/View.php(210): include()
#1 /var/www/vhosts/hosting.iptvbillingsolution.com/public/sbp/system/View/View.php(213): CodeIgniter\View\View->CodeIgniter\View\{closure}()
#2 /var/www/vhosts/hosting.iptvbillingsolution.com/public/sbp/system/Common.php(1089): CodeIgniter\View\View->render()
#3 /var/www/vhosts/hosting.iptvbillingsolution.com/public/sbp/app/Controllers/Testing.php(10): view()
#4 /var/www/vhosts/hosting.iptvbillingsolution.com/public/sbp/system/CodeIgniter.php(825): App\Controllers\Testing->test()
#5 /var/www/vhosts/hosting.iptvbillingsolution.com/public/sbp/system/CodeIgniter.php(412): CodeIgniter\CodeIgniter->runController()
#6 /var/www/vhosts/hosting.iptvbillingsolution.com/public/sbp/system/CodeIgniter.php(320): CodeIgniter\CodeIgniter->handleRequest()
#7 /var/www/vhosts/hosting.iptvbillingsolution.com/public/sbp/index.php(44): CodeIgniter\CodeIgniter->run()
#8 {main}
ERROR - 2023-03-30 18:14:35 --> Column 'id' in order clause is ambiguous
CRITICAL - 2023-03-30 18:14:35 --> Call to a member function getResult() on bool
#0 /var/www/vhosts/hosting.iptvbillingsolution.com/public/sbp/system/View/View.php(210): include()
#1 /var/www/vhosts/hosting.iptvbillingsolution.com/public/sbp/system/View/View.php(213): CodeIgniter\View\View->CodeIgniter\View\{closure}()
#2 /var/www/vhosts/hosting.iptvbillingsolution.com/public/sbp/system/Common.php(1089): CodeIgniter\View\View->render()
#3 /var/www/vhosts/hosting.iptvbillingsolution.com/public/sbp/app/Controllers/Testing.php(10): view()
#4 /var/www/vhosts/hosting.iptvbillingsolution.com/public/sbp/system/CodeIgniter.php(825): App\Controllers\Testing->test()
#5 /var/www/vhosts/hosting.iptvbillingsolution.com/public/sbp/system/CodeIgniter.php(412): CodeIgniter\CodeIgniter->runController()
#6 /var/www/vhosts/hosting.iptvbillingsolution.com/public/sbp/system/CodeIgniter.php(320): CodeIgniter\CodeIgniter->handleRequest()
#7 /var/www/vhosts/hosting.iptvbillingsolution.com/public/sbp/index.php(44): CodeIgniter\CodeIgniter->run()
#8 {main}
CRITICAL - 2023-03-30 18:14:55 --> Call to undefined method CodeIgniter\Database\MySQLi\Builder::findAll()
#0 /var/www/vhosts/hosting.iptvbillingsolution.com/public/sbp/system/View/View.php(210): include()
#1 /var/www/vhosts/hosting.iptvbillingsolution.com/public/sbp/system/View/View.php(213): CodeIgniter\View\View->CodeIgniter\View\{closure}()
#2 /var/www/vhosts/hosting.iptvbillingsolution.com/public/sbp/system/Common.php(1089): CodeIgniter\View\View->render()
#3 /var/www/vhosts/hosting.iptvbillingsolution.com/public/sbp/app/Controllers/Testing.php(10): view()
#4 /var/www/vhosts/hosting.iptvbillingsolution.com/public/sbp/system/CodeIgniter.php(825): App\Controllers\Testing->test()
#5 /var/www/vhosts/hosting.iptvbillingsolution.com/public/sbp/system/CodeIgniter.php(412): CodeIgniter\CodeIgniter->runController()
#6 /var/www/vhosts/hosting.iptvbillingsolution.com/public/sbp/system/CodeIgniter.php(320): CodeIgniter\CodeIgniter->handleRequest()
#7 /var/www/vhosts/hosting.iptvbillingsolution.com/public/sbp/index.php(44): CodeIgniter\CodeIgniter->run()
#8 {main}
ERROR - 2023-03-30 18:15:38 --> Column 'id' in order clause is ambiguous
CRITICAL - 2023-03-30 18:15:38 --> Call to a member function getResults() on bool
#0 /var/www/vhosts/hosting.iptvbillingsolution.com/public/sbp/system/View/View.php(210): include()
#1 /var/www/vhosts/hosting.iptvbillingsolution.com/public/sbp/system/View/View.php(213): CodeIgniter\View\View->CodeIgniter\View\{closure}()
#2 /var/www/vhosts/hosting.iptvbillingsolution.com/public/sbp/system/Common.php(1089): CodeIgniter\View\View->render()
#3 /var/www/vhosts/hosting.iptvbillingsolution.com/public/sbp/app/Controllers/Testing.php(10): view()
#4 /var/www/vhosts/hosting.iptvbillingsolution.com/public/sbp/system/CodeIgniter.php(825): App\Controllers\Testing->test()
#5 /var/www/vhosts/hosting.iptvbillingsolution.com/public/sbp/system/CodeIgniter.php(412): CodeIgniter\CodeIgniter->runController()
#6 /var/www/vhosts/hosting.iptvbillingsolution.com/public/sbp/system/CodeIgniter.php(320): CodeIgniter\CodeIgniter->handleRequest()
#7 /var/www/vhosts/hosting.iptvbillingsolution.com/public/sbp/index.php(44): CodeIgniter\CodeIgniter->run()
#8 {main}
ERROR - 2023-03-30 18:16:03 --> Column 'id' in order clause is ambiguous
CRITICAL - 2023-03-30 18:16:03 --> Call to a member function getResults() on bool
#0 /var/www/vhosts/hosting.iptvbillingsolution.com/public/sbp/system/View/View.php(210): include()
#1 /var/www/vhosts/hosting.iptvbillingsolution.com/public/sbp/system/View/View.php(213): CodeIgniter\View\View->CodeIgniter\View\{closure}()
#2 /var/www/vhosts/hosting.iptvbillingsolution.com/public/sbp/system/Common.php(1089): CodeIgniter\View\View->render()
#3 /var/www/vhosts/hosting.iptvbillingsolution.com/public/sbp/app/Controllers/Testing.php(10): view()
#4 /var/www/vhosts/hosting.iptvbillingsolution.com/public/sbp/system/CodeIgniter.php(825): App\Controllers\Testing->test()
#5 /var/www/vhosts/hosting.iptvbillingsolution.com/public/sbp/system/CodeIgniter.php(412): CodeIgniter\CodeIgniter->runController()
#6 /var/www/vhosts/hosting.iptvbillingsolution.com/public/sbp/system/CodeIgniter.php(320): CodeIgniter\CodeIgniter->handleRequest()
#7 /var/www/vhosts/hosting.iptvbillingsolution.com/public/sbp/index.php(44): CodeIgniter\CodeIgniter->run()
#8 {main}
ERROR - 2023-03-30 18:16:04 --> Column 'id' in order clause is ambiguous
CRITICAL - 2023-03-30 18:16:04 --> Call to a member function getResults() on bool
#0 /var/www/vhosts/hosting.iptvbillingsolution.com/public/sbp/system/View/View.php(210): include()
#1 /var/www/vhosts/hosting.iptvbillingsolution.com/public/sbp/system/View/View.php(213): CodeIgniter\View\View->CodeIgniter\View\{closure}()
#2 /var/www/vhosts/hosting.iptvbillingsolution.com/public/sbp/system/Common.php(1089): CodeIgniter\View\View->render()
#3 /var/www/vhosts/hosting.iptvbillingsolution.com/public/sbp/app/Controllers/Testing.php(10): view()
#4 /var/www/vhosts/hosting.iptvbillingsolution.com/public/sbp/system/CodeIgniter.php(825): App\Controllers\Testing->test()
#5 /var/www/vhosts/hosting.iptvbillingsolution.com/public/sbp/system/CodeIgniter.php(412): CodeIgniter\CodeIgniter->runController()
#6 /var/www/vhosts/hosting.iptvbillingsolution.com/public/sbp/system/CodeIgniter.php(320): CodeIgniter\CodeIgniter->handleRequest()
#7 /var/www/vhosts/hosting.iptvbillingsolution.com/public/sbp/index.php(44): CodeIgniter\CodeIgniter->run()
#8 {main}
ERROR - 2023-03-30 18:16:08 --> Column 'id' in order clause is ambiguous
CRITICAL - 2023-03-30 18:16:08 --> Call to a member function getResults() on bool
#0 /var/www/vhosts/hosting.iptvbillingsolution.com/public/sbp/system/View/View.php(210): include()
#1 /var/www/vhosts/hosting.iptvbillingsolution.com/public/sbp/system/View/View.php(213): CodeIgniter\View\View->CodeIgniter\View\{closure}()
#2 /var/www/vhosts/hosting.iptvbillingsolution.com/public/sbp/system/Common.php(1089): CodeIgniter\View\View->render()
#3 /var/www/vhosts/hosting.iptvbillingsolution.com/public/sbp/app/Controllers/Testing.php(10): view()
#4 /var/www/vhosts/hosting.iptvbillingsolution.com/public/sbp/system/CodeIgniter.php(825): App\Controllers\Testing->test()
#5 /var/www/vhosts/hosting.iptvbillingsolution.com/public/sbp/system/CodeIgniter.php(412): CodeIgniter\CodeIgniter->runController()
#6 /var/www/vhosts/hosting.iptvbillingsolution.com/public/sbp/system/CodeIgniter.php(320): CodeIgniter\CodeIgniter->handleRequest()
#7 /var/www/vhosts/hosting.iptvbillingsolution.com/public/sbp/index.php(44): CodeIgniter\CodeIgniter->run()
#8 {main}
ERROR - 2023-03-30 18:17:45 --> Unknown column 'tbl_reports.name' in 'field list'
CRITICAL - 2023-03-30 18:17:45 --> Call to a member function getResults() on bool
#0 /var/www/vhosts/hosting.iptvbillingsolution.com/public/sbp/system/View/View.php(210): include()
#1 /var/www/vhosts/hosting.iptvbillingsolution.com/public/sbp/system/View/View.php(213): CodeIgniter\View\View->CodeIgniter\View\{closure}()
#2 /var/www/vhosts/hosting.iptvbillingsolution.com/public/sbp/system/Common.php(1089): CodeIgniter\View\View->render()
#3 /var/www/vhosts/hosting.iptvbillingsolution.com/public/sbp/app/Controllers/Testing.php(10): view()
#4 /var/www/vhosts/hosting.iptvbillingsolution.com/public/sbp/system/CodeIgniter.php(825): App\Controllers\Testing->test()
#5 /var/www/vhosts/hosting.iptvbillingsolution.com/public/sbp/system/CodeIgniter.php(412): CodeIgniter\CodeIgniter->runController()
#6 /var/www/vhosts/hosting.iptvbillingsolution.com/public/sbp/system/CodeIgniter.php(320): CodeIgniter\CodeIgniter->handleRequest()
#7 /var/www/vhosts/hosting.iptvbillingsolution.com/public/sbp/index.php(44): CodeIgniter\CodeIgniter->run()
#8 {main}
ERROR - 2023-03-30 18:18:02 --> Unknown column 'tbl_reports.name' in 'field list'
CRITICAL - 2023-03-30 18:18:02 --> Call to a member function getResult() on bool
#0 /var/www/vhosts/hosting.iptvbillingsolution.com/public/sbp/system/View/View.php(210): include()
#1 /var/www/vhosts/hosting.iptvbillingsolution.com/public/sbp/system/View/View.php(213): CodeIgniter\View\View->CodeIgniter\View\{closure}()
#2 /var/www/vhosts/hosting.iptvbillingsolution.com/public/sbp/system/Common.php(1089): CodeIgniter\View\View->render()
#3 /var/www/vhosts/hosting.iptvbillingsolution.com/public/sbp/app/Controllers/Testing.php(10): view()
#4 /var/www/vhosts/hosting.iptvbillingsolution.com/public/sbp/system/CodeIgniter.php(825): App\Controllers\Testing->test()
#5 /var/www/vhosts/hosting.iptvbillingsolution.com/public/sbp/system/CodeIgniter.php(412): CodeIgniter\CodeIgniter->runController()
#6 /var/www/vhosts/hosting.iptvbillingsolution.com/public/sbp/system/CodeIgniter.php(320): CodeIgniter\CodeIgniter->handleRequest()
#7 /var/www/vhosts/hosting.iptvbillingsolution.com/public/sbp/index.php(44): CodeIgniter\CodeIgniter->run()
#8 {main}
ERROR - 2023-03-30 18:18:16 --> Unknown column 'name' in 'field list'
CRITICAL - 2023-03-30 18:18:16 --> Call to a member function getResult() on bool
#0 /var/www/vhosts/hosting.iptvbillingsolution.com/public/sbp/system/View/View.php(210): include()
#1 /var/www/vhosts/hosting.iptvbillingsolution.com/public/sbp/system/View/View.php(213): CodeIgniter\View\View->CodeIgniter\View\{closure}()
#2 /var/www/vhosts/hosting.iptvbillingsolution.com/public/sbp/system/Common.php(1089): CodeIgniter\View\View->render()
#3 /var/www/vhosts/hosting.iptvbillingsolution.com/public/sbp/app/Controllers/Testing.php(10): view()
#4 /var/www/vhosts/hosting.iptvbillingsolution.com/public/sbp/system/CodeIgniter.php(825): App\Controllers\Testing->test()
#5 /var/www/vhosts/hosting.iptvbillingsolution.com/public/sbp/system/CodeIgniter.php(412): CodeIgniter\CodeIgniter->runController()
#6 /var/www/vhosts/hosting.iptvbillingsolution.com/public/sbp/system/CodeIgniter.php(320): CodeIgniter\CodeIgniter->handleRequest()
#7 /var/www/vhosts/hosting.iptvbillingsolution.com/public/sbp/index.php(44): CodeIgniter\CodeIgniter->run()
#8 {main}
ERROR - 2023-03-30 18:19:06 --> Column 'id' in order clause is ambiguous
CRITICAL - 2023-03-30 18:19:06 --> Call to a member function getResult() on bool
#0 /var/www/vhosts/hosting.iptvbillingsolution.com/public/sbp/system/View/View.php(210): include()
#1 /var/www/vhosts/hosting.iptvbillingsolution.com/public/sbp/system/View/View.php(213): CodeIgniter\View\View->CodeIgniter\View\{closure}()
#2 /var/www/vhosts/hosting.iptvbillingsolution.com/public/sbp/system/Common.php(1089): CodeIgniter\View\View->render()
#3 /var/www/vhosts/hosting.iptvbillingsolution.com/public/sbp/app/Controllers/Testing.php(10): view()
#4 /var/www/vhosts/hosting.iptvbillingsolution.com/public/sbp/system/CodeIgniter.php(825): App\Controllers\Testing->test()
#5 /var/www/vhosts/hosting.iptvbillingsolution.com/public/sbp/system/CodeIgniter.php(412): CodeIgniter\CodeIgniter->runController()
#6 /var/www/vhosts/hosting.iptvbillingsolution.com/public/sbp/system/CodeIgniter.php(320): CodeIgniter\CodeIgniter->handleRequest()
#7 /var/www/vhosts/hosting.iptvbillingsolution.com/public/sbp/index.php(44): CodeIgniter\CodeIgniter->run()
#8 {main}
ERROR - 2023-03-30 18:20:27 --> Column 'id' in order clause is ambiguous
CRITICAL - 2023-03-30 18:20:27 --> Call to a member function getResultArray() on bool
#0 /var/www/vhosts/hosting.iptvbillingsolution.com/public/sbp/system/View/View.php(210): include()
#1 /var/www/vhosts/hosting.iptvbillingsolution.com/public/sbp/system/View/View.php(213): CodeIgniter\View\View->CodeIgniter\View\{closure}()
#2 /var/www/vhosts/hosting.iptvbillingsolution.com/public/sbp/system/Common.php(1089): CodeIgniter\View\View->render()
#3 /var/www/vhosts/hosting.iptvbillingsolution.com/public/sbp/app/Controllers/Testing.php(10): view()
#4 /var/www/vhosts/hosting.iptvbillingsolution.com/public/sbp/system/CodeIgniter.php(825): App\Controllers\Testing->test()
#5 /var/www/vhosts/hosting.iptvbillingsolution.com/public/sbp/system/CodeIgniter.php(412): CodeIgniter\CodeIgniter->runController()
#6 /var/www/vhosts/hosting.iptvbillingsolution.com/public/sbp/system/CodeIgniter.php(320): CodeIgniter\CodeIgniter->handleRequest()
#7 /var/www/vhosts/hosting.iptvbillingsolution.com/public/sbp/index.php(44): CodeIgniter\CodeIgniter->run()
#8 {main}
CRITICAL - 2023-03-30 18:21:06 --> Call to undefined method CodeIgniter\Database\MySQLi\Builder::findAll()
#0 /var/www/vhosts/hosting.iptvbillingsolution.com/public/sbp/system/View/View.php(210): include()
#1 /var/www/vhosts/hosting.iptvbillingsolution.com/public/sbp/system/View/View.php(213): CodeIgniter\View\View->CodeIgniter\View\{closure}()
#2 /var/www/vhosts/hosting.iptvbillingsolution.com/public/sbp/system/Common.php(1089): CodeIgniter\View\View->render()
#3 /var/www/vhosts/hosting.iptvbillingsolution.com/public/sbp/app/Controllers/Testing.php(10): view()
#4 /var/www/vhosts/hosting.iptvbillingsolution.com/public/sbp/system/CodeIgniter.php(825): App\Controllers\Testing->test()
#5 /var/www/vhosts/hosting.iptvbillingsolution.com/public/sbp/system/CodeIgniter.php(412): CodeIgniter\CodeIgniter->runController()
#6 /var/www/vhosts/hosting.iptvbillingsolution.com/public/sbp/system/CodeIgniter.php(320): CodeIgniter\CodeIgniter->handleRequest()
#7 /var/www/vhosts/hosting.iptvbillingsolution.com/public/sbp/index.php(44): CodeIgniter\CodeIgniter->run()
#8 {main}
ERROR - 2023-03-30 18:21:24 --> Column 'id' in order clause is ambiguous
CRITICAL - 2023-03-30 18:21:24 --> Call to a member function getResultArray() on bool
#0 /var/www/vhosts/hosting.iptvbillingsolution.com/public/sbp/system/View/View.php(210): include()
#1 /var/www/vhosts/hosting.iptvbillingsolution.com/public/sbp/system/View/View.php(213): CodeIgniter\View\View->CodeIgniter\View\{closure}()
#2 /var/www/vhosts/hosting.iptvbillingsolution.com/public/sbp/system/Common.php(1089): CodeIgniter\View\View->render()
#3 /var/www/vhosts/hosting.iptvbillingsolution.com/public/sbp/app/Controllers/Testing.php(10): view()
#4 /var/www/vhosts/hosting.iptvbillingsolution.com/public/sbp/system/CodeIgniter.php(825): App\Controllers\Testing->test()
#5 /var/www/vhosts/hosting.iptvbillingsolution.com/public/sbp/system/CodeIgniter.php(412): CodeIgniter\CodeIgniter->runController()
#6 /var/www/vhosts/hosting.iptvbillingsolution.com/public/sbp/system/CodeIgniter.php(320): CodeIgniter\CodeIgniter->handleRequest()
#7 /var/www/vhosts/hosting.iptvbillingsolution.com/public/sbp/index.php(44): CodeIgniter\CodeIgniter->run()
#8 {main}
ERROR - 2023-03-30 18:26:15 --> You have an error in your SQL syntax; check the manual that corresponds to your MySQL server version for the right syntax to use near 'DISTINCT (tbl_reports.sec_stream_id) as stream_id
FROM `tbl_reports`
LEFT OUTER ' at line 1
CRITICAL - 2023-03-30 18:26:15 --> Call to a member function getResultArray() on bool
#0 /var/www/vhosts/hosting.iptvbillingsolution.com/public/sbp/system/View/View.php(210): include()
#1 /var/www/vhosts/hosting.iptvbillingsolution.com/public/sbp/system/View/View.php(213): CodeIgniter\View\View->CodeIgniter\View\{closure}()
#2 /var/www/vhosts/hosting.iptvbillingsolution.com/public/sbp/system/Common.php(1089): CodeIgniter\View\View->render()
#3 /var/www/vhosts/hosting.iptvbillingsolution.com/public/sbp/app/Controllers/Testing.php(10): view()
#4 /var/www/vhosts/hosting.iptvbillingsolution.com/public/sbp/system/CodeIgniter.php(825): App\Controllers\Testing->test()
#5 /var/www/vhosts/hosting.iptvbillingsolution.com/public/sbp/system/CodeIgniter.php(412): CodeIgniter\CodeIgniter->runController()
#6 /var/www/vhosts/hosting.iptvbillingsolution.com/public/sbp/system/CodeIgniter.php(320): CodeIgniter\CodeIgniter->handleRequest()
#7 /var/www/vhosts/hosting.iptvbillingsolution.com/public/sbp/index.php(44): CodeIgniter\CodeIgniter->run()
#8 {main}
CRITICAL - 2023-03-30 18:28:10 --> Invalid argument supplied for foreach()
#0 /var/www/vhosts/hosting.iptvbillingsolution.com/public/sbp/app/Views/test.php(19): CodeIgniter\Debug\Exceptions->errorHandler()
#1 /var/www/vhosts/hosting.iptvbillingsolution.com/public/sbp/system/View/View.php(210): include('/var/www/vhosts...')
#2 /var/www/vhosts/hosting.iptvbillingsolution.com/public/sbp/system/View/View.php(213): CodeIgniter\View\View->CodeIgniter\View\{closure}()
#3 /var/www/vhosts/hosting.iptvbillingsolution.com/public/sbp/system/Common.php(1089): CodeIgniter\View\View->render()
#4 /var/www/vhosts/hosting.iptvbillingsolution.com/public/sbp/app/Controllers/Testing.php(10): view()
#5 /var/www/vhosts/hosting.iptvbillingsolution.com/public/sbp/system/CodeIgniter.php(825): App\Controllers\Testing->test()
#6 /var/www/vhosts/hosting.iptvbillingsolution.com/public/sbp/system/CodeIgniter.php(412): CodeIgniter\CodeIgniter->runController()
#7 /var/www/vhosts/hosting.iptvbillingsolution.com/public/sbp/system/CodeIgniter.php(320): CodeIgniter\CodeIgniter->handleRequest()
#8 /var/www/vhosts/hosting.iptvbillingsolution.com/public/sbp/index.php(44): CodeIgniter\CodeIgniter->run()
#9 {main}
ERROR - 2023-03-30 18:30:09 --> You have an error in your SQL syntax; check the manual that corresponds to your MySQL server version for the right syntax to use near 'DISTINCT(tbl_reports.sec_stream_id) as stream_id
FROM `tbl_reports`
LEFT OUTER J' at line 3
ERROR - 2023-03-30 18:30:12 --> You have an error in your SQL syntax; check the manual that corresponds to your MySQL server version for the right syntax to use near 'DISTINCT(tbl_reports.sec_stream_id) as stream_id
FROM `tbl_reports`
LEFT OUTER J' at line 3
ERROR - 2023-03-30 18:30:28 --> You have an error in your SQL syntax; check the manual that corresponds to your MySQL server version for the right syntax to use near 'DISTINCT(tbl_reports.sec_stream_id) as stream_id
FROM `tbl_reports`
LEFT OUTER J' at line 3
ERROR - 2023-03-30 18:30:31 --> You have an error in your SQL syntax; check the manual that corresponds to your MySQL server version for the right syntax to use near 'DISTINCT(tbl_reports.sec_stream_id) as stream_id
FROM `tbl_reports`
LEFT OUTER J' at line 3
ERROR - 2023-03-30 18:30:31 --> You have an error in your SQL syntax; check the manual that corresponds to your MySQL server version for the right syntax to use near 'DISTINCT(tbl_reports.sec_stream_id) as stream_id
FROM `tbl_reports`
LEFT OUTER J' at line 3
ERROR - 2023-03-30 18:30:59 --> You have an error in your SQL syntax; check the manual that corresponds to your MySQL server version for the right syntax to use near 'DISTINCT(tbl_reports.sec_stream_id) as stream_id
FROM `tbl_reports`
LEFT OUTER J' at line 1
CRITICAL - 2023-03-30 18:30:59 --> Call to a member function getResultArray() on bool
#0 /var/www/vhosts/hosting.iptvbillingsolution.com/public/sbp/system/View/View.php(210): include()
#1 /var/www/vhosts/hosting.iptvbillingsolution.com/public/sbp/system/View/View.php(213): CodeIgniter\View\View->CodeIgniter\View\{closure}()
#2 /var/www/vhosts/hosting.iptvbillingsolution.com/public/sbp/system/Common.php(1089): CodeIgniter\View\View->render()
#3 /var/www/vhosts/hosting.iptvbillingsolution.com/public/sbp/app/Controllers/Testing.php(10): view()
#4 /var/www/vhosts/hosting.iptvbillingsolution.com/public/sbp/system/CodeIgniter.php(825): App\Controllers\Testing->test()
#5 /var/www/vhosts/hosting.iptvbillingsolution.com/public/sbp/system/CodeIgniter.php(412): CodeIgniter\CodeIgniter->runController()
#6 /var/www/vhosts/hosting.iptvbillingsolution.com/public/sbp/system/CodeIgniter.php(320): CodeIgniter\CodeIgniter->handleRequest()
#7 /var/www/vhosts/hosting.iptvbillingsolution.com/public/sbp/index.php(44): CodeIgniter\CodeIgniter->run()
#8 {main}
ERROR - 2023-03-30 18:31:17 --> Unknown column 'tbl_reports.name' in 'field list'
CRITICAL - 2023-03-30 18:31:17 --> Call to a member function getResultArray() on bool
#0 /var/www/vhosts/hosting.iptvbillingsolution.com/public/sbp/system/View/View.php(210): include()
#1 /var/www/vhosts/hosting.iptvbillingsolution.com/public/sbp/system/View/View.php(213): CodeIgniter\View\View->CodeIgniter\View\{closure}()
#2 /var/www/vhosts/hosting.iptvbillingsolution.com/public/sbp/system/Common.php(1089): CodeIgniter\View\View->render()
#3 /var/www/vhosts/hosting.iptvbillingsolution.com/public/sbp/app/Controllers/Testing.php(10): view()
#4 /var/www/vhosts/hosting.iptvbillingsolution.com/public/sbp/system/CodeIgniter.php(825): App\Controllers\Testing->test()
#5 /var/www/vhosts/hosting.iptvbillingsolution.com/public/sbp/system/CodeIgniter.php(412): CodeIgniter\CodeIgniter->runController()
#6 /var/www/vhosts/hosting.iptvbillingsolution.com/public/sbp/system/CodeIgniter.php(320): CodeIgniter\CodeIgniter->handleRequest()
#7 /var/www/vhosts/hosting.iptvbillingsolution.com/public/sbp/index.php(44): CodeIgniter\CodeIgniter->run()
#8 {main}
ERROR - 2023-03-30 18:31:19 --> Unknown column 'tbl_reports.name' in 'field list'
CRITICAL - 2023-03-30 18:31:19 --> Call to a member function getResultArray() on bool
#0 /var/www/vhosts/hosting.iptvbillingsolution.com/public/sbp/system/View/View.php(210): include()
#1 /var/www/vhosts/hosting.iptvbillingsolution.com/public/sbp/system/View/View.php(213): CodeIgniter\View\View->CodeIgniter\View\{closure}()
#2 /var/www/vhosts/hosting.iptvbillingsolution.com/public/sbp/system/Common.php(1089): CodeIgniter\View\View->render()
#3 /var/www/vhosts/hosting.iptvbillingsolution.com/public/sbp/app/Controllers/Testing.php(10): view()
#4 /var/www/vhosts/hosting.iptvbillingsolution.com/public/sbp/system/CodeIgniter.php(825): App\Controllers\Testing->test()
#5 /var/www/vhosts/hosting.iptvbillingsolution.com/public/sbp/system/CodeIgniter.php(412): CodeIgniter\CodeIgniter->runController()
#6 /var/www/vhosts/hosting.iptvbillingsolution.com/public/sbp/system/CodeIgniter.php(320): CodeIgniter\CodeIgniter->handleRequest()
#7 /var/www/vhosts/hosting.iptvbillingsolution.com/public/sbp/index.php(44): CodeIgniter\CodeIgniter->run()
#8 {main}
ERROR - 2023-03-30 18:31:32 --> Unknown column 'tbl_reports.name' in 'field list'
CRITICAL - 2023-03-30 18:31:32 --> Call to a member function getResultArray() on bool
#0 /var/www/vhosts/hosting.iptvbillingsolution.com/public/sbp/system/View/View.php(210): include()
#1 /var/www/vhosts/hosting.iptvbillingsolution.com/public/sbp/system/View/View.php(213): CodeIgniter\View\View->CodeIgniter\View\{closure}()
#2 /var/www/vhosts/hosting.iptvbillingsolution.com/public/sbp/system/Common.php(1089): CodeIgniter\View\View->render()
#3 /var/www/vhosts/hosting.iptvbillingsolution.com/public/sbp/app/Controllers/Testing.php(10): view()
#4 /var/www/vhosts/hosting.iptvbillingsolution.com/public/sbp/system/CodeIgniter.php(825): App\Controllers\Testing->test()
#5 /var/www/vhosts/hosting.iptvbillingsolution.com/public/sbp/system/CodeIgniter.php(412): CodeIgniter\CodeIgniter->runController()
#6 /var/www/vhosts/hosting.iptvbillingsolution.com/public/sbp/system/CodeIgniter.php(320): CodeIgniter\CodeIgniter->handleRequest()
#7 /var/www/vhosts/hosting.iptvbillingsolution.com/public/sbp/index.php(44): CodeIgniter\CodeIgniter->run()
#8 {main}
ERROR - 2023-03-30 18:31:44 --> Unknown column 'tbl_reports.name' in 'field list'
CRITICAL - 2023-03-30 18:31:44 --> Call to a member function getResultArray() on bool
#0 /var/www/vhosts/hosting.iptvbillingsolution.com/public/sbp/system/View/View.php(210): include()
#1 /var/www/vhosts/hosting.iptvbillingsolution.com/public/sbp/system/View/View.php(213): CodeIgniter\View\View->CodeIgniter\View\{closure}()
#2 /var/www/vhosts/hosting.iptvbillingsolution.com/public/sbp/system/Common.php(1089): CodeIgniter\View\View->render()
#3 /var/www/vhosts/hosting.iptvbillingsolution.com/public/sbp/app/Controllers/Testing.php(10): view()
#4 /var/www/vhosts/hosting.iptvbillingsolution.com/public/sbp/system/CodeIgniter.php(825): App\Controllers\Testing->test()
#5 /var/www/vhosts/hosting.iptvbillingsolution.com/public/sbp/system/CodeIgniter.php(412): CodeIgniter\CodeIgniter->runController()
#6 /var/www/vhosts/hosting.iptvbillingsolution.com/public/sbp/system/CodeIgniter.php(320): CodeIgniter\CodeIgniter->handleRequest()
#7 /var/www/vhosts/hosting.iptvbillingsolution.com/public/sbp/index.php(44): CodeIgniter\CodeIgniter->run()
#8 {main}
ERROR - 2023-03-30 18:37:16 --> Unknown column 'Array' in 'where clause'
CRITICAL - 2023-03-30 18:37:16 --> Call to a member function getResultArray() on bool
#0 /var/www/vhosts/hosting.iptvbillingsolution.com/public/sbp/system/View/View.php(210): include()
#1 /var/www/vhosts/hosting.iptvbillingsolution.com/public/sbp/system/View/View.php(213): CodeIgniter\View\View->CodeIgniter\View\{closure}()
#2 /var/www/vhosts/hosting.iptvbillingsolution.com/public/sbp/system/Common.php(1089): CodeIgniter\View\View->render()
#3 /var/www/vhosts/hosting.iptvbillingsolution.com/public/sbp/app/Controllers/Testing.php(10): view()
#4 /var/www/vhosts/hosting.iptvbillingsolution.com/public/sbp/system/CodeIgniter.php(825): App\Controllers\Testing->test()
#5 /var/www/vhosts/hosting.iptvbillingsolution.com/public/sbp/system/CodeIgniter.php(412): CodeIgniter\CodeIgniter->runController()
#6 /var/www/vhosts/hosting.iptvbillingsolution.com/public/sbp/system/CodeIgniter.php(320): CodeIgniter\CodeIgniter->handleRequest()
#7 /var/www/vhosts/hosting.iptvbillingsolution.com/public/sbp/index.php(44): CodeIgniter\CodeIgniter->run()
#8 {main}
CRITICAL - 2023-03-30 18:45:09 --> Cannot use [] for reading
#0 /var/www/vhosts/hosting.iptvbillingsolution.com/public/sbp/system/View/View.php(210): include()
#1 /var/www/vhosts/hosting.iptvbillingsolution.com/public/sbp/system/View/View.php(213): CodeIgniter\View\View->CodeIgniter\View\{closure}()
#2 /var/www/vhosts/hosting.iptvbillingsolution.com/public/sbp/system/Common.php(1089): CodeIgniter\View\View->render()
#3 /var/www/vhosts/hosting.iptvbillingsolution.com/public/sbp/app/Controllers/Testing.php(10): view()
#4 /var/www/vhosts/hosting.iptvbillingsolution.com/public/sbp/system/CodeIgniter.php(825): App\Controllers\Testing->test()
#5 /var/www/vhosts/hosting.iptvbillingsolution.com/public/sbp/system/CodeIgniter.php(412): CodeIgniter\CodeIgniter->runController()
#6 /var/www/vhosts/hosting.iptvbillingsolution.com/public/sbp/system/CodeIgniter.php(320): CodeIgniter\CodeIgniter->handleRequest()
#7 /var/www/vhosts/hosting.iptvbillingsolution.com/public/sbp/index.php(44): CodeIgniter\CodeIgniter->run()
#8 {main}
ERROR - 2023-03-30 18:51:04 --> Operand should contain 1 column(s)
CRITICAL - 2023-03-30 18:51:04 --> Call to a member function getResultArray() on bool
#0 /var/www/vhosts/hosting.iptvbillingsolution.com/public/sbp/system/View/View.php(210): include()
#1 /var/www/vhosts/hosting.iptvbillingsolution.com/public/sbp/system/View/View.php(213): CodeIgniter\View\View->CodeIgniter\View\{closure}()
#2 /var/www/vhosts/hosting.iptvbillingsolution.com/public/sbp/system/Common.php(1089): CodeIgniter\View\View->render()
#3 /var/www/vhosts/hosting.iptvbillingsolution.com/public/sbp/app/Controllers/Testing.php(10): view()
#4 /var/www/vhosts/hosting.iptvbillingsolution.com/public/sbp/system/CodeIgniter.php(825): App\Controllers\Testing->test()
#5 /var/www/vhosts/hosting.iptvbillingsolution.com/public/sbp/system/CodeIgniter.php(412): CodeIgniter\CodeIgniter->runController()
#6 /var/www/vhosts/hosting.iptvbillingsolution.com/public/sbp/system/CodeIgniter.php(320): CodeIgniter\CodeIgniter->handleRequest()
#7 /var/www/vhosts/hosting.iptvbillingsolution.com/public/sbp/index.php(44): CodeIgniter\CodeIgniter->run()
#8 {main}
ERROR - 2023-03-30 18:55:38 --> You have an error in your SQL syntax; check the manual that corresponds to your MySQL server version for the right syntax to use near 'DISTINCT(sec_stream_id) as stream_id, GROUP_CONCAT(tbl_report_cases.report_cases' at line 1
CRITICAL - 2023-03-30 18:55:38 --> Call to a member function getResultArray() on bool
#0 /var/www/vhosts/hosting.iptvbillingsolution.com/public/sbp/system/View/View.php(210): include()
#1 /var/www/vhosts/hosting.iptvbillingsolution.com/public/sbp/system/View/View.php(213): CodeIgniter\View\View->CodeIgniter\View\{closure}()
#2 /var/www/vhosts/hosting.iptvbillingsolution.com/public/sbp/system/Common.php(1089): CodeIgniter\View\View->render()
#3 /var/www/vhosts/hosting.iptvbillingsolution.com/public/sbp/app/Controllers/Testing.php(10): view()
#4 /var/www/vhosts/hosting.iptvbillingsolution.com/public/sbp/system/CodeIgniter.php(825): App\Controllers\Testing->test()
#5 /var/www/vhosts/hosting.iptvbillingsolution.com/public/sbp/system/CodeIgniter.php(412): CodeIgniter\CodeIgniter->runController()
#6 /var/www/vhosts/hosting.iptvbillingsolution.com/public/sbp/system/CodeIgniter.php(320): CodeIgniter\CodeIgniter->handleRequest()
#7 /var/www/vhosts/hosting.iptvbillingsolution.com/public/sbp/index.php(44): CodeIgniter\CodeIgniter->run()
#8 {main}
ERROR - 2023-03-30 18:55:42 --> You have an error in your SQL syntax; check the manual that corresponds to your MySQL server version for the right syntax to use near 'DISTINCT(sec_stream_id) as stream_id, GROUP_CONCAT(tbl_report_cases.report_cases' at line 1
CRITICAL - 2023-03-30 18:55:42 --> Call to a member function getResultArray() on bool
#0 /var/www/vhosts/hosting.iptvbillingsolution.com/public/sbp/system/View/View.php(210): include()
#1 /var/www/vhosts/hosting.iptvbillingsolution.com/public/sbp/system/View/View.php(213): CodeIgniter\View\View->CodeIgniter\View\{closure}()
#2 /var/www/vhosts/hosting.iptvbillingsolution.com/public/sbp/system/Common.php(1089): CodeIgniter\View\View->render()
#3 /var/www/vhosts/hosting.iptvbillingsolution.com/public/sbp/app/Controllers/Testing.php(10): view()
#4 /var/www/vhosts/hosting.iptvbillingsolution.com/public/sbp/system/CodeIgniter.php(825): App\Controllers\Testing->test()
#5 /var/www/vhosts/hosting.iptvbillingsolution.com/public/sbp/system/CodeIgniter.php(412): CodeIgniter\CodeIgniter->runController()
#6 /var/www/vhosts/hosting.iptvbillingsolution.com/public/sbp/system/CodeIgniter.php(320): CodeIgniter\CodeIgniter->handleRequest()
#7 /var/www/vhosts/hosting.iptvbillingsolution.com/public/sbp/index.php(44): CodeIgniter\CodeIgniter->run()
#8 {main}
CRITICAL - 2023-03-30 18:59:15 --> array_unique() expects parameter 1 to be array, string given
#0 [internal function]: CodeIgniter\Debug\Exceptions->errorHandler()
#1 /var/www/vhosts/hosting.iptvbillingsolution.com/public/sbp/app/Views/test.php(20): array_unique()
#2 /var/www/vhosts/hosting.iptvbillingsolution.com/public/sbp/system/View/View.php(210): include('/var/www/vhosts...')
#3 /var/www/vhosts/hosting.iptvbillingsolution.com/public/sbp/system/View/View.php(213): CodeIgniter\View\View->CodeIgniter\View\{closure}()
#4 /var/www/vhosts/hosting.iptvbillingsolution.com/public/sbp/system/Common.php(1089): CodeIgniter\View\View->render()
#5 /var/www/vhosts/hosting.iptvbillingsolution.com/public/sbp/app/Controllers/Testing.php(10): view()
#6 /var/www/vhosts/hosting.iptvbillingsolution.com/public/sbp/system/CodeIgniter.php(825): App\Controllers\Testing->test()
#7 /var/www/vhosts/hosting.iptvbillingsolution.com/public/sbp/system/CodeIgniter.php(412): CodeIgniter\CodeIgniter->runController()
#8 /var/www/vhosts/hosting.iptvbillingsolution.com/public/sbp/system/CodeIgniter.php(320): CodeIgniter\CodeIgniter->handleRequest()
#9 /var/www/vhosts/hosting.iptvbillingsolution.com/public/sbp/index.php(44): CodeIgniter\CodeIgniter->run()
#10 {main}
CRITICAL - 2023-03-30 19:05:43 --> in_array() expects parameter 2 to be array, string given
#0 [internal function]: CodeIgniter\Debug\Exceptions->errorHandler()
#1 /var/www/vhosts/hosting.iptvbillingsolution.com/public/sbp/app/Views/test.php(21): in_array()
#2 /var/www/vhosts/hosting.iptvbillingsolution.com/public/sbp/system/View/View.php(210): include('/var/www/vhosts...')
#3 /var/www/vhosts/hosting.iptvbillingsolution.com/public/sbp/system/View/View.php(213): CodeIgniter\View\View->CodeIgniter\View\{closure}()
#4 /var/www/vhosts/hosting.iptvbillingsolution.com/public/sbp/system/Common.php(1089): CodeIgniter\View\View->render()
#5 /var/www/vhosts/hosting.iptvbillingsolution.com/public/sbp/app/Controllers/Testing.php(10): view()
#6 /var/www/vhosts/hosting.iptvbillingsolution.com/public/sbp/system/CodeIgniter.php(825): App\Controllers\Testing->test()
#7 /var/www/vhosts/hosting.iptvbillingsolution.com/public/sbp/system/CodeIgniter.php(412): CodeIgniter\CodeIgniter->runController()
#8 /var/www/vhosts/hosting.iptvbillingsolution.com/public/sbp/system/CodeIgniter.php(320): CodeIgniter\CodeIgniter->handleRequest()
#9 /var/www/vhosts/hosting.iptvbillingsolution.com/public/sbp/index.php(44): CodeIgniter\CodeIgniter->run()
#10 {main}
