CRITICAL - 2023-04-27 10:39:37 --> Decrypting: authentication failed.
#0 /var/www/vhosts/hosting.iptvbillingsolution.com/public/sbp/system/Encryption/Handlers/OpenSSLHandler.php(98): CodeIgniter\Encryption\Exceptions\EncryptionException::forAuthenticationFailed()
#1 /var/www/vhosts/hosting.iptvbillingsolution.com/public/sbp/app/Views/login.php(33): CodeIgniter\Encryption\Handlers\OpenSSLHandler->decrypt()
#2 /var/www/vhosts/hosting.iptvbillingsolution.com/public/sbp/system/View/View.php(210): include('/var/www/vhosts...')
#3 /var/www/vhosts/hosting.iptvbillingsolution.com/public/sbp/system/View/View.php(213): CodeIgniter\View\View->CodeIgniter\View\{closure}()
#4 /var/www/vhosts/hosting.iptvbillingsolution.com/public/sbp/system/Common.php(1089): CodeIgniter\View\View->render()
#5 /var/www/vhosts/hosting.iptvbillingsolution.com/public/sbp/app/Controllers/Login.php(115): view()
#6 /var/www/vhosts/hosting.iptvbillingsolution.com/public/sbp/system/CodeIgniter.php(825): App\Controllers\Login->login()
#7 /var/www/vhosts/hosting.iptvbillingsolution.com/public/sbp/system/CodeIgniter.php(412): CodeIgniter\CodeIgniter->runController()
#8 /var/www/vhosts/hosting.iptvbillingsolution.com/public/sbp/system/CodeIgniter.php(320): CodeIgniter\CodeIgniter->handleRequest()
#9 /var/www/vhosts/hosting.iptvbillingsolution.com/public/sbp/index.php(45): CodeIgniter\CodeIgniter->run()
#10 {main}
CRITICAL - 2023-04-27 10:39:38 --> Decrypting: authentication failed.
#0 /var/www/vhosts/hosting.iptvbillingsolution.com/public/sbp/system/Encryption/Handlers/OpenSSLHandler.php(98): CodeIgniter\Encryption\Exceptions\EncryptionException::forAuthenticationFailed()
#1 /var/www/vhosts/hosting.iptvbillingsolution.com/public/sbp/app/Views/login.php(33): CodeIgniter\Encryption\Handlers\OpenSSLHandler->decrypt()
#2 /var/www/vhosts/hosting.iptvbillingsolution.com/public/sbp/system/View/View.php(210): include('/var/www/vhosts...')
#3 /var/www/vhosts/hosting.iptvbillingsolution.com/public/sbp/system/View/View.php(213): CodeIgniter\View\View->CodeIgniter\View\{closure}()
#4 /var/www/vhosts/hosting.iptvbillingsolution.com/public/sbp/system/Common.php(1089): CodeIgniter\View\View->render()
#5 /var/www/vhosts/hosting.iptvbillingsolution.com/public/sbp/app/Controllers/Login.php(115): view()
#6 /var/www/vhosts/hosting.iptvbillingsolution.com/public/sbp/system/CodeIgniter.php(825): App\Controllers\Login->login()
#7 /var/www/vhosts/hosting.iptvbillingsolution.com/public/sbp/system/CodeIgniter.php(412): CodeIgniter\CodeIgniter->runController()
#8 /var/www/vhosts/hosting.iptvbillingsolution.com/public/sbp/system/CodeIgniter.php(320): CodeIgniter\CodeIgniter->handleRequest()
#9 /var/www/vhosts/hosting.iptvbillingsolution.com/public/sbp/index.php(45): CodeIgniter\CodeIgniter->run()
#10 {main}
