CRITICAL - 2023-04-25 11:40:22 --> Class 'App\Controllers\DateTime' not found
#0 /var/www/vhosts/hosting.iptvbillingsolution.com/public/sbp/app/Controllers/Forgetpassword.php(59): App\Controllers\Forgetpassword->validatetoken()
#1 /var/www/vhosts/hosting.iptvbillingsolution.com/public/sbp/system/CodeIgniter.php(825): App\Controllers\Forgetpassword->updatepassword()
#2 /var/www/vhosts/hosting.iptvbillingsolution.com/public/sbp/system/CodeIgniter.php(412): CodeIgniter\CodeIgniter->runController()
#3 /var/www/vhosts/hosting.iptvbillingsolution.com/public/sbp/system/CodeIgniter.php(320): CodeIgniter\CodeIgniter->handleRequest()
#4 /var/www/vhosts/hosting.iptvbillingsolution.com/public/sbp/index.php(44): CodeIgniter\CodeIgniter->run()
#5 {main}
CRITICAL - 2023-04-25 16:09:11 --> Illegal string offset 'Error'
#0 /var/www/vhosts/hosting.iptvbillingsolution.com/public/sbp/app/Controllers/Login.php(212): CodeIgniter\Debug\Exceptions->errorHandler()
#1 /var/www/vhosts/hosting.iptvbillingsolution.com/public/sbp/app/Controllers/Login.php(94): App\Controllers\Login->authredirect()
#2 /var/www/vhosts/hosting.iptvbillingsolution.com/public/sbp/system/CodeIgniter.php(825): App\Controllers\Login->login()
#3 /var/www/vhosts/hosting.iptvbillingsolution.com/public/sbp/system/CodeIgniter.php(412): CodeIgniter\CodeIgniter->runController()
#4 /var/www/vhosts/hosting.iptvbillingsolution.com/public/sbp/system/CodeIgniter.php(320): CodeIgniter\CodeIgniter->handleRequest()
#5 /var/www/vhosts/hosting.iptvbillingsolution.com/public/sbp/index.php(44): CodeIgniter\CodeIgniter->run()
#6 {main}
CRITICAL - 2023-04-25 18:16:24 --> Class 'App\Models\Departmentmodel' not found
#0 /var/www/vhosts/hosting.iptvbillingsolution.com/public/sbp/system/CodeIgniter.php(802): App\Controllers\Api->__construct()
#1 /var/www/vhosts/hosting.iptvbillingsolution.com/public/sbp/system/CodeIgniter.php(403): CodeIgniter\CodeIgniter->createController()
#2 /var/www/vhosts/hosting.iptvbillingsolution.com/public/sbp/system/CodeIgniter.php(320): CodeIgniter\CodeIgniter->handleRequest()
#3 /var/www/vhosts/hosting.iptvbillingsolution.com/public/sbp/index.php(44): CodeIgniter\CodeIgniter->run()
#4 {main}
CRITICAL - 2023-04-25 18:19:45 --> Class 'App\Models\Departmentmodel' not found
#0 /var/www/vhosts/hosting.iptvbillingsolution.com/public/sbp/system/CodeIgniter.php(802): App\Controllers\Api->__construct()
#1 /var/www/vhosts/hosting.iptvbillingsolution.com/public/sbp/system/CodeIgniter.php(403): CodeIgniter\CodeIgniter->createController()
#2 /var/www/vhosts/hosting.iptvbillingsolution.com/public/sbp/system/CodeIgniter.php(320): CodeIgniter\CodeIgniter->handleRequest()
#3 /var/www/vhosts/hosting.iptvbillingsolution.com/public/sbp/index.php(44): CodeIgniter\CodeIgniter->run()
#4 {main}
CRITICAL - 2023-04-25 18:20:04 --> Class 'App\Models\Departmentmodel' not found
#0 /var/www/vhosts/hosting.iptvbillingsolution.com/public/sbp/system/CodeIgniter.php(802): App\Controllers\Api->__construct()
#1 /var/www/vhosts/hosting.iptvbillingsolution.com/public/sbp/system/CodeIgniter.php(403): CodeIgniter\CodeIgniter->createController()
#2 /var/www/vhosts/hosting.iptvbillingsolution.com/public/sbp/system/CodeIgniter.php(320): CodeIgniter\CodeIgniter->handleRequest()
#3 /var/www/vhosts/hosting.iptvbillingsolution.com/public/sbp/index.php(44): CodeIgniter\CodeIgniter->run()
#4 {main}
CRITICAL - 2023-04-25 18:21:15 --> Class 'App\Models\Departmentmodel' not found
#0 /var/www/vhosts/hosting.iptvbillingsolution.com/public/sbp/system/CodeIgniter.php(802): App\Controllers\Api->__construct()
#1 /var/www/vhosts/hosting.iptvbillingsolution.com/public/sbp/system/CodeIgniter.php(403): CodeIgniter\CodeIgniter->createController()
#2 /var/www/vhosts/hosting.iptvbillingsolution.com/public/sbp/system/CodeIgniter.php(320): CodeIgniter\CodeIgniter->handleRequest()
#3 /var/www/vhosts/hosting.iptvbillingsolution.com/public/sbp/index.php(44): CodeIgniter\CodeIgniter->run()
#4 {main}
CRITICAL - 2023-04-25 18:22:18 --> Class 'App\Models\Departmentmodel' not found
#0 /var/www/vhosts/hosting.iptvbillingsolution.com/public/sbp/system/CodeIgniter.php(802): App\Controllers\Api->__construct()
#1 /var/www/vhosts/hosting.iptvbillingsolution.com/public/sbp/system/CodeIgniter.php(403): CodeIgniter\CodeIgniter->createController()
#2 /var/www/vhosts/hosting.iptvbillingsolution.com/public/sbp/system/CodeIgniter.php(320): CodeIgniter\CodeIgniter->handleRequest()
#3 /var/www/vhosts/hosting.iptvbillingsolution.com/public/sbp/index.php(44): CodeIgniter\CodeIgniter->run()
#4 {main}
CRITICAL - 2023-04-25 18:22:31 --> Class 'App\Models\Departmentmodel' not found
#0 /var/www/vhosts/hosting.iptvbillingsolution.com/public/sbp/system/CodeIgniter.php(802): App\Controllers\Api->__construct()
#1 /var/www/vhosts/hosting.iptvbillingsolution.com/public/sbp/system/CodeIgniter.php(403): CodeIgniter\CodeIgniter->createController()
#2 /var/www/vhosts/hosting.iptvbillingsolution.com/public/sbp/system/CodeIgniter.php(320): CodeIgniter\CodeIgniter->handleRequest()
#3 /var/www/vhosts/hosting.iptvbillingsolution.com/public/sbp/index.php(44): CodeIgniter\CodeIgniter->run()
#4 {main}
CRITICAL - 2023-04-25 18:23:03 --> Class 'App\Models\Departmentmodel' not found
#0 /var/www/vhosts/hosting.iptvbillingsolution.com/public/sbp/system/CodeIgniter.php(802): App\Controllers\Api->__construct()
#1 /var/www/vhosts/hosting.iptvbillingsolution.com/public/sbp/system/CodeIgniter.php(403): CodeIgniter\CodeIgniter->createController()
#2 /var/www/vhosts/hosting.iptvbillingsolution.com/public/sbp/system/CodeIgniter.php(320): CodeIgniter\CodeIgniter->handleRequest()
#3 /var/www/vhosts/hosting.iptvbillingsolution.com/public/sbp/index.php(44): CodeIgniter\CodeIgniter->run()
#4 {main}
CRITICAL - 2023-04-25 18:23:40 --> Class 'App\Models\Departmentmodel' not found
#0 /var/www/vhosts/hosting.iptvbillingsolution.com/public/sbp/system/CodeIgniter.php(802): App\Controllers\Api->__construct()
#1 /var/www/vhosts/hosting.iptvbillingsolution.com/public/sbp/system/CodeIgniter.php(403): CodeIgniter\CodeIgniter->createController()
#2 /var/www/vhosts/hosting.iptvbillingsolution.com/public/sbp/system/CodeIgniter.php(320): CodeIgniter\CodeIgniter->handleRequest()
#3 /var/www/vhosts/hosting.iptvbillingsolution.com/public/sbp/index.php(44): CodeIgniter\CodeIgniter->run()
#4 {main}
CRITICAL - 2023-04-25 18:23:51 --> Class 'App\Models\Departmentmodel' not found
#0 /var/www/vhosts/hosting.iptvbillingsolution.com/public/sbp/system/CodeIgniter.php(802): App\Controllers\Api->__construct()
#1 /var/www/vhosts/hosting.iptvbillingsolution.com/public/sbp/system/CodeIgniter.php(403): CodeIgniter\CodeIgniter->createController()
#2 /var/www/vhosts/hosting.iptvbillingsolution.com/public/sbp/system/CodeIgniter.php(320): CodeIgniter\CodeIgniter->handleRequest()
#3 /var/www/vhosts/hosting.iptvbillingsolution.com/public/sbp/index.php(44): CodeIgniter\CodeIgniter->run()
#4 {main}
CRITICAL - 2023-04-25 18:24:48 --> Class 'App\Models\Departmentmodel' not found
#0 /var/www/vhosts/hosting.iptvbillingsolution.com/public/sbp/system/CodeIgniter.php(802): App\Controllers\Api->__construct()
#1 /var/www/vhosts/hosting.iptvbillingsolution.com/public/sbp/system/CodeIgniter.php(403): CodeIgniter\CodeIgniter->createController()
#2 /var/www/vhosts/hosting.iptvbillingsolution.com/public/sbp/system/CodeIgniter.php(320): CodeIgniter\CodeIgniter->handleRequest()
#3 /var/www/vhosts/hosting.iptvbillingsolution.com/public/sbp/index.php(44): CodeIgniter\CodeIgniter->run()
#4 {main}
CRITICAL - 2023-04-25 18:24:57 --> Class 'App\Models\Departmentmodel' not found
#0 /var/www/vhosts/hosting.iptvbillingsolution.com/public/sbp/system/CodeIgniter.php(802): App\Controllers\Api->__construct()
#1 /var/www/vhosts/hosting.iptvbillingsolution.com/public/sbp/system/CodeIgniter.php(403): CodeIgniter\CodeIgniter->createController()
#2 /var/www/vhosts/hosting.iptvbillingsolution.com/public/sbp/system/CodeIgniter.php(320): CodeIgniter\CodeIgniter->handleRequest()
#3 /var/www/vhosts/hosting.iptvbillingsolution.com/public/sbp/index.php(44): CodeIgniter\CodeIgniter->run()
#4 {main}
CRITICAL - 2023-04-25 18:25:06 --> Class 'App\Models\Departmentmodel' not found
#0 /var/www/vhosts/hosting.iptvbillingsolution.com/public/sbp/system/CodeIgniter.php(802): App\Controllers\Api->__construct()
#1 /var/www/vhosts/hosting.iptvbillingsolution.com/public/sbp/system/CodeIgniter.php(403): CodeIgniter\CodeIgniter->createController()
#2 /var/www/vhosts/hosting.iptvbillingsolution.com/public/sbp/system/CodeIgniter.php(320): CodeIgniter\CodeIgniter->handleRequest()
#3 /var/www/vhosts/hosting.iptvbillingsolution.com/public/sbp/index.php(44): CodeIgniter\CodeIgniter->run()
#4 {main}
CRITICAL - 2023-04-25 18:25:07 --> Class 'App\Models\Departmentmodel' not found
#0 /var/www/vhosts/hosting.iptvbillingsolution.com/public/sbp/system/CodeIgniter.php(802): App\Controllers\Api->__construct()
#1 /var/www/vhosts/hosting.iptvbillingsolution.com/public/sbp/system/CodeIgniter.php(403): CodeIgniter\CodeIgniter->createController()
#2 /var/www/vhosts/hosting.iptvbillingsolution.com/public/sbp/system/CodeIgniter.php(320): CodeIgniter\CodeIgniter->handleRequest()
#3 /var/www/vhosts/hosting.iptvbillingsolution.com/public/sbp/index.php(44): CodeIgniter\CodeIgniter->run()
#4 {main}
CRITICAL - 2023-04-25 18:25:09 --> Class 'App\Models\Departmentmodel' not found
#0 /var/www/vhosts/hosting.iptvbillingsolution.com/public/sbp/system/CodeIgniter.php(802): App\Controllers\Api->__construct()
#1 /var/www/vhosts/hosting.iptvbillingsolution.com/public/sbp/system/CodeIgniter.php(403): CodeIgniter\CodeIgniter->createController()
#2 /var/www/vhosts/hosting.iptvbillingsolution.com/public/sbp/system/CodeIgniter.php(320): CodeIgniter\CodeIgniter->handleRequest()
#3 /var/www/vhosts/hosting.iptvbillingsolution.com/public/sbp/index.php(44): CodeIgniter\CodeIgniter->run()
#4 {main}
CRITICAL - 2023-04-25 18:25:10 --> Class 'App\Models\Departmentmodel' not found
#0 /var/www/vhosts/hosting.iptvbillingsolution.com/public/sbp/system/CodeIgniter.php(802): App\Controllers\Api->__construct()
#1 /var/www/vhosts/hosting.iptvbillingsolution.com/public/sbp/system/CodeIgniter.php(403): CodeIgniter\CodeIgniter->createController()
#2 /var/www/vhosts/hosting.iptvbillingsolution.com/public/sbp/system/CodeIgniter.php(320): CodeIgniter\CodeIgniter->handleRequest()
#3 /var/www/vhosts/hosting.iptvbillingsolution.com/public/sbp/index.php(44): CodeIgniter\CodeIgniter->run()
#4 {main}
CRITICAL - 2023-04-25 18:25:11 --> Class 'App\Models\Departmentmodel' not found
#0 /var/www/vhosts/hosting.iptvbillingsolution.com/public/sbp/system/CodeIgniter.php(802): App\Controllers\Api->__construct()
#1 /var/www/vhosts/hosting.iptvbillingsolution.com/public/sbp/system/CodeIgniter.php(403): CodeIgniter\CodeIgniter->createController()
#2 /var/www/vhosts/hosting.iptvbillingsolution.com/public/sbp/system/CodeIgniter.php(320): CodeIgniter\CodeIgniter->handleRequest()
#3 /var/www/vhosts/hosting.iptvbillingsolution.com/public/sbp/index.php(44): CodeIgniter\CodeIgniter->run()
#4 {main}
CRITICAL - 2023-04-25 18:25:12 --> Class 'App\Models\Departmentmodel' not found
#0 /var/www/vhosts/hosting.iptvbillingsolution.com/public/sbp/system/CodeIgniter.php(802): App\Controllers\Api->__construct()
#1 /var/www/vhosts/hosting.iptvbillingsolution.com/public/sbp/system/CodeIgniter.php(403): CodeIgniter\CodeIgniter->createController()
#2 /var/www/vhosts/hosting.iptvbillingsolution.com/public/sbp/system/CodeIgniter.php(320): CodeIgniter\CodeIgniter->handleRequest()
#3 /var/www/vhosts/hosting.iptvbillingsolution.com/public/sbp/index.php(44): CodeIgniter\CodeIgniter->run()
#4 {main}
CRITICAL - 2023-04-25 18:25:13 --> Class 'App\Models\Departmentmodel' not found
#0 /var/www/vhosts/hosting.iptvbillingsolution.com/public/sbp/system/CodeIgniter.php(802): App\Controllers\Api->__construct()
#1 /var/www/vhosts/hosting.iptvbillingsolution.com/public/sbp/system/CodeIgniter.php(403): CodeIgniter\CodeIgniter->createController()
#2 /var/www/vhosts/hosting.iptvbillingsolution.com/public/sbp/system/CodeIgniter.php(320): CodeIgniter\CodeIgniter->handleRequest()
#3 /var/www/vhosts/hosting.iptvbillingsolution.com/public/sbp/index.php(44): CodeIgniter\CodeIgniter->run()
#4 {main}
CRITICAL - 2023-04-25 18:25:24 --> Class 'App\Models\Departmentmodel' not found
#0 /var/www/vhosts/hosting.iptvbillingsolution.com/public/sbp/system/CodeIgniter.php(802): App\Controllers\Api->__construct()
#1 /var/www/vhosts/hosting.iptvbillingsolution.com/public/sbp/system/CodeIgniter.php(403): CodeIgniter\CodeIgniter->createController()
#2 /var/www/vhosts/hosting.iptvbillingsolution.com/public/sbp/system/CodeIgniter.php(320): CodeIgniter\CodeIgniter->handleRequest()
#3 /var/www/vhosts/hosting.iptvbillingsolution.com/public/sbp/index.php(44): CodeIgniter\CodeIgniter->run()
#4 {main}
CRITICAL - 2023-04-25 18:26:23 --> Class 'App\Models\Departmentmodel' not found
#0 /var/www/vhosts/hosting.iptvbillingsolution.com/public/sbp/system/CodeIgniter.php(802): App\Controllers\Api->__construct()
#1 /var/www/vhosts/hosting.iptvbillingsolution.com/public/sbp/system/CodeIgniter.php(403): CodeIgniter\CodeIgniter->createController()
#2 /var/www/vhosts/hosting.iptvbillingsolution.com/public/sbp/system/CodeIgniter.php(320): CodeIgniter\CodeIgniter->handleRequest()
#3 /var/www/vhosts/hosting.iptvbillingsolution.com/public/sbp/index.php(44): CodeIgniter\CodeIgniter->run()
#4 {main}
CRITICAL - 2023-04-25 18:26:24 --> Class 'App\Models\Departmentmodel' not found
#0 /var/www/vhosts/hosting.iptvbillingsolution.com/public/sbp/system/CodeIgniter.php(802): App\Controllers\Api->__construct()
#1 /var/www/vhosts/hosting.iptvbillingsolution.com/public/sbp/system/CodeIgniter.php(403): CodeIgniter\CodeIgniter->createController()
#2 /var/www/vhosts/hosting.iptvbillingsolution.com/public/sbp/system/CodeIgniter.php(320): CodeIgniter\CodeIgniter->handleRequest()
#3 /var/www/vhosts/hosting.iptvbillingsolution.com/public/sbp/index.php(44): CodeIgniter\CodeIgniter->run()
#4 {main}
CRITICAL - 2023-04-25 18:26:25 --> Class 'App\Models\Departmentmodel' not found
#0 /var/www/vhosts/hosting.iptvbillingsolution.com/public/sbp/system/CodeIgniter.php(802): App\Controllers\Api->__construct()
#1 /var/www/vhosts/hosting.iptvbillingsolution.com/public/sbp/system/CodeIgniter.php(403): CodeIgniter\CodeIgniter->createController()
#2 /var/www/vhosts/hosting.iptvbillingsolution.com/public/sbp/system/CodeIgniter.php(320): CodeIgniter\CodeIgniter->handleRequest()
#3 /var/www/vhosts/hosting.iptvbillingsolution.com/public/sbp/index.php(44): CodeIgniter\CodeIgniter->run()
#4 {main}
CRITICAL - 2023-04-25 18:26:26 --> Class 'App\Models\Departmentmodel' not found
#0 /var/www/vhosts/hosting.iptvbillingsolution.com/public/sbp/system/CodeIgniter.php(802): App\Controllers\Api->__construct()
#1 /var/www/vhosts/hosting.iptvbillingsolution.com/public/sbp/system/CodeIgniter.php(403): CodeIgniter\CodeIgniter->createController()
#2 /var/www/vhosts/hosting.iptvbillingsolution.com/public/sbp/system/CodeIgniter.php(320): CodeIgniter\CodeIgniter->handleRequest()
#3 /var/www/vhosts/hosting.iptvbillingsolution.com/public/sbp/index.php(44): CodeIgniter\CodeIgniter->run()
#4 {main}
CRITICAL - 2023-04-25 18:26:27 --> Class 'App\Models\Departmentmodel' not found
#0 /var/www/vhosts/hosting.iptvbillingsolution.com/public/sbp/system/CodeIgniter.php(802): App\Controllers\Api->__construct()
#1 /var/www/vhosts/hosting.iptvbillingsolution.com/public/sbp/system/CodeIgniter.php(403): CodeIgniter\CodeIgniter->createController()
#2 /var/www/vhosts/hosting.iptvbillingsolution.com/public/sbp/system/CodeIgniter.php(320): CodeIgniter\CodeIgniter->handleRequest()
#3 /var/www/vhosts/hosting.iptvbillingsolution.com/public/sbp/index.php(44): CodeIgniter\CodeIgniter->run()
#4 {main}
CRITICAL - 2023-04-25 18:26:28 --> Class 'App\Models\Departmentmodel' not found
#0 /var/www/vhosts/hosting.iptvbillingsolution.com/public/sbp/system/CodeIgniter.php(802): App\Controllers\Api->__construct()
#1 /var/www/vhosts/hosting.iptvbillingsolution.com/public/sbp/system/CodeIgniter.php(403): CodeIgniter\CodeIgniter->createController()
#2 /var/www/vhosts/hosting.iptvbillingsolution.com/public/sbp/system/CodeIgniter.php(320): CodeIgniter\CodeIgniter->handleRequest()
#3 /var/www/vhosts/hosting.iptvbillingsolution.com/public/sbp/index.php(44): CodeIgniter\CodeIgniter->run()
#4 {main}
CRITICAL - 2023-04-25 18:26:29 --> Class 'App\Models\Departmentmodel' not found
#0 /var/www/vhosts/hosting.iptvbillingsolution.com/public/sbp/system/CodeIgniter.php(802): App\Controllers\Api->__construct()
#1 /var/www/vhosts/hosting.iptvbillingsolution.com/public/sbp/system/CodeIgniter.php(403): CodeIgniter\CodeIgniter->createController()
#2 /var/www/vhosts/hosting.iptvbillingsolution.com/public/sbp/system/CodeIgniter.php(320): CodeIgniter\CodeIgniter->handleRequest()
#3 /var/www/vhosts/hosting.iptvbillingsolution.com/public/sbp/index.php(44): CodeIgniter\CodeIgniter->run()
#4 {main}
CRITICAL - 2023-04-25 18:26:30 --> Class 'App\Models\Departmentmodel' not found
#0 /var/www/vhosts/hosting.iptvbillingsolution.com/public/sbp/system/CodeIgniter.php(802): App\Controllers\Api->__construct()
#1 /var/www/vhosts/hosting.iptvbillingsolution.com/public/sbp/system/CodeIgniter.php(403): CodeIgniter\CodeIgniter->createController()
#2 /var/www/vhosts/hosting.iptvbillingsolution.com/public/sbp/system/CodeIgniter.php(320): CodeIgniter\CodeIgniter->handleRequest()
#3 /var/www/vhosts/hosting.iptvbillingsolution.com/public/sbp/index.php(44): CodeIgniter\CodeIgniter->run()
#4 {main}
CRITICAL - 2023-04-25 18:26:30 --> Class 'App\Models\Departmentmodel' not found
#0 /var/www/vhosts/hosting.iptvbillingsolution.com/public/sbp/system/CodeIgniter.php(802): App\Controllers\Api->__construct()
#1 /var/www/vhosts/hosting.iptvbillingsolution.com/public/sbp/system/CodeIgniter.php(403): CodeIgniter\CodeIgniter->createController()
#2 /var/www/vhosts/hosting.iptvbillingsolution.com/public/sbp/system/CodeIgniter.php(320): CodeIgniter\CodeIgniter->handleRequest()
#3 /var/www/vhosts/hosting.iptvbillingsolution.com/public/sbp/index.php(44): CodeIgniter\CodeIgniter->run()
#4 {main}
CRITICAL - 2023-04-25 18:26:39 --> Class 'App\Models\Departmentmodel' not found
#0 /var/www/vhosts/hosting.iptvbillingsolution.com/public/sbp/system/CodeIgniter.php(802): App\Controllers\Api->__construct()
#1 /var/www/vhosts/hosting.iptvbillingsolution.com/public/sbp/system/CodeIgniter.php(403): CodeIgniter\CodeIgniter->createController()
#2 /var/www/vhosts/hosting.iptvbillingsolution.com/public/sbp/system/CodeIgniter.php(320): CodeIgniter\CodeIgniter->handleRequest()
#3 /var/www/vhosts/hosting.iptvbillingsolution.com/public/sbp/index.php(44): CodeIgniter\CodeIgniter->run()
#4 {main}
CRITICAL - 2023-04-25 18:26:40 --> Class 'App\Models\Departmentmodel' not found
#0 /var/www/vhosts/hosting.iptvbillingsolution.com/public/sbp/system/CodeIgniter.php(802): App\Controllers\Api->__construct()
#1 /var/www/vhosts/hosting.iptvbillingsolution.com/public/sbp/system/CodeIgniter.php(403): CodeIgniter\CodeIgniter->createController()
#2 /var/www/vhosts/hosting.iptvbillingsolution.com/public/sbp/system/CodeIgniter.php(320): CodeIgniter\CodeIgniter->handleRequest()
#3 /var/www/vhosts/hosting.iptvbillingsolution.com/public/sbp/index.php(44): CodeIgniter\CodeIgniter->run()
#4 {main}
CRITICAL - 2023-04-25 18:33:49 --> Class 'App\Models\Departmentmodel' not found
#0 /var/www/vhosts/hosting.iptvbillingsolution.com/public/sbp/system/CodeIgniter.php(802): App\Controllers\Api->__construct()
#1 /var/www/vhosts/hosting.iptvbillingsolution.com/public/sbp/system/CodeIgniter.php(403): CodeIgniter\CodeIgniter->createController()
#2 /var/www/vhosts/hosting.iptvbillingsolution.com/public/sbp/system/CodeIgniter.php(320): CodeIgniter\CodeIgniter->handleRequest()
#3 /var/www/vhosts/hosting.iptvbillingsolution.com/public/sbp/index.php(44): CodeIgniter\CodeIgniter->run()
#4 {main}
CRITICAL - 2023-04-25 18:33:51 --> Class 'App\Models\Departmentmodel' not found
#0 /var/www/vhosts/hosting.iptvbillingsolution.com/public/sbp/system/CodeIgniter.php(802): App\Controllers\Api->__construct()
#1 /var/www/vhosts/hosting.iptvbillingsolution.com/public/sbp/system/CodeIgniter.php(403): CodeIgniter\CodeIgniter->createController()
#2 /var/www/vhosts/hosting.iptvbillingsolution.com/public/sbp/system/CodeIgniter.php(320): CodeIgniter\CodeIgniter->handleRequest()
#3 /var/www/vhosts/hosting.iptvbillingsolution.com/public/sbp/index.php(44): CodeIgniter\CodeIgniter->run()
#4 {main}
CRITICAL - 2023-04-25 18:33:52 --> Class 'App\Models\Departmentmodel' not found
#0 /var/www/vhosts/hosting.iptvbillingsolution.com/public/sbp/system/CodeIgniter.php(802): App\Controllers\Api->__construct()
#1 /var/www/vhosts/hosting.iptvbillingsolution.com/public/sbp/system/CodeIgniter.php(403): CodeIgniter\CodeIgniter->createController()
#2 /var/www/vhosts/hosting.iptvbillingsolution.com/public/sbp/system/CodeIgniter.php(320): CodeIgniter\CodeIgniter->handleRequest()
#3 /var/www/vhosts/hosting.iptvbillingsolution.com/public/sbp/index.php(44): CodeIgniter\CodeIgniter->run()
#4 {main}
CRITICAL - 2023-04-25 18:33:53 --> Class 'App\Models\Departmentmodel' not found
#0 /var/www/vhosts/hosting.iptvbillingsolution.com/public/sbp/system/CodeIgniter.php(802): App\Controllers\Api->__construct()
#1 /var/www/vhosts/hosting.iptvbillingsolution.com/public/sbp/system/CodeIgniter.php(403): CodeIgniter\CodeIgniter->createController()
#2 /var/www/vhosts/hosting.iptvbillingsolution.com/public/sbp/system/CodeIgniter.php(320): CodeIgniter\CodeIgniter->handleRequest()
#3 /var/www/vhosts/hosting.iptvbillingsolution.com/public/sbp/index.php(44): CodeIgniter\CodeIgniter->run()
#4 {main}
CRITICAL - 2023-04-25 18:33:54 --> Class 'App\Models\Departmentmodel' not found
#0 /var/www/vhosts/hosting.iptvbillingsolution.com/public/sbp/system/CodeIgniter.php(802): App\Controllers\Api->__construct()
#1 /var/www/vhosts/hosting.iptvbillingsolution.com/public/sbp/system/CodeIgniter.php(403): CodeIgniter\CodeIgniter->createController()
#2 /var/www/vhosts/hosting.iptvbillingsolution.com/public/sbp/system/CodeIgniter.php(320): CodeIgniter\CodeIgniter->handleRequest()
#3 /var/www/vhosts/hosting.iptvbillingsolution.com/public/sbp/index.php(44): CodeIgniter\CodeIgniter->run()
#4 {main}
CRITICAL - 2023-04-25 18:35:50 --> Class 'App\Models\Departmentmodel' not found
#0 /var/www/vhosts/hosting.iptvbillingsolution.com/public/sbp/system/CodeIgniter.php(802): App\Controllers\Api->__construct()
#1 /var/www/vhosts/hosting.iptvbillingsolution.com/public/sbp/system/CodeIgniter.php(403): CodeIgniter\CodeIgniter->createController()
#2 /var/www/vhosts/hosting.iptvbillingsolution.com/public/sbp/system/CodeIgniter.php(320): CodeIgniter\CodeIgniter->handleRequest()
#3 /var/www/vhosts/hosting.iptvbillingsolution.com/public/sbp/index.php(44): CodeIgniter\CodeIgniter->run()
#4 {main}
CRITICAL - 2023-04-25 18:36:50 --> Class 'App\Models\Ticketsmodel' not found
#0 /var/www/vhosts/hosting.iptvbillingsolution.com/public/sbp/system/CodeIgniter.php(802): App\Controllers\Api->__construct()
#1 /var/www/vhosts/hosting.iptvbillingsolution.com/public/sbp/system/CodeIgniter.php(403): CodeIgniter\CodeIgniter->createController()
#2 /var/www/vhosts/hosting.iptvbillingsolution.com/public/sbp/system/CodeIgniter.php(320): CodeIgniter\CodeIgniter->handleRequest()
#3 /var/www/vhosts/hosting.iptvbillingsolution.com/public/sbp/index.php(44): CodeIgniter\CodeIgniter->run()
#4 {main}
CRITICAL - 2023-04-25 18:37:18 --> Class 'App\Controllers\Feedbackreadtoken' not found
#0 /var/www/vhosts/hosting.iptvbillingsolution.com/public/sbp/system/CodeIgniter.php(802): App\Controllers\Api->__construct()
#1 /var/www/vhosts/hosting.iptvbillingsolution.com/public/sbp/system/CodeIgniter.php(403): CodeIgniter\CodeIgniter->createController()
#2 /var/www/vhosts/hosting.iptvbillingsolution.com/public/sbp/system/CodeIgniter.php(320): CodeIgniter\CodeIgniter->handleRequest()
#3 /var/www/vhosts/hosting.iptvbillingsolution.com/public/sbp/index.php(44): CodeIgniter\CodeIgniter->run()
#4 {main}
CRITICAL - 2023-04-25 18:46:36 --> Undefined index: subject
#0 /var/www/vhosts/hosting.iptvbillingsolution.com/public/sbp/app/Helpers/customglobalfunctions_helper.php(17): CodeIgniter\Debug\Exceptions->errorHandler()
#1 /var/www/vhosts/hosting.iptvbillingsolution.com/public/sbp/app/Views/includes/head.php(13): FriendlyClass->getallfeedbacks()
#2 /var/www/vhosts/hosting.iptvbillingsolution.com/public/sbp/system/View/View.php(210): include('/var/www/vhosts...')
#3 /var/www/vhosts/hosting.iptvbillingsolution.com/public/sbp/system/View/View.php(213): CodeIgniter\View\View->CodeIgniter\View\{closure}()
#4 /var/www/vhosts/hosting.iptvbillingsolution.com/public/sbp/system/Common.php(1089): CodeIgniter\View\View->render()
#5 /var/www/vhosts/hosting.iptvbillingsolution.com/public/sbp/app/Controllers/Dashboard.php(31): view()
#6 /var/www/vhosts/hosting.iptvbillingsolution.com/public/sbp/system/CodeIgniter.php(825): App\Controllers\Dashboard->dashboard()
#7 /var/www/vhosts/hosting.iptvbillingsolution.com/public/sbp/system/CodeIgniter.php(412): CodeIgniter\CodeIgniter->runController()
#8 /var/www/vhosts/hosting.iptvbillingsolution.com/public/sbp/system/CodeIgniter.php(320): CodeIgniter\CodeIgniter->handleRequest()
#9 /var/www/vhosts/hosting.iptvbillingsolution.com/public/sbp/index.php(44): CodeIgniter\CodeIgniter->run()
#10 {main}
CRITICAL - 2023-04-25 18:46:57 --> Undefined index: subject
#0 /var/www/vhosts/hosting.iptvbillingsolution.com/public/sbp/app/Helpers/customglobalfunctions_helper.php(17): CodeIgniter\Debug\Exceptions->errorHandler()
#1 /var/www/vhosts/hosting.iptvbillingsolution.com/public/sbp/app/Views/includes/head.php(13): FriendlyClass->getallfeedbacks()
#2 /var/www/vhosts/hosting.iptvbillingsolution.com/public/sbp/system/View/View.php(210): include('/var/www/vhosts...')
#3 /var/www/vhosts/hosting.iptvbillingsolution.com/public/sbp/system/View/View.php(213): CodeIgniter\View\View->CodeIgniter\View\{closure}()
#4 /var/www/vhosts/hosting.iptvbillingsolution.com/public/sbp/system/Common.php(1089): CodeIgniter\View\View->render()
#5 /var/www/vhosts/hosting.iptvbillingsolution.com/public/sbp/app/Controllers/Dashboard.php(31): view()
#6 /var/www/vhosts/hosting.iptvbillingsolution.com/public/sbp/system/CodeIgniter.php(825): App\Controllers\Dashboard->dashboard()
#7 /var/www/vhosts/hosting.iptvbillingsolution.com/public/sbp/system/CodeIgniter.php(412): CodeIgniter\CodeIgniter->runController()
#8 /var/www/vhosts/hosting.iptvbillingsolution.com/public/sbp/system/CodeIgniter.php(320): CodeIgniter\CodeIgniter->handleRequest()
#9 /var/www/vhosts/hosting.iptvbillingsolution.com/public/sbp/index.php(44): CodeIgniter\CodeIgniter->run()
#10 {main}
CRITICAL - 2023-04-25 18:47:41 --> Undefined index: subject
#0 /var/www/vhosts/hosting.iptvbillingsolution.com/public/sbp/app/Helpers/customglobalfunctions_helper.php(45): CodeIgniter\Debug\Exceptions->errorHandler()
#1 /var/www/vhosts/hosting.iptvbillingsolution.com/public/sbp/app/Views/includes/head.php(14): FriendlyClass->gettotalcountfeedbacks()
#2 /var/www/vhosts/hosting.iptvbillingsolution.com/public/sbp/system/View/View.php(210): include('/var/www/vhosts...')
#3 /var/www/vhosts/hosting.iptvbillingsolution.com/public/sbp/system/View/View.php(213): CodeIgniter\View\View->CodeIgniter\View\{closure}()
#4 /var/www/vhosts/hosting.iptvbillingsolution.com/public/sbp/system/Common.php(1089): CodeIgniter\View\View->render()
#5 /var/www/vhosts/hosting.iptvbillingsolution.com/public/sbp/app/Controllers/Dashboard.php(31): view()
#6 /var/www/vhosts/hosting.iptvbillingsolution.com/public/sbp/system/CodeIgniter.php(825): App\Controllers\Dashboard->dashboard()
#7 /var/www/vhosts/hosting.iptvbillingsolution.com/public/sbp/system/CodeIgniter.php(412): CodeIgniter\CodeIgniter->runController()
#8 /var/www/vhosts/hosting.iptvbillingsolution.com/public/sbp/system/CodeIgniter.php(320): CodeIgniter\CodeIgniter->handleRequest()
#9 /var/www/vhosts/hosting.iptvbillingsolution.com/public/sbp/index.php(44): CodeIgniter\CodeIgniter->run()
#10 {main}
