CRITICAL - 2023-04-14 15:18:22 --> Call to undefined function customlalertmsg()
#0 /var/www/vhosts/hosting.iptvbillingsolution.com/public/sbp/system/View/View.php(210): include()
#1 /var/www/vhosts/hosting.iptvbillingsolution.com/public/sbp/system/View/View.php(213): CodeIgniter\View\View->CodeIgniter\View\{closure}()
#2 /var/www/vhosts/hosting.iptvbillingsolution.com/public/sbp/system/Common.php(1089): CodeIgniter\View\View->render()
#3 /var/www/vhosts/hosting.iptvbillingsolution.com/public/sbp/app/Controllers/Manageannouncements.php(14): view()
#4 /var/www/vhosts/hosting.iptvbillingsolution.com/public/sbp/system/CodeIgniter.php(825): App\Controllers\Manageannouncements->listannouncements()
#5 /var/www/vhosts/hosting.iptvbillingsolution.com/public/sbp/system/CodeIgniter.php(412): CodeIgniter\CodeIgniter->runController()
#6 /var/www/vhosts/hosting.iptvbillingsolution.com/public/sbp/system/CodeIgniter.php(320): CodeIgniter\CodeIgniter->handleRequest()
#7 /var/www/vhosts/hosting.iptvbillingsolution.com/public/sbp/index.php(44): CodeIgniter\CodeIgniter->run()
#8 {main}
CRITICAL - 2023-04-14 15:18:37 --> Call to undefined method CodeIgniter\View\View::customlalertmsg()
#0 /var/www/vhosts/hosting.iptvbillingsolution.com/public/sbp/system/View/View.php(210): include()
#1 /var/www/vhosts/hosting.iptvbillingsolution.com/public/sbp/system/View/View.php(213): CodeIgniter\View\View->CodeIgniter\View\{closure}()
#2 /var/www/vhosts/hosting.iptvbillingsolution.com/public/sbp/system/Common.php(1089): CodeIgniter\View\View->render()
#3 /var/www/vhosts/hosting.iptvbillingsolution.com/public/sbp/app/Controllers/Manageannouncements.php(14): view()
#4 /var/www/vhosts/hosting.iptvbillingsolution.com/public/sbp/system/CodeIgniter.php(825): App\Controllers\Manageannouncements->listannouncements()
#5 /var/www/vhosts/hosting.iptvbillingsolution.com/public/sbp/system/CodeIgniter.php(412): CodeIgniter\CodeIgniter->runController()
#6 /var/www/vhosts/hosting.iptvbillingsolution.com/public/sbp/system/CodeIgniter.php(320): CodeIgniter\CodeIgniter->handleRequest()
#7 /var/www/vhosts/hosting.iptvbillingsolution.com/public/sbp/index.php(44): CodeIgniter\CodeIgniter->run()
#8 {main}
CRITICAL - 2023-04-14 15:19:14 --> Call to undefined function customlalertmsg()
#0 /var/www/vhosts/hosting.iptvbillingsolution.com/public/sbp/system/View/View.php(210): include()
#1 /var/www/vhosts/hosting.iptvbillingsolution.com/public/sbp/system/View/View.php(213): CodeIgniter\View\View->CodeIgniter\View\{closure}()
#2 /var/www/vhosts/hosting.iptvbillingsolution.com/public/sbp/system/Common.php(1089): CodeIgniter\View\View->render()
#3 /var/www/vhosts/hosting.iptvbillingsolution.com/public/sbp/app/Controllers/Manageannouncements.php(14): view()
#4 /var/www/vhosts/hosting.iptvbillingsolution.com/public/sbp/system/CodeIgniter.php(825): App\Controllers\Manageannouncements->listannouncements()
#5 /var/www/vhosts/hosting.iptvbillingsolution.com/public/sbp/system/CodeIgniter.php(412): CodeIgniter\CodeIgniter->runController()
#6 /var/www/vhosts/hosting.iptvbillingsolution.com/public/sbp/system/CodeIgniter.php(320): CodeIgniter\CodeIgniter->handleRequest()
#7 /var/www/vhosts/hosting.iptvbillingsolution.com/public/sbp/index.php(44): CodeIgniter\CodeIgniter->run()
#8 {main}
CRITICAL - 2023-04-14 15:25:13 --> There is no data to insert.
#0 /var/www/vhosts/hosting.iptvbillingsolution.com/public/sbp/system/BaseModel.php(1574): CodeIgniter\Database\Exceptions\DataException::forEmptyDataset()
#1 /var/www/vhosts/hosting.iptvbillingsolution.com/public/sbp/system/BaseModel.php(704): CodeIgniter\BaseModel->transformDataToArray()
#2 /var/www/vhosts/hosting.iptvbillingsolution.com/public/sbp/system/Model.php(625): CodeIgniter\BaseModel->insert()
#3 /var/www/vhosts/hosting.iptvbillingsolution.com/public/sbp/app/Controllers/Manageannouncements.php(35): CodeIgniter\Model->insert()
#4 /var/www/vhosts/hosting.iptvbillingsolution.com/public/sbp/system/CodeIgniter.php(825): App\Controllers\Manageannouncements->addannouncements()
#5 /var/www/vhosts/hosting.iptvbillingsolution.com/public/sbp/system/CodeIgniter.php(412): CodeIgniter\CodeIgniter->runController()
#6 /var/www/vhosts/hosting.iptvbillingsolution.com/public/sbp/system/CodeIgniter.php(320): CodeIgniter\CodeIgniter->handleRequest()
#7 /var/www/vhosts/hosting.iptvbillingsolution.com/public/sbp/index.php(44): CodeIgniter\CodeIgniter->run()
#8 {main}
CRITICAL - 2023-04-14 18:41:22 --> Call to undefined method App\Controllers\Login::/()
#0 /var/www/vhosts/hosting.iptvbillingsolution.com/public/sbp/system/CodeIgniter.php(851): CodeIgniter\CodeIgniter->runController()
#1 /var/www/vhosts/hosting.iptvbillingsolution.com/public/sbp/system/CodeIgniter.php(334): CodeIgniter\CodeIgniter->display404errors()
#2 /var/www/vhosts/hosting.iptvbillingsolution.com/public/sbp/index.php(44): CodeIgniter\CodeIgniter->run()
#3 {main}
CRITICAL - 2023-04-14 18:44:36 --> Object of class CodeIgniter\HTTP\RedirectResponse could not be converted to string
#0 /var/www/vhosts/hosting.iptvbillingsolution.com/public/sbp/system/CodeIgniter.php(334): CodeIgniter\CodeIgniter->display404errors()
#1 /var/www/vhosts/hosting.iptvbillingsolution.com/public/sbp/index.php(44): CodeIgniter\CodeIgniter->run()
#2 {main}
