CRITICAL - 2023-07-27 13:25:22 --> Class 'App\Models\Ipbannedmodel' not found
#0 /var/www/vhosts/hosting.iptvbillingsolution.com/public/bensbppanel/system/CodeIgniter.php(802): App\Controllers\Login->__construct()
#1 /var/www/vhosts/hosting.iptvbillingsolution.com/public/bensbppanel/system/CodeIgniter.php(403): CodeIgniter\CodeIgniter->createController()
#2 /var/www/vhosts/hosting.iptvbillingsolution.com/public/bensbppanel/system/CodeIgniter.php(320): CodeIgniter\CodeIgniter->handleRequest()
#3 /var/www/vhosts/hosting.iptvbillingsolution.com/public/bensbppanel/index.php(46): CodeIgniter\CodeIgniter->run()
#4 {main}
CRITICAL - 2023-07-27 13:25:45 --> Class 'App\Models\Ipbannedmodel' not found
#0 /var/www/vhosts/hosting.iptvbillingsolution.com/public/bensbppanel/system/CodeIgniter.php(802): App\Controllers\Login->__construct()
#1 /var/www/vhosts/hosting.iptvbillingsolution.com/public/bensbppanel/system/CodeIgniter.php(403): CodeIgniter\CodeIgniter->createController()
#2 /var/www/vhosts/hosting.iptvbillingsolution.com/public/bensbppanel/system/CodeIgniter.php(320): CodeIgniter\CodeIgniter->handleRequest()
#3 /var/www/vhosts/hosting.iptvbillingsolution.com/public/bensbppanel/index.php(46): CodeIgniter\CodeIgniter->run()
#4 {main}
CRITICAL - 2023-07-27 13:25:47 --> Class 'App\Models\Ipbannedmodel' not found
#0 /var/www/vhosts/hosting.iptvbillingsolution.com/public/bensbppanel/system/CodeIgniter.php(802): App\Controllers\Login->__construct()
#1 /var/www/vhosts/hosting.iptvbillingsolution.com/public/bensbppanel/system/CodeIgniter.php(403): CodeIgniter\CodeIgniter->createController()
#2 /var/www/vhosts/hosting.iptvbillingsolution.com/public/bensbppanel/system/CodeIgniter.php(320): CodeIgniter\CodeIgniter->handleRequest()
#3 /var/www/vhosts/hosting.iptvbillingsolution.com/public/bensbppanel/index.php(46): CodeIgniter\CodeIgniter->run()
#4 {main}
CRITICAL - 2023-07-27 13:25:47 --> Class 'App\Models\Ipbannedmodel' not found
#0 /var/www/vhosts/hosting.iptvbillingsolution.com/public/bensbppanel/system/CodeIgniter.php(802): App\Controllers\Login->__construct()
#1 /var/www/vhosts/hosting.iptvbillingsolution.com/public/bensbppanel/system/CodeIgniter.php(403): CodeIgniter\CodeIgniter->createController()
#2 /var/www/vhosts/hosting.iptvbillingsolution.com/public/bensbppanel/system/CodeIgniter.php(320): CodeIgniter\CodeIgniter->handleRequest()
#3 /var/www/vhosts/hosting.iptvbillingsolution.com/public/bensbppanel/index.php(46): CodeIgniter\CodeIgniter->run()
#4 {main}
CRITICAL - 2023-07-27 13:25:47 --> Class 'App\Models\Ipbannedmodel' not found
#0 /var/www/vhosts/hosting.iptvbillingsolution.com/public/bensbppanel/system/CodeIgniter.php(802): App\Controllers\Login->__construct()
#1 /var/www/vhosts/hosting.iptvbillingsolution.com/public/bensbppanel/system/CodeIgniter.php(403): CodeIgniter\CodeIgniter->createController()
#2 /var/www/vhosts/hosting.iptvbillingsolution.com/public/bensbppanel/system/CodeIgniter.php(320): CodeIgniter\CodeIgniter->handleRequest()
#3 /var/www/vhosts/hosting.iptvbillingsolution.com/public/bensbppanel/index.php(46): CodeIgniter\CodeIgniter->run()
#4 {main}
CRITICAL - 2023-07-27 13:26:09 --> Class 'App\Models\Ipbannedmodel' not found
#0 /var/www/vhosts/hosting.iptvbillingsolution.com/public/bensbppanel/system/CodeIgniter.php(802): App\Controllers\Login->__construct()
#1 /var/www/vhosts/hosting.iptvbillingsolution.com/public/bensbppanel/system/CodeIgniter.php(403): CodeIgniter\CodeIgniter->createController()
#2 /var/www/vhosts/hosting.iptvbillingsolution.com/public/bensbppanel/system/CodeIgniter.php(320): CodeIgniter\CodeIgniter->handleRequest()
#3 /var/www/vhosts/hosting.iptvbillingsolution.com/public/bensbppanel/index.php(46): CodeIgniter\CodeIgniter->run()
#4 {main}
CRITICAL - 2023-07-27 13:28:57 --> Class 'App\Models\Ipbannedmodel' not found
#0 /var/www/vhosts/hosting.iptvbillingsolution.com/public/bensbppanel/system/CodeIgniter.php(802): App\Controllers\Login->__construct()
#1 /var/www/vhosts/hosting.iptvbillingsolution.com/public/bensbppanel/system/CodeIgniter.php(403): CodeIgniter\CodeIgniter->createController()
#2 /var/www/vhosts/hosting.iptvbillingsolution.com/public/bensbppanel/system/CodeIgniter.php(320): CodeIgniter\CodeIgniter->handleRequest()
#3 /var/www/vhosts/hosting.iptvbillingsolution.com/public/bensbppanel/index.php(46): CodeIgniter\CodeIgniter->run()
#4 {main}
CRITICAL - 2023-07-27 13:29:01 --> Class 'App\Models\Ipbannedmodel' not found
#0 /var/www/vhosts/hosting.iptvbillingsolution.com/public/bensbppanel/system/CodeIgniter.php(802): App\Controllers\Login->__construct()
#1 /var/www/vhosts/hosting.iptvbillingsolution.com/public/bensbppanel/system/CodeIgniter.php(403): CodeIgniter\CodeIgniter->createController()
#2 /var/www/vhosts/hosting.iptvbillingsolution.com/public/bensbppanel/system/CodeIgniter.php(320): CodeIgniter\CodeIgniter->handleRequest()
#3 /var/www/vhosts/hosting.iptvbillingsolution.com/public/bensbppanel/index.php(46): CodeIgniter\CodeIgniter->run()
#4 {main}
CRITICAL - 2023-07-27 13:30:14 --> Class 'App\Models\Ipbannedmodel' not found
#0 /var/www/vhosts/hosting.iptvbillingsolution.com/public/bensbppanel/system/CodeIgniter.php(802): App\Controllers\Login->__construct()
#1 /var/www/vhosts/hosting.iptvbillingsolution.com/public/bensbppanel/system/CodeIgniter.php(403): CodeIgniter\CodeIgniter->createController()
#2 /var/www/vhosts/hosting.iptvbillingsolution.com/public/bensbppanel/system/CodeIgniter.php(320): CodeIgniter\CodeIgniter->handleRequest()
#3 /var/www/vhosts/hosting.iptvbillingsolution.com/public/bensbppanel/index.php(46): CodeIgniter\CodeIgniter->run()
#4 {main}
CRITICAL - 2023-07-27 13:34:01 --> Class 'App\Models\Ipbannedmodel' not found
#0 /var/www/vhosts/hosting.iptvbillingsolution.com/public/bensbppanel/system/CodeIgniter.php(802): App\Controllers\Login->__construct()
#1 /var/www/vhosts/hosting.iptvbillingsolution.com/public/bensbppanel/system/CodeIgniter.php(403): CodeIgniter\CodeIgniter->createController()
#2 /var/www/vhosts/hosting.iptvbillingsolution.com/public/bensbppanel/system/CodeIgniter.php(320): CodeIgniter\CodeIgniter->handleRequest()
#3 /var/www/vhosts/hosting.iptvbillingsolution.com/public/bensbppanel/index.php(46): CodeIgniter\CodeIgniter->run()
#4 {main}
CRITICAL - 2023-07-27 13:34:58 --> Call to a member function where() on null
#0 /var/www/vhosts/hosting.iptvbillingsolution.com/public/bensbppanel/app/Controllers/Login.php(30): App\Controllers\Login->unbannedipaddress()
#1 /var/www/vhosts/hosting.iptvbillingsolution.com/public/bensbppanel/system/CodeIgniter.php(825): App\Controllers\Login->login()
#2 /var/www/vhosts/hosting.iptvbillingsolution.com/public/bensbppanel/system/CodeIgniter.php(412): CodeIgniter\CodeIgniter->runController()
#3 /var/www/vhosts/hosting.iptvbillingsolution.com/public/bensbppanel/system/CodeIgniter.php(320): CodeIgniter\CodeIgniter->handleRequest()
#4 /var/www/vhosts/hosting.iptvbillingsolution.com/public/bensbppanel/index.php(46): CodeIgniter\CodeIgniter->run()
#5 {main}
CRITICAL - 2023-07-27 13:37:07 --> Call to undefined method App\Controllers\Login::getglobalstoredsettings()
#0 /var/www/vhosts/hosting.iptvbillingsolution.com/public/bensbppanel/system/View/View.php(210): include()
#1 /var/www/vhosts/hosting.iptvbillingsolution.com/public/bensbppanel/system/View/View.php(213): CodeIgniter\View\View->CodeIgniter\View\{closure}()
#2 /var/www/vhosts/hosting.iptvbillingsolution.com/public/bensbppanel/system/Common.php(1089): CodeIgniter\View\View->render()
#3 /var/www/vhosts/hosting.iptvbillingsolution.com/public/bensbppanel/app/Controllers/Login.php(54): view()
#4 /var/www/vhosts/hosting.iptvbillingsolution.com/public/bensbppanel/system/CodeIgniter.php(825): App\Controllers\Login->login()
#5 /var/www/vhosts/hosting.iptvbillingsolution.com/public/bensbppanel/system/CodeIgniter.php(412): CodeIgniter\CodeIgniter->runController()
#6 /var/www/vhosts/hosting.iptvbillingsolution.com/public/bensbppanel/system/CodeIgniter.php(320): CodeIgniter\CodeIgniter->handleRequest()
#7 /var/www/vhosts/hosting.iptvbillingsolution.com/public/bensbppanel/index.php(46): CodeIgniter\CodeIgniter->run()
#8 {main}
CRITICAL - 2023-07-27 13:41:43 --> Undefined variable: request
#0 /var/www/vhosts/hosting.iptvbillingsolution.com/public/bensbppanel/app/Controllers/Adminconfiguration.php(26): CodeIgniter\Debug\Exceptions->errorHandler()
#1 /var/www/vhosts/hosting.iptvbillingsolution.com/public/bensbppanel/system/CodeIgniter.php(825): App\Controllers\Adminconfiguration->adminconfiguration()
#2 /var/www/vhosts/hosting.iptvbillingsolution.com/public/bensbppanel/system/CodeIgniter.php(412): CodeIgniter\CodeIgniter->runController()
#3 /var/www/vhosts/hosting.iptvbillingsolution.com/public/bensbppanel/system/CodeIgniter.php(320): CodeIgniter\CodeIgniter->handleRequest()
#4 /var/www/vhosts/hosting.iptvbillingsolution.com/public/bensbppanel/index.php(46): CodeIgniter\CodeIgniter->run()
#5 {main}
ERROR - 2023-07-27 13:59:23 --> Table 'bensbp.tbl_groupname' doesn't exist
CRITICAL - 2023-07-27 13:59:23 --> Table 'bensbp.tbl_groupname' doesn't exist
#0 /var/www/vhosts/hosting.iptvbillingsolution.com/public/bensbppanel/system/Database/MySQLi/Connection.php(292): mysqli->query()
#1 /var/www/vhosts/hosting.iptvbillingsolution.com/public/bensbppanel/system/Database/BaseConnection.php(670): CodeIgniter\Database\MySQLi\Connection->execute()
#2 /var/www/vhosts/hosting.iptvbillingsolution.com/public/bensbppanel/system/Database/BaseConnection.php(598): CodeIgniter\Database\BaseConnection->simpleQuery()
#3 /var/www/vhosts/hosting.iptvbillingsolution.com/public/bensbppanel/system/Database/BaseBuilder.php(1771): CodeIgniter\Database\BaseConnection->query()
#4 /var/www/vhosts/hosting.iptvbillingsolution.com/public/bensbppanel/app/Controllers/Adminconfiguration.php(107): CodeIgniter\Database\BaseBuilder->insert()
#5 /var/www/vhosts/hosting.iptvbillingsolution.com/public/bensbppanel/app/Controllers/Adminconfiguration.php(26): App\Controllers\Adminconfiguration->processFormSubmission()
#6 /var/www/vhosts/hosting.iptvbillingsolution.com/public/bensbppanel/system/CodeIgniter.php(825): App\Controllers\Adminconfiguration->adminconfiguration()
#7 /var/www/vhosts/hosting.iptvbillingsolution.com/public/bensbppanel/system/CodeIgniter.php(412): CodeIgniter\CodeIgniter->runController()
#8 /var/www/vhosts/hosting.iptvbillingsolution.com/public/bensbppanel/system/CodeIgniter.php(320): CodeIgniter\CodeIgniter->handleRequest()
#9 /var/www/vhosts/hosting.iptvbillingsolution.com/public/bensbppanel/index.php(46): CodeIgniter\CodeIgniter->run()
#10 {main}
CRITICAL - 2023-07-27 15:10:54 --> Call to a member function where() on null
#0 /var/www/vhosts/hosting.iptvbillingsolution.com/public/bensbppanel/app/Controllers/Login.php(38): App\Controllers\Login->authlogin()
#1 /var/www/vhosts/hosting.iptvbillingsolution.com/public/bensbppanel/system/CodeIgniter.php(825): App\Controllers\Login->login()
#2 /var/www/vhosts/hosting.iptvbillingsolution.com/public/bensbppanel/system/CodeIgniter.php(412): CodeIgniter\CodeIgniter->runController()
#3 /var/www/vhosts/hosting.iptvbillingsolution.com/public/bensbppanel/system/CodeIgniter.php(320): CodeIgniter\CodeIgniter->handleRequest()
#4 /var/www/vhosts/hosting.iptvbillingsolution.com/public/bensbppanel/index.php(46): CodeIgniter\CodeIgniter->run()
#5 {main}
CRITICAL - 2023-07-27 15:11:01 --> Class 'App\Models\Advertisementmodel' not found
#0 /var/www/vhosts/hosting.iptvbillingsolution.com/public/bensbppanel/system/CodeIgniter.php(802): App\Controllers\Dashboard->__construct()
#1 /var/www/vhosts/hosting.iptvbillingsolution.com/public/bensbppanel/system/CodeIgniter.php(403): CodeIgniter\CodeIgniter->createController()
#2 /var/www/vhosts/hosting.iptvbillingsolution.com/public/bensbppanel/system/CodeIgniter.php(320): CodeIgniter\CodeIgniter->handleRequest()
#3 /var/www/vhosts/hosting.iptvbillingsolution.com/public/bensbppanel/index.php(46): CodeIgniter\CodeIgniter->run()
#4 {main}
CRITICAL - 2023-07-27 15:11:09 --> Call to undefined method App\Controllers\Logout::customsetflash()
#0 /var/www/vhosts/hosting.iptvbillingsolution.com/public/bensbppanel/system/CodeIgniter.php(825): App\Controllers\Logout->logout()
#1 /var/www/vhosts/hosting.iptvbillingsolution.com/public/bensbppanel/system/CodeIgniter.php(412): CodeIgniter\CodeIgniter->runController()
#2 /var/www/vhosts/hosting.iptvbillingsolution.com/public/bensbppanel/system/CodeIgniter.php(320): CodeIgniter\CodeIgniter->handleRequest()
#3 /var/www/vhosts/hosting.iptvbillingsolution.com/public/bensbppanel/index.php(46): CodeIgniter\CodeIgniter->run()
#4 {main}
CRITICAL - 2023-07-27 15:11:59 --> Call to a member function where() on null
#0 /var/www/vhosts/hosting.iptvbillingsolution.com/public/bensbppanel/app/Controllers/Login.php(38): App\Controllers\Login->authlogin()
#1 /var/www/vhosts/hosting.iptvbillingsolution.com/public/bensbppanel/system/CodeIgniter.php(825): App\Controllers\Login->login()
#2 /var/www/vhosts/hosting.iptvbillingsolution.com/public/bensbppanel/system/CodeIgniter.php(412): CodeIgniter\CodeIgniter->runController()
#3 /var/www/vhosts/hosting.iptvbillingsolution.com/public/bensbppanel/system/CodeIgniter.php(320): CodeIgniter\CodeIgniter->handleRequest()
#4 /var/www/vhosts/hosting.iptvbillingsolution.com/public/bensbppanel/index.php(46): CodeIgniter\CodeIgniter->run()
#5 {main}
CRITICAL - 2023-07-27 15:14:16 --> Class 'App\Models\Advertisementmodel' not found
#0 /var/www/vhosts/hosting.iptvbillingsolution.com/public/bensbppanel/system/CodeIgniter.php(802): App\Controllers\Dashboard->__construct()
#1 /var/www/vhosts/hosting.iptvbillingsolution.com/public/bensbppanel/system/CodeIgniter.php(403): CodeIgniter\CodeIgniter->createController()
#2 /var/www/vhosts/hosting.iptvbillingsolution.com/public/bensbppanel/system/CodeIgniter.php(320): CodeIgniter\CodeIgniter->handleRequest()
#3 /var/www/vhosts/hosting.iptvbillingsolution.com/public/bensbppanel/index.php(46): CodeIgniter\CodeIgniter->run()
#4 {main}
CRITICAL - 2023-07-27 15:14:38 --> Class 'App\Models\Advertisementmodel' not found
#0 /var/www/vhosts/hosting.iptvbillingsolution.com/public/bensbppanel/system/CodeIgniter.php(802): App\Controllers\Dashboard->__construct()
#1 /var/www/vhosts/hosting.iptvbillingsolution.com/public/bensbppanel/system/CodeIgniter.php(403): CodeIgniter\CodeIgniter->createController()
#2 /var/www/vhosts/hosting.iptvbillingsolution.com/public/bensbppanel/system/CodeIgniter.php(320): CodeIgniter\CodeIgniter->handleRequest()
#3 /var/www/vhosts/hosting.iptvbillingsolution.com/public/bensbppanel/index.php(46): CodeIgniter\CodeIgniter->run()
#4 {main}
CRITICAL - 2023-07-27 15:33:19 --> Class 'App\Models\Advertisementmodel' not found
#0 /var/www/vhosts/hosting.iptvbillingsolution.com/public/bensbppanel/system/CodeIgniter.php(802): App\Controllers\Dashboard->__construct()
#1 /var/www/vhosts/hosting.iptvbillingsolution.com/public/bensbppanel/system/CodeIgniter.php(403): CodeIgniter\CodeIgniter->createController()
#2 /var/www/vhosts/hosting.iptvbillingsolution.com/public/bensbppanel/system/CodeIgniter.php(320): CodeIgniter\CodeIgniter->handleRequest()
#3 /var/www/vhosts/hosting.iptvbillingsolution.com/public/bensbppanel/index.php(46): CodeIgniter\CodeIgniter->run()
#4 {main}
CRITICAL - 2023-07-27 15:34:15 --> Class 'App\Models\Advertisementmodel' not found
#0 /var/www/vhosts/hosting.iptvbillingsolution.com/public/bensbppanel/system/CodeIgniter.php(802): App\Controllers\Dashboard->__construct()
#1 /var/www/vhosts/hosting.iptvbillingsolution.com/public/bensbppanel/system/CodeIgniter.php(403): CodeIgniter\CodeIgniter->createController()
#2 /var/www/vhosts/hosting.iptvbillingsolution.com/public/bensbppanel/system/CodeIgniter.php(320): CodeIgniter\CodeIgniter->handleRequest()
#3 /var/www/vhosts/hosting.iptvbillingsolution.com/public/bensbppanel/index.php(46): CodeIgniter\CodeIgniter->run()
#4 {main}
CRITICAL - 2023-07-27 15:34:25 --> Class 'App\Models\Advertisementmodel' not found
#0 /var/www/vhosts/hosting.iptvbillingsolution.com/public/bensbppanel/system/CodeIgniter.php(802): App\Controllers\Dashboard->__construct()
#1 /var/www/vhosts/hosting.iptvbillingsolution.com/public/bensbppanel/system/CodeIgniter.php(403): CodeIgniter\CodeIgniter->createController()
#2 /var/www/vhosts/hosting.iptvbillingsolution.com/public/bensbppanel/system/CodeIgniter.php(320): CodeIgniter\CodeIgniter->handleRequest()
#3 /var/www/vhosts/hosting.iptvbillingsolution.com/public/bensbppanel/index.php(46): CodeIgniter\CodeIgniter->run()
#4 {main}
CRITICAL - 2023-07-27 15:34:33 --> Class 'App\Models\Advertisementmodel' not found
#0 /var/www/vhosts/hosting.iptvbillingsolution.com/public/bensbppanel/system/CodeIgniter.php(802): App\Controllers\Dashboard->__construct()
#1 /var/www/vhosts/hosting.iptvbillingsolution.com/public/bensbppanel/system/CodeIgniter.php(403): CodeIgniter\CodeIgniter->createController()
#2 /var/www/vhosts/hosting.iptvbillingsolution.com/public/bensbppanel/system/CodeIgniter.php(320): CodeIgniter\CodeIgniter->handleRequest()
#3 /var/www/vhosts/hosting.iptvbillingsolution.com/public/bensbppanel/index.php(46): CodeIgniter\CodeIgniter->run()
#4 {main}
CRITICAL - 2023-07-27 15:44:35 --> Class 'App\Models\Firebasedevicemodel' not found
#0 /var/www/vhosts/hosting.iptvbillingsolution.com/public/bensbppanel/system/CodeIgniter.php(802): App\Controllers\Dashboard->__construct()
#1 /var/www/vhosts/hosting.iptvbillingsolution.com/public/bensbppanel/system/CodeIgniter.php(403): CodeIgniter\CodeIgniter->createController()
#2 /var/www/vhosts/hosting.iptvbillingsolution.com/public/bensbppanel/system/CodeIgniter.php(320): CodeIgniter\CodeIgniter->handleRequest()
#3 /var/www/vhosts/hosting.iptvbillingsolution.com/public/bensbppanel/index.php(46): CodeIgniter\CodeIgniter->run()
#4 {main}
CRITICAL - 2023-07-27 15:45:04 --> Class 'FriendlyClass' not found
#0 /var/www/vhosts/hosting.iptvbillingsolution.com/public/bensbppanel/system/View/View.php(210): include()
#1 /var/www/vhosts/hosting.iptvbillingsolution.com/public/bensbppanel/system/View/View.php(213): CodeIgniter\View\View->CodeIgniter\View\{closure}()
#2 /var/www/vhosts/hosting.iptvbillingsolution.com/public/bensbppanel/system/Common.php(1089): CodeIgniter\View\View->render()
#3 /var/www/vhosts/hosting.iptvbillingsolution.com/public/bensbppanel/app/Controllers/Dashboard.php(24): view()
#4 /var/www/vhosts/hosting.iptvbillingsolution.com/public/bensbppanel/system/CodeIgniter.php(825): App\Controllers\Dashboard->dashboard()
#5 /var/www/vhosts/hosting.iptvbillingsolution.com/public/bensbppanel/system/CodeIgniter.php(412): CodeIgniter\CodeIgniter->runController()
#6 /var/www/vhosts/hosting.iptvbillingsolution.com/public/bensbppanel/system/CodeIgniter.php(320): CodeIgniter\CodeIgniter->handleRequest()
#7 /var/www/vhosts/hosting.iptvbillingsolution.com/public/bensbppanel/index.php(46): CodeIgniter\CodeIgniter->run()
#8 {main}
CRITICAL - 2023-07-27 15:45:54 --> Class 'FriendlyClass' not found
#0 /var/www/vhosts/hosting.iptvbillingsolution.com/public/bensbppanel/system/View/View.php(210): include()
#1 /var/www/vhosts/hosting.iptvbillingsolution.com/public/bensbppanel/system/View/View.php(213): CodeIgniter\View\View->CodeIgniter\View\{closure}()
#2 /var/www/vhosts/hosting.iptvbillingsolution.com/public/bensbppanel/system/Common.php(1089): CodeIgniter\View\View->render()
#3 /var/www/vhosts/hosting.iptvbillingsolution.com/public/bensbppanel/app/Controllers/Dashboard.php(24): view()
#4 /var/www/vhosts/hosting.iptvbillingsolution.com/public/bensbppanel/system/CodeIgniter.php(825): App\Controllers\Dashboard->dashboard()
#5 /var/www/vhosts/hosting.iptvbillingsolution.com/public/bensbppanel/system/CodeIgniter.php(412): CodeIgniter\CodeIgniter->runController()
#6 /var/www/vhosts/hosting.iptvbillingsolution.com/public/bensbppanel/system/CodeIgniter.php(320): CodeIgniter\CodeIgniter->handleRequest()
#7 /var/www/vhosts/hosting.iptvbillingsolution.com/public/bensbppanel/index.php(46): CodeIgniter\CodeIgniter->run()
#8 {main}
CRITICAL - 2023-07-27 15:46:12 --> Call to undefined method App\Controllers\Dashboard::getglobalstoredsettings()
#0 /var/www/vhosts/hosting.iptvbillingsolution.com/public/bensbppanel/system/View/View.php(210): include()
#1 /var/www/vhosts/hosting.iptvbillingsolution.com/public/bensbppanel/system/View/View.php(213): CodeIgniter\View\View->CodeIgniter\View\{closure}()
#2 /var/www/vhosts/hosting.iptvbillingsolution.com/public/bensbppanel/system/Common.php(1089): CodeIgniter\View\View->render()
#3 /var/www/vhosts/hosting.iptvbillingsolution.com/public/bensbppanel/app/Controllers/Dashboard.php(25): view()
#4 /var/www/vhosts/hosting.iptvbillingsolution.com/public/bensbppanel/system/CodeIgniter.php(825): App\Controllers\Dashboard->dashboard()
#5 /var/www/vhosts/hosting.iptvbillingsolution.com/public/bensbppanel/system/CodeIgniter.php(412): CodeIgniter\CodeIgniter->runController()
#6 /var/www/vhosts/hosting.iptvbillingsolution.com/public/bensbppanel/system/CodeIgniter.php(320): CodeIgniter\CodeIgniter->handleRequest()
#7 /var/www/vhosts/hosting.iptvbillingsolution.com/public/bensbppanel/index.php(46): CodeIgniter\CodeIgniter->run()
#8 {main}
CRITICAL - 2023-07-27 15:55:48 --> Class 'App\Models\Smtpmodel' not found
#0 /var/www/vhosts/hosting.iptvbillingsolution.com/public/bensbppanel/system/CodeIgniter.php(802): App\Controllers\Generateapi->__construct()
#1 /var/www/vhosts/hosting.iptvbillingsolution.com/public/bensbppanel/system/CodeIgniter.php(403): CodeIgniter\CodeIgniter->createController()
#2 /var/www/vhosts/hosting.iptvbillingsolution.com/public/bensbppanel/system/CodeIgniter.php(320): CodeIgniter\CodeIgniter->handleRequest()
#3 /var/www/vhosts/hosting.iptvbillingsolution.com/public/bensbppanel/index.php(46): CodeIgniter\CodeIgniter->run()
#4 {main}
CRITICAL - 2023-07-27 15:59:33 --> Call to undefined function App\Controllers\customlogs()
#0 /var/www/vhosts/hosting.iptvbillingsolution.com/public/bensbppanel/system/CodeIgniter.php(825): App\Controllers\Generateapi->generateapi()
#1 /var/www/vhosts/hosting.iptvbillingsolution.com/public/bensbppanel/system/CodeIgniter.php(412): CodeIgniter\CodeIgniter->runController()
#2 /var/www/vhosts/hosting.iptvbillingsolution.com/public/bensbppanel/system/CodeIgniter.php(320): CodeIgniter\CodeIgniter->handleRequest()
#3 /var/www/vhosts/hosting.iptvbillingsolution.com/public/bensbppanel/index.php(46): CodeIgniter\CodeIgniter->run()
#4 {main}
CRITICAL - 2023-07-27 16:00:22 --> Undefined offset: 0
#0 /var/www/vhosts/hosting.iptvbillingsolution.com/public/bensbppanel/app/Controllers/Generateapi.php(81): CodeIgniter\Debug\Exceptions->errorHandler()
#1 /var/www/vhosts/hosting.iptvbillingsolution.com/public/bensbppanel/system/CodeIgniter.php(825): App\Controllers\Generateapi->generateapi()
#2 /var/www/vhosts/hosting.iptvbillingsolution.com/public/bensbppanel/system/CodeIgniter.php(412): CodeIgniter\CodeIgniter->runController()
#3 /var/www/vhosts/hosting.iptvbillingsolution.com/public/bensbppanel/system/CodeIgniter.php(320): CodeIgniter\CodeIgniter->handleRequest()
#4 /var/www/vhosts/hosting.iptvbillingsolution.com/public/bensbppanel/index.php(46): CodeIgniter\CodeIgniter->run()
#5 {main}
CRITICAL - 2023-07-27 16:00:25 --> Undefined offset: 0
#0 /var/www/vhosts/hosting.iptvbillingsolution.com/public/bensbppanel/app/Controllers/Generateapi.php(81): CodeIgniter\Debug\Exceptions->errorHandler()
#1 /var/www/vhosts/hosting.iptvbillingsolution.com/public/bensbppanel/system/CodeIgniter.php(825): App\Controllers\Generateapi->generateapi()
#2 /var/www/vhosts/hosting.iptvbillingsolution.com/public/bensbppanel/system/CodeIgniter.php(412): CodeIgniter\CodeIgniter->runController()
#3 /var/www/vhosts/hosting.iptvbillingsolution.com/public/bensbppanel/system/CodeIgniter.php(320): CodeIgniter\CodeIgniter->handleRequest()
#4 /var/www/vhosts/hosting.iptvbillingsolution.com/public/bensbppanel/index.php(46): CodeIgniter\CodeIgniter->run()
#5 {main}
CRITICAL - 2023-07-27 16:00:32 --> Undefined offset: 0
#0 /var/www/vhosts/hosting.iptvbillingsolution.com/public/bensbppanel/app/Controllers/Generateapi.php(81): CodeIgniter\Debug\Exceptions->errorHandler()
#1 /var/www/vhosts/hosting.iptvbillingsolution.com/public/bensbppanel/system/CodeIgniter.php(825): App\Controllers\Generateapi->generateapi()
#2 /var/www/vhosts/hosting.iptvbillingsolution.com/public/bensbppanel/system/CodeIgniter.php(412): CodeIgniter\CodeIgniter->runController()
#3 /var/www/vhosts/hosting.iptvbillingsolution.com/public/bensbppanel/system/CodeIgniter.php(320): CodeIgniter\CodeIgniter->handleRequest()
#4 /var/www/vhosts/hosting.iptvbillingsolution.com/public/bensbppanel/index.php(46): CodeIgniter\CodeIgniter->run()
#5 {main}
CRITICAL - 2023-07-27 16:00:36 --> Undefined offset: 0
#0 /var/www/vhosts/hosting.iptvbillingsolution.com/public/bensbppanel/app/Controllers/Generateapi.php(81): CodeIgniter\Debug\Exceptions->errorHandler()
#1 /var/www/vhosts/hosting.iptvbillingsolution.com/public/bensbppanel/system/CodeIgniter.php(825): App\Controllers\Generateapi->generateapi()
#2 /var/www/vhosts/hosting.iptvbillingsolution.com/public/bensbppanel/system/CodeIgniter.php(412): CodeIgniter\CodeIgniter->runController()
#3 /var/www/vhosts/hosting.iptvbillingsolution.com/public/bensbppanel/system/CodeIgniter.php(320): CodeIgniter\CodeIgniter->handleRequest()
#4 /var/www/vhosts/hosting.iptvbillingsolution.com/public/bensbppanel/index.php(46): CodeIgniter\CodeIgniter->run()
#5 {main}
CRITICAL - 2023-07-27 16:01:14 --> Undefined offset: 0
#0 /var/www/vhosts/hosting.iptvbillingsolution.com/public/bensbppanel/app/Controllers/Generateapi.php(81): CodeIgniter\Debug\Exceptions->errorHandler()
#1 /var/www/vhosts/hosting.iptvbillingsolution.com/public/bensbppanel/system/CodeIgniter.php(825): App\Controllers\Generateapi->generateapi()
#2 /var/www/vhosts/hosting.iptvbillingsolution.com/public/bensbppanel/system/CodeIgniter.php(412): CodeIgniter\CodeIgniter->runController()
#3 /var/www/vhosts/hosting.iptvbillingsolution.com/public/bensbppanel/system/CodeIgniter.php(320): CodeIgniter\CodeIgniter->handleRequest()
#4 /var/www/vhosts/hosting.iptvbillingsolution.com/public/bensbppanel/index.php(46): CodeIgniter\CodeIgniter->run()
#5 {main}
CRITICAL - 2023-07-27 16:01:17 --> Undefined offset: 0
#0 /var/www/vhosts/hosting.iptvbillingsolution.com/public/bensbppanel/app/Controllers/Generateapi.php(81): CodeIgniter\Debug\Exceptions->errorHandler()
#1 /var/www/vhosts/hosting.iptvbillingsolution.com/public/bensbppanel/system/CodeIgniter.php(825): App\Controllers\Generateapi->generateapi()
#2 /var/www/vhosts/hosting.iptvbillingsolution.com/public/bensbppanel/system/CodeIgniter.php(412): CodeIgniter\CodeIgniter->runController()
#3 /var/www/vhosts/hosting.iptvbillingsolution.com/public/bensbppanel/system/CodeIgniter.php(320): CodeIgniter\CodeIgniter->handleRequest()
#4 /var/www/vhosts/hosting.iptvbillingsolution.com/public/bensbppanel/index.php(46): CodeIgniter\CodeIgniter->run()
#5 {main}
ERROR - 2023-07-27 16:05:39 --> Table 'bensbp.tbl_smtp' doesn't exist
CRITICAL - 2023-07-27 16:05:39 --> Table 'bensbp.tbl_smtp' doesn't exist
#0 /var/www/vhosts/hosting.iptvbillingsolution.com/public/bensbppanel/system/Database/MySQLi/Connection.php(292): mysqli->query()
#1 /var/www/vhosts/hosting.iptvbillingsolution.com/public/bensbppanel/system/Database/BaseConnection.php(670): CodeIgniter\Database\MySQLi\Connection->execute()
#2 /var/www/vhosts/hosting.iptvbillingsolution.com/public/bensbppanel/system/Database/BaseConnection.php(598): CodeIgniter\Database\BaseConnection->simpleQuery()
#3 /var/www/vhosts/hosting.iptvbillingsolution.com/public/bensbppanel/system/Database/BaseBuilder.php(1539): CodeIgniter\Database\BaseConnection->query()
#4 /var/www/vhosts/hosting.iptvbillingsolution.com/public/bensbppanel/app/Controllers/Generateapi.php(138): CodeIgniter\Database\BaseBuilder->countAllResults()
#5 /var/www/vhosts/hosting.iptvbillingsolution.com/public/bensbppanel/system/CodeIgniter.php(825): App\Controllers\Generateapi->sendmailtoadmin()
#6 /var/www/vhosts/hosting.iptvbillingsolution.com/public/bensbppanel/system/CodeIgniter.php(412): CodeIgniter\CodeIgniter->runController()
#7 /var/www/vhosts/hosting.iptvbillingsolution.com/public/bensbppanel/system/CodeIgniter.php(320): CodeIgniter\CodeIgniter->handleRequest()
#8 /var/www/vhosts/hosting.iptvbillingsolution.com/public/bensbppanel/index.php(46): CodeIgniter\CodeIgniter->run()
#9 {main}
CRITICAL - 2023-07-27 16:12:53 --> Call to undefined function App\Controllers\customlogs()
#0 /var/www/vhosts/hosting.iptvbillingsolution.com/public/bensbppanel/system/CodeIgniter.php(825): App\Controllers\Profile->profile()
#1 /var/www/vhosts/hosting.iptvbillingsolution.com/public/bensbppanel/system/CodeIgniter.php(412): CodeIgniter\CodeIgniter->runController()
#2 /var/www/vhosts/hosting.iptvbillingsolution.com/public/bensbppanel/system/CodeIgniter.php(320): CodeIgniter\CodeIgniter->handleRequest()
#3 /var/www/vhosts/hosting.iptvbillingsolution.com/public/bensbppanel/index.php(46): CodeIgniter\CodeIgniter->run()
#4 {main}
CRITICAL - 2023-07-27 16:43:54 --> Class 'App\Models\Firebasedevicemodel' not found
#0 /var/www/vhosts/hosting.iptvbillingsolution.com/public/bensbppanel/system/CodeIgniter.php(802): App\Controllers\Api->__construct()
#1 /var/www/vhosts/hosting.iptvbillingsolution.com/public/bensbppanel/system/CodeIgniter.php(403): CodeIgniter\CodeIgniter->createController()
#2 /var/www/vhosts/hosting.iptvbillingsolution.com/public/bensbppanel/system/CodeIgniter.php(320): CodeIgniter\CodeIgniter->handleRequest()
#3 /var/www/vhosts/hosting.iptvbillingsolution.com/public/bensbppanel/index.php(46): CodeIgniter\CodeIgniter->run()
#4 {main}
