ERROR - 2023-07-05 14:54:42 --> Unknown column 'text' in 'field list'
CRITICAL - 2023-07-05 14:54:42 --> Call to a member function getResultArray() on bool
#0 /var/www/vhosts/hosting.iptvbillingsolution.com/public/sbp/system/CodeIgniter.php(825): App\Controllers\Api->api()
#1 /var/www/vhosts/hosting.iptvbillingsolution.com/public/sbp/system/CodeIgniter.php(412): CodeIgniter\CodeIgniter->runController()
#2 /var/www/vhosts/hosting.iptvbillingsolution.com/public/sbp/system/CodeIgniter.php(320): CodeIgniter\CodeIgniter->handleRequest()
#3 /var/www/vhosts/hosting.iptvbillingsolution.com/public/sbp/index.php(46): CodeIgniter\CodeIgniter->run()
#4 {main}
ERROR - 2023-07-05 14:55:39 --> Unknown column 'text' in 'field list'
CRITICAL - 2023-07-05 14:55:39 --> Call to a member function getResultArray() on bool
#0 /var/www/vhosts/hosting.iptvbillingsolution.com/public/sbp/system/CodeIgniter.php(825): App\Controllers\Api->api()
#1 /var/www/vhosts/hosting.iptvbillingsolution.com/public/sbp/system/CodeIgniter.php(412): CodeIgniter\CodeIgniter->runController()
#2 /var/www/vhosts/hosting.iptvbillingsolution.com/public/sbp/system/CodeIgniter.php(320): CodeIgniter\CodeIgniter->handleRequest()
#3 /var/www/vhosts/hosting.iptvbillingsolution.com/public/sbp/index.php(46): CodeIgniter\CodeIgniter->run()
#4 {main}
ERROR - 2023-07-05 14:57:20 --> Unknown column 'text' in 'field list'
CRITICAL - 2023-07-05 14:57:20 --> Call to a member function getResultArray() on bool
#0 /var/www/vhosts/hosting.iptvbillingsolution.com/public/sbp/system/CodeIgniter.php(825): App\Controllers\Api->api()
#1 /var/www/vhosts/hosting.iptvbillingsolution.com/public/sbp/system/CodeIgniter.php(412): CodeIgniter\CodeIgniter->runController()
#2 /var/www/vhosts/hosting.iptvbillingsolution.com/public/sbp/system/CodeIgniter.php(320): CodeIgniter\CodeIgniter->handleRequest()
#3 /var/www/vhosts/hosting.iptvbillingsolution.com/public/sbp/index.php(46): CodeIgniter\CodeIgniter->run()
#4 {main}
ERROR - 2023-07-05 14:57:24 --> Unknown column 'text' in 'field list'
CRITICAL - 2023-07-05 14:57:24 --> Call to a member function getResultArray() on bool
#0 /var/www/vhosts/hosting.iptvbillingsolution.com/public/sbp/system/CodeIgniter.php(825): App\Controllers\Api->api()
#1 /var/www/vhosts/hosting.iptvbillingsolution.com/public/sbp/system/CodeIgniter.php(412): CodeIgniter\CodeIgniter->runController()
#2 /var/www/vhosts/hosting.iptvbillingsolution.com/public/sbp/system/CodeIgniter.php(320): CodeIgniter\CodeIgniter->handleRequest()
#3 /var/www/vhosts/hosting.iptvbillingsolution.com/public/sbp/index.php(46): CodeIgniter\CodeIgniter->run()
#4 {main}
ERROR - 2023-07-05 14:57:26 --> Unknown column 'text' in 'field list'
CRITICAL - 2023-07-05 14:57:26 --> Call to a member function getResultArray() on bool
#0 /var/www/vhosts/hosting.iptvbillingsolution.com/public/sbp/system/CodeIgniter.php(825): App\Controllers\Api->api()
#1 /var/www/vhosts/hosting.iptvbillingsolution.com/public/sbp/system/CodeIgniter.php(412): CodeIgniter\CodeIgniter->runController()
#2 /var/www/vhosts/hosting.iptvbillingsolution.com/public/sbp/system/CodeIgniter.php(320): CodeIgniter\CodeIgniter->handleRequest()
#3 /var/www/vhosts/hosting.iptvbillingsolution.com/public/sbp/index.php(46): CodeIgniter\CodeIgniter->run()
#4 {main}
ERROR - 2023-07-05 14:57:37 --> Unknown column 'text' in 'field list'
CRITICAL - 2023-07-05 14:57:37 --> Call to a member function getResultArray() on bool
#0 /var/www/vhosts/hosting.iptvbillingsolution.com/public/sbp/system/CodeIgniter.php(825): App\Controllers\Api->api()
#1 /var/www/vhosts/hosting.iptvbillingsolution.com/public/sbp/system/CodeIgniter.php(412): CodeIgniter\CodeIgniter->runController()
#2 /var/www/vhosts/hosting.iptvbillingsolution.com/public/sbp/system/CodeIgniter.php(320): CodeIgniter\CodeIgniter->handleRequest()
#3 /var/www/vhosts/hosting.iptvbillingsolution.com/public/sbp/index.php(46): CodeIgniter\CodeIgniter->run()
#4 {main}
ERROR - 2023-07-05 14:57:41 --> Unknown column 'text' in 'field list'
CRITICAL - 2023-07-05 14:57:41 --> Call to a member function getResultArray() on bool
#0 /var/www/vhosts/hosting.iptvbillingsolution.com/public/sbp/system/CodeIgniter.php(825): App\Controllers\Api->api()
#1 /var/www/vhosts/hosting.iptvbillingsolution.com/public/sbp/system/CodeIgniter.php(412): CodeIgniter\CodeIgniter->runController()
#2 /var/www/vhosts/hosting.iptvbillingsolution.com/public/sbp/system/CodeIgniter.php(320): CodeIgniter\CodeIgniter->handleRequest()
#3 /var/www/vhosts/hosting.iptvbillingsolution.com/public/sbp/index.php(46): CodeIgniter\CodeIgniter->run()
#4 {main}
ERROR - 2023-07-05 14:57:42 --> Unknown column 'text' in 'field list'
CRITICAL - 2023-07-05 14:57:42 --> Call to a member function getResultArray() on bool
#0 /var/www/vhosts/hosting.iptvbillingsolution.com/public/sbp/system/CodeIgniter.php(825): App\Controllers\Api->api()
#1 /var/www/vhosts/hosting.iptvbillingsolution.com/public/sbp/system/CodeIgniter.php(412): CodeIgniter\CodeIgniter->runController()
#2 /var/www/vhosts/hosting.iptvbillingsolution.com/public/sbp/system/CodeIgniter.php(320): CodeIgniter\CodeIgniter->handleRequest()
#3 /var/www/vhosts/hosting.iptvbillingsolution.com/public/sbp/index.php(46): CodeIgniter\CodeIgniter->run()
#4 {main}
ERROR - 2023-07-05 14:57:44 --> Unknown column 'text' in 'field list'
CRITICAL - 2023-07-05 14:57:44 --> Call to a member function getResultArray() on bool
#0 /var/www/vhosts/hosting.iptvbillingsolution.com/public/sbp/system/CodeIgniter.php(825): App\Controllers\Api->api()
#1 /var/www/vhosts/hosting.iptvbillingsolution.com/public/sbp/system/CodeIgniter.php(412): CodeIgniter\CodeIgniter->runController()
#2 /var/www/vhosts/hosting.iptvbillingsolution.com/public/sbp/system/CodeIgniter.php(320): CodeIgniter\CodeIgniter->handleRequest()
#3 /var/www/vhosts/hosting.iptvbillingsolution.com/public/sbp/index.php(46): CodeIgniter\CodeIgniter->run()
#4 {main}
ERROR - 2023-07-05 14:57:48 --> Unknown column 'text' in 'field list'
CRITICAL - 2023-07-05 14:57:48 --> Call to a member function getResultArray() on bool
#0 /var/www/vhosts/hosting.iptvbillingsolution.com/public/sbp/system/CodeIgniter.php(825): App\Controllers\Api->api()
#1 /var/www/vhosts/hosting.iptvbillingsolution.com/public/sbp/system/CodeIgniter.php(412): CodeIgniter\CodeIgniter->runController()
#2 /var/www/vhosts/hosting.iptvbillingsolution.com/public/sbp/system/CodeIgniter.php(320): CodeIgniter\CodeIgniter->handleRequest()
#3 /var/www/vhosts/hosting.iptvbillingsolution.com/public/sbp/index.php(46): CodeIgniter\CodeIgniter->run()
#4 {main}
ERROR - 2023-07-05 15:07:39 --> Unknown column 'text' in 'field list'
CRITICAL - 2023-07-05 15:07:39 --> Call to a member function getResultArray() on bool
#0 /var/www/vhosts/hosting.iptvbillingsolution.com/public/sbp/system/CodeIgniter.php(825): App\Controllers\Api->api()
#1 /var/www/vhosts/hosting.iptvbillingsolution.com/public/sbp/system/CodeIgniter.php(412): CodeIgniter\CodeIgniter->runController()
#2 /var/www/vhosts/hosting.iptvbillingsolution.com/public/sbp/system/CodeIgniter.php(320): CodeIgniter\CodeIgniter->handleRequest()
#3 /var/www/vhosts/hosting.iptvbillingsolution.com/public/sbp/index.php(46): CodeIgniter\CodeIgniter->run()
#4 {main}
ERROR - 2023-07-05 15:08:15 --> Unknown column 'text' in 'field list'
CRITICAL - 2023-07-05 15:08:15 --> Call to a member function getResultArray() on bool
#0 /var/www/vhosts/hosting.iptvbillingsolution.com/public/sbp/system/CodeIgniter.php(825): App\Controllers\Api->api()
#1 /var/www/vhosts/hosting.iptvbillingsolution.com/public/sbp/system/CodeIgniter.php(412): CodeIgniter\CodeIgniter->runController()
#2 /var/www/vhosts/hosting.iptvbillingsolution.com/public/sbp/system/CodeIgniter.php(320): CodeIgniter\CodeIgniter->handleRequest()
#3 /var/www/vhosts/hosting.iptvbillingsolution.com/public/sbp/index.php(46): CodeIgniter\CodeIgniter->run()
#4 {main}
ERROR - 2023-07-05 18:22:56 --> Unknown column 'text' in 'field list'
CRITICAL - 2023-07-05 18:22:56 --> Call to a member function getResultArray() on bool
#0 /var/www/vhosts/hosting.iptvbillingsolution.com/public/sbp/system/CodeIgniter.php(825): App\Controllers\Api->api()
#1 /var/www/vhosts/hosting.iptvbillingsolution.com/public/sbp/system/CodeIgniter.php(412): CodeIgniter\CodeIgniter->runController()
#2 /var/www/vhosts/hosting.iptvbillingsolution.com/public/sbp/system/CodeIgniter.php(320): CodeIgniter\CodeIgniter->handleRequest()
#3 /var/www/vhosts/hosting.iptvbillingsolution.com/public/sbp/index.php(46): CodeIgniter\CodeIgniter->run()
#4 {main}
ERROR - 2023-07-05 18:42:35 --> Unknown column 'text' in 'field list'
CRITICAL - 2023-07-05 18:42:35 --> Call to a member function getResultArray() on bool
#0 /var/www/vhosts/hosting.iptvbillingsolution.com/public/sbp/system/CodeIgniter.php(825): App\Controllers\Api->api()
#1 /var/www/vhosts/hosting.iptvbillingsolution.com/public/sbp/system/CodeIgniter.php(412): CodeIgniter\CodeIgniter->runController()
#2 /var/www/vhosts/hosting.iptvbillingsolution.com/public/sbp/system/CodeIgniter.php(320): CodeIgniter\CodeIgniter->handleRequest()
#3 /var/www/vhosts/hosting.iptvbillingsolution.com/public/sbp/index.php(46): CodeIgniter\CodeIgniter->run()
#4 {main}
ERROR - 2023-07-05 18:42:48 --> Unknown column 'text' in 'field list'
CRITICAL - 2023-07-05 18:42:48 --> Call to a member function getResultArray() on bool
#0 /var/www/vhosts/hosting.iptvbillingsolution.com/public/sbp/system/CodeIgniter.php(825): App\Controllers\Api->api()
#1 /var/www/vhosts/hosting.iptvbillingsolution.com/public/sbp/system/CodeIgniter.php(412): CodeIgniter\CodeIgniter->runController()
#2 /var/www/vhosts/hosting.iptvbillingsolution.com/public/sbp/system/CodeIgniter.php(320): CodeIgniter\CodeIgniter->handleRequest()
#3 /var/www/vhosts/hosting.iptvbillingsolution.com/public/sbp/index.php(46): CodeIgniter\CodeIgniter->run()
#4 {main}
ERROR - 2023-07-05 19:22:41 --> Unknown column 'text' in 'field list'
CRITICAL - 2023-07-05 19:22:41 --> Call to a member function getResultArray() on bool
#0 /var/www/vhosts/hosting.iptvbillingsolution.com/public/sbp/system/CodeIgniter.php(825): App\Controllers\Api->api()
#1 /var/www/vhosts/hosting.iptvbillingsolution.com/public/sbp/system/CodeIgniter.php(412): CodeIgniter\CodeIgniter->runController()
#2 /var/www/vhosts/hosting.iptvbillingsolution.com/public/sbp/system/CodeIgniter.php(320): CodeIgniter\CodeIgniter->handleRequest()
#3 /var/www/vhosts/hosting.iptvbillingsolution.com/public/sbp/index.php(46): CodeIgniter\CodeIgniter->run()
#4 {main}
ERROR - 2023-07-05 19:23:05 --> Unknown column 'text' in 'field list'
CRITICAL - 2023-07-05 19:23:05 --> Call to a member function getResultArray() on bool
#0 /var/www/vhosts/hosting.iptvbillingsolution.com/public/sbp/system/CodeIgniter.php(825): App\Controllers\Api->api()
#1 /var/www/vhosts/hosting.iptvbillingsolution.com/public/sbp/system/CodeIgniter.php(412): CodeIgniter\CodeIgniter->runController()
#2 /var/www/vhosts/hosting.iptvbillingsolution.com/public/sbp/system/CodeIgniter.php(320): CodeIgniter\CodeIgniter->handleRequest()
#3 /var/www/vhosts/hosting.iptvbillingsolution.com/public/sbp/index.php(46): CodeIgniter\CodeIgniter->run()
#4 {main}
ERROR - 2023-07-05 19:23:07 --> Unknown column 'text' in 'field list'
CRITICAL - 2023-07-05 19:23:07 --> Call to a member function getResultArray() on bool
#0 /var/www/vhosts/hosting.iptvbillingsolution.com/public/sbp/system/CodeIgniter.php(825): App\Controllers\Api->api()
#1 /var/www/vhosts/hosting.iptvbillingsolution.com/public/sbp/system/CodeIgniter.php(412): CodeIgniter\CodeIgniter->runController()
#2 /var/www/vhosts/hosting.iptvbillingsolution.com/public/sbp/system/CodeIgniter.php(320): CodeIgniter\CodeIgniter->handleRequest()
#3 /var/www/vhosts/hosting.iptvbillingsolution.com/public/sbp/index.php(46): CodeIgniter\CodeIgniter->run()
#4 {main}
ERROR - 2023-07-05 19:23:10 --> Unknown column 'text' in 'field list'
CRITICAL - 2023-07-05 19:23:10 --> Call to a member function getResultArray() on bool
#0 /var/www/vhosts/hosting.iptvbillingsolution.com/public/sbp/system/CodeIgniter.php(825): App\Controllers\Api->api()
#1 /var/www/vhosts/hosting.iptvbillingsolution.com/public/sbp/system/CodeIgniter.php(412): CodeIgniter\CodeIgniter->runController()
#2 /var/www/vhosts/hosting.iptvbillingsolution.com/public/sbp/system/CodeIgniter.php(320): CodeIgniter\CodeIgniter->handleRequest()
#3 /var/www/vhosts/hosting.iptvbillingsolution.com/public/sbp/index.php(46): CodeIgniter\CodeIgniter->run()
#4 {main}
ERROR - 2023-07-05 19:23:14 --> Unknown column 'text' in 'field list'
CRITICAL - 2023-07-05 19:23:14 --> Call to a member function getResultArray() on bool
#0 /var/www/vhosts/hosting.iptvbillingsolution.com/public/sbp/system/CodeIgniter.php(825): App\Controllers\Api->api()
#1 /var/www/vhosts/hosting.iptvbillingsolution.com/public/sbp/system/CodeIgniter.php(412): CodeIgniter\CodeIgniter->runController()
#2 /var/www/vhosts/hosting.iptvbillingsolution.com/public/sbp/system/CodeIgniter.php(320): CodeIgniter\CodeIgniter->handleRequest()
#3 /var/www/vhosts/hosting.iptvbillingsolution.com/public/sbp/index.php(46): CodeIgniter\CodeIgniter->run()
#4 {main}
ERROR - 2023-07-05 19:24:06 --> Unknown column 'text' in 'field list'
CRITICAL - 2023-07-05 19:24:06 --> Call to a member function getResultArray() on bool
#0 /var/www/vhosts/hosting.iptvbillingsolution.com/public/sbp/system/CodeIgniter.php(825): App\Controllers\Api->api()
#1 /var/www/vhosts/hosting.iptvbillingsolution.com/public/sbp/system/CodeIgniter.php(412): CodeIgniter\CodeIgniter->runController()
#2 /var/www/vhosts/hosting.iptvbillingsolution.com/public/sbp/system/CodeIgniter.php(320): CodeIgniter\CodeIgniter->handleRequest()
#3 /var/www/vhosts/hosting.iptvbillingsolution.com/public/sbp/index.php(46): CodeIgniter\CodeIgniter->run()
#4 {main}
ERROR - 2023-07-05 19:25:00 --> Unknown column 'text' in 'field list'
CRITICAL - 2023-07-05 19:25:00 --> Call to a member function getResultArray() on bool
#0 /var/www/vhosts/hosting.iptvbillingsolution.com/public/sbp/system/CodeIgniter.php(825): App\Controllers\Api->api()
#1 /var/www/vhosts/hosting.iptvbillingsolution.com/public/sbp/system/CodeIgniter.php(412): CodeIgniter\CodeIgniter->runController()
#2 /var/www/vhosts/hosting.iptvbillingsolution.com/public/sbp/system/CodeIgniter.php(320): CodeIgniter\CodeIgniter->handleRequest()
#3 /var/www/vhosts/hosting.iptvbillingsolution.com/public/sbp/index.php(46): CodeIgniter\CodeIgniter->run()
#4 {main}
ERROR - 2023-07-05 19:32:25 --> Unknown column 'text' in 'field list'
CRITICAL - 2023-07-05 19:32:25 --> Call to a member function getResultArray() on bool
#0 /var/www/vhosts/hosting.iptvbillingsolution.com/public/sbp/system/CodeIgniter.php(825): App\Controllers\Api->api()
#1 /var/www/vhosts/hosting.iptvbillingsolution.com/public/sbp/system/CodeIgniter.php(412): CodeIgniter\CodeIgniter->runController()
#2 /var/www/vhosts/hosting.iptvbillingsolution.com/public/sbp/system/CodeIgniter.php(320): CodeIgniter\CodeIgniter->handleRequest()
#3 /var/www/vhosts/hosting.iptvbillingsolution.com/public/sbp/index.php(46): CodeIgniter\CodeIgniter->run()
#4 {main}
ERROR - 2023-07-05 19:32:51 --> Unknown column 'text' in 'field list'
CRITICAL - 2023-07-05 19:32:51 --> Call to a member function getResultArray() on bool
#0 /var/www/vhosts/hosting.iptvbillingsolution.com/public/sbp/system/CodeIgniter.php(825): App\Controllers\Api->api()
#1 /var/www/vhosts/hosting.iptvbillingsolution.com/public/sbp/system/CodeIgniter.php(412): CodeIgniter\CodeIgniter->runController()
#2 /var/www/vhosts/hosting.iptvbillingsolution.com/public/sbp/system/CodeIgniter.php(320): CodeIgniter\CodeIgniter->handleRequest()
#3 /var/www/vhosts/hosting.iptvbillingsolution.com/public/sbp/index.php(46): CodeIgniter\CodeIgniter->run()
#4 {main}
ERROR - 2023-07-05 19:45:20 --> Unknown column 'text' in 'field list'
CRITICAL - 2023-07-05 19:45:20 --> Call to a member function getResultArray() on bool
#0 /var/www/vhosts/hosting.iptvbillingsolution.com/public/sbp/system/CodeIgniter.php(825): App\Controllers\Api->api()
#1 /var/www/vhosts/hosting.iptvbillingsolution.com/public/sbp/system/CodeIgniter.php(412): CodeIgniter\CodeIgniter->runController()
#2 /var/www/vhosts/hosting.iptvbillingsolution.com/public/sbp/system/CodeIgniter.php(320): CodeIgniter\CodeIgniter->handleRequest()
#3 /var/www/vhosts/hosting.iptvbillingsolution.com/public/sbp/index.php(46): CodeIgniter\CodeIgniter->run()
#4 {main}
