CRITICAL - 2023-02-01 13:57:36 --> Undefined variable: smtpmodel
#0 /var/www/vhosts/hosting.iptvbillingsolution.com/public/sbp/app/Controllers/Forgetpassword.php(17): CodeIgniter\Debug\Exceptions->errorHandler()
#1 /var/www/vhosts/hosting.iptvbillingsolution.com/public/sbp/system/CodeIgniter.php(825): App\Controllers\Forgetpassword->forgetpass()
#2 /var/www/vhosts/hosting.iptvbillingsolution.com/public/sbp/system/CodeIgniter.php(412): CodeIgniter\CodeIgniter->runController()
#3 /var/www/vhosts/hosting.iptvbillingsolution.com/public/sbp/system/CodeIgniter.php(320): CodeIgniter\CodeIgniter->handleRequest()
#4 /var/www/vhosts/hosting.iptvbillingsolution.com/public/sbp/index.php(42): CodeIgniter\CodeIgniter->run()
#5 {main}
CRITICAL - 2023-02-01 17:31:13 --> Argument 1 passed to CodeIgniter\Security\Security::sanitizeFilename() must be of the type string, array given, called in /var/www/vhosts/hosting.iptvbillingsolution.com/public/sbp/app/Controllers/Advertisement.php on line 81
#0 /var/www/vhosts/hosting.iptvbillingsolution.com/public/sbp/app/Controllers/Advertisement.php(81): CodeIgniter\Security\Security->sanitizeFilename()
#1 /var/www/vhosts/hosting.iptvbillingsolution.com/public/sbp/system/CodeIgniter.php(825): App\Controllers\Advertisement->advertisement()
#2 /var/www/vhosts/hosting.iptvbillingsolution.com/public/sbp/system/CodeIgniter.php(412): CodeIgniter\CodeIgniter->runController()
#3 /var/www/vhosts/hosting.iptvbillingsolution.com/public/sbp/system/CodeIgniter.php(320): CodeIgniter\CodeIgniter->handleRequest()
#4 /var/www/vhosts/hosting.iptvbillingsolution.com/public/sbp/index.php(42): CodeIgniter\CodeIgniter->run()
#5 {main}
CRITICAL - 2023-02-01 17:31:57 --> Argument 1 passed to CodeIgniter\Security\Security::sanitizeFilename() must be of the type string, array given, called in /var/www/vhosts/hosting.iptvbillingsolution.com/public/sbp/app/Controllers/Advertisement.php on line 81
#0 /var/www/vhosts/hosting.iptvbillingsolution.com/public/sbp/app/Controllers/Advertisement.php(81): CodeIgniter\Security\Security->sanitizeFilename()
#1 /var/www/vhosts/hosting.iptvbillingsolution.com/public/sbp/system/CodeIgniter.php(825): App\Controllers\Advertisement->advertisement()
#2 /var/www/vhosts/hosting.iptvbillingsolution.com/public/sbp/system/CodeIgniter.php(412): CodeIgniter\CodeIgniter->runController()
#3 /var/www/vhosts/hosting.iptvbillingsolution.com/public/sbp/system/CodeIgniter.php(320): CodeIgniter\CodeIgniter->handleRequest()
#4 /var/www/vhosts/hosting.iptvbillingsolution.com/public/sbp/index.php(42): CodeIgniter\CodeIgniter->run()
#5 {main}
CRITICAL - 2023-02-01 17:32:01 --> Argument 1 passed to CodeIgniter\Security\Security::sanitizeFilename() must be of the type string, array given, called in /var/www/vhosts/hosting.iptvbillingsolution.com/public/sbp/app/Controllers/Advertisement.php on line 81
#0 /var/www/vhosts/hosting.iptvbillingsolution.com/public/sbp/app/Controllers/Advertisement.php(81): CodeIgniter\Security\Security->sanitizeFilename()
#1 /var/www/vhosts/hosting.iptvbillingsolution.com/public/sbp/system/CodeIgniter.php(825): App\Controllers\Advertisement->advertisement()
#2 /var/www/vhosts/hosting.iptvbillingsolution.com/public/sbp/system/CodeIgniter.php(412): CodeIgniter\CodeIgniter->runController()
#3 /var/www/vhosts/hosting.iptvbillingsolution.com/public/sbp/system/CodeIgniter.php(320): CodeIgniter\CodeIgniter->handleRequest()
#4 /var/www/vhosts/hosting.iptvbillingsolution.com/public/sbp/index.php(42): CodeIgniter\CodeIgniter->run()
#5 {main}
CRITICAL - 2023-02-01 18:30:52 --> method_exists() expects exactly 2 parameters, 1 given
#0 [internal function]: CodeIgniter\Debug\Exceptions->errorHandler()
#1 /var/www/vhosts/hosting.iptvbillingsolution.com/public/sbp/app/Filters/isLoggedIn.php(19): method_exists()
#2 /var/www/vhosts/hosting.iptvbillingsolution.com/public/sbp/system/Filters/Filters.php(173): App\Filters\isLoggedIn->before()
#3 /var/www/vhosts/hosting.iptvbillingsolution.com/public/sbp/system/CodeIgniter.php(386): CodeIgniter\Filters\Filters->run()
#4 /var/www/vhosts/hosting.iptvbillingsolution.com/public/sbp/system/CodeIgniter.php(320): CodeIgniter\CodeIgniter->handleRequest()
#5 /var/www/vhosts/hosting.iptvbillingsolution.com/public/sbp/index.php(42): CodeIgniter\CodeIgniter->run()
#6 {main}
CRITICAL - 2023-02-01 18:34:18 --> Object of class CodeIgniter\HTTP\RedirectResponse could not be converted to string
#0 /var/www/vhosts/hosting.iptvbillingsolution.com/public/sbp/system/CodeIgniter.php(334): CodeIgniter\CodeIgniter->display404errors()
#1 /var/www/vhosts/hosting.iptvbillingsolution.com/public/sbp/index.php(42): CodeIgniter\CodeIgniter->run()
#2 {main}
CRITICAL - 2023-02-01 18:34:42 --> Object of class CodeIgniter\HTTP\RedirectResponse could not be converted to string
#0 /var/www/vhosts/hosting.iptvbillingsolution.com/public/sbp/system/CodeIgniter.php(334): CodeIgniter\CodeIgniter->display404errors()
#1 /var/www/vhosts/hosting.iptvbillingsolution.com/public/sbp/index.php(42): CodeIgniter\CodeIgniter->run()
#2 {main}
CRITICAL - 2023-02-01 18:34:46 --> Argument 1 passed to CodeIgniter\Security\Security::derandomize() must be of the type string, null given, called in /var/www/vhosts/hosting.iptvbillingsolution.com/public/sbp/system/Security/Security.php on line 284
#0 /var/www/vhosts/hosting.iptvbillingsolution.com/public/sbp/system/Security/Security.php(284): CodeIgniter\Security\Security->derandomize()
#1 /var/www/vhosts/hosting.iptvbillingsolution.com/public/sbp/system/Filters/CSRF.php(53): CodeIgniter\Security\Security->verify()
#2 /var/www/vhosts/hosting.iptvbillingsolution.com/public/sbp/system/Filters/Filters.php(173): CodeIgniter\Filters\CSRF->before()
#3 /var/www/vhosts/hosting.iptvbillingsolution.com/public/sbp/system/CodeIgniter.php(386): CodeIgniter\Filters\Filters->run()
#4 /var/www/vhosts/hosting.iptvbillingsolution.com/public/sbp/system/CodeIgniter.php(320): CodeIgniter\CodeIgniter->handleRequest()
#5 /var/www/vhosts/hosting.iptvbillingsolution.com/public/sbp/index.php(42): CodeIgniter\CodeIgniter->run()
#6 {main}
CRITICAL - 2023-02-01 18:47:23 --> Argument 1 passed to CodeIgniter\Security\Security::derandomize() must be of the type string, null given, called in /var/www/vhosts/hosting.iptvbillingsolution.com/public/sbp/system/Security/Security.php on line 284
#0 /var/www/vhosts/hosting.iptvbillingsolution.com/public/sbp/system/Security/Security.php(284): CodeIgniter\Security\Security->derandomize()
#1 /var/www/vhosts/hosting.iptvbillingsolution.com/public/sbp/system/Filters/CSRF.php(53): CodeIgniter\Security\Security->verify()
#2 /var/www/vhosts/hosting.iptvbillingsolution.com/public/sbp/system/Filters/Filters.php(173): CodeIgniter\Filters\CSRF->before()
#3 /var/www/vhosts/hosting.iptvbillingsolution.com/public/sbp/system/CodeIgniter.php(386): CodeIgniter\Filters\Filters->run()
#4 /var/www/vhosts/hosting.iptvbillingsolution.com/public/sbp/system/CodeIgniter.php(320): CodeIgniter\CodeIgniter->handleRequest()
#5 /var/www/vhosts/hosting.iptvbillingsolution.com/public/sbp/index.php(42): CodeIgniter\CodeIgniter->run()
#6 {main}
CRITICAL - 2023-02-01 18:47:29 --> Argument 1 passed to CodeIgniter\Security\Security::derandomize() must be of the type string, null given, called in /var/www/vhosts/hosting.iptvbillingsolution.com/public/sbp/system/Security/Security.php on line 284
#0 /var/www/vhosts/hosting.iptvbillingsolution.com/public/sbp/system/Security/Security.php(284): CodeIgniter\Security\Security->derandomize()
#1 /var/www/vhosts/hosting.iptvbillingsolution.com/public/sbp/system/Filters/CSRF.php(53): CodeIgniter\Security\Security->verify()
#2 /var/www/vhosts/hosting.iptvbillingsolution.com/public/sbp/system/Filters/Filters.php(173): CodeIgniter\Filters\CSRF->before()
#3 /var/www/vhosts/hosting.iptvbillingsolution.com/public/sbp/system/CodeIgniter.php(386): CodeIgniter\Filters\Filters->run()
#4 /var/www/vhosts/hosting.iptvbillingsolution.com/public/sbp/system/CodeIgniter.php(320): CodeIgniter\CodeIgniter->handleRequest()
#5 /var/www/vhosts/hosting.iptvbillingsolution.com/public/sbp/index.php(42): CodeIgniter\CodeIgniter->run()
#6 {main}
CRITICAL - 2023-02-01 18:47:41 --> Argument 1 passed to CodeIgniter\Security\Security::derandomize() must be of the type string, null given, called in /var/www/vhosts/hosting.iptvbillingsolution.com/public/sbp/system/Security/Security.php on line 284
#0 /var/www/vhosts/hosting.iptvbillingsolution.com/public/sbp/system/Security/Security.php(284): CodeIgniter\Security\Security->derandomize()
#1 /var/www/vhosts/hosting.iptvbillingsolution.com/public/sbp/system/Filters/CSRF.php(53): CodeIgniter\Security\Security->verify()
#2 /var/www/vhosts/hosting.iptvbillingsolution.com/public/sbp/system/Filters/Filters.php(173): CodeIgniter\Filters\CSRF->before()
#3 /var/www/vhosts/hosting.iptvbillingsolution.com/public/sbp/system/CodeIgniter.php(386): CodeIgniter\Filters\Filters->run()
#4 /var/www/vhosts/hosting.iptvbillingsolution.com/public/sbp/system/CodeIgniter.php(320): CodeIgniter\CodeIgniter->handleRequest()
#5 /var/www/vhosts/hosting.iptvbillingsolution.com/public/sbp/index.php(42): CodeIgniter\CodeIgniter->run()
#6 {main}
CRITICAL - 2023-02-01 18:48:05 --> Argument 1 passed to CodeIgniter\Security\Security::derandomize() must be of the type string, null given, called in /var/www/vhosts/hosting.iptvbillingsolution.com/public/sbp/system/Security/Security.php on line 284
#0 /var/www/vhosts/hosting.iptvbillingsolution.com/public/sbp/system/Security/Security.php(284): CodeIgniter\Security\Security->derandomize()
#1 /var/www/vhosts/hosting.iptvbillingsolution.com/public/sbp/system/Filters/CSRF.php(53): CodeIgniter\Security\Security->verify()
#2 /var/www/vhosts/hosting.iptvbillingsolution.com/public/sbp/system/Filters/Filters.php(173): CodeIgniter\Filters\CSRF->before()
#3 /var/www/vhosts/hosting.iptvbillingsolution.com/public/sbp/system/CodeIgniter.php(386): CodeIgniter\Filters\Filters->run()
#4 /var/www/vhosts/hosting.iptvbillingsolution.com/public/sbp/system/CodeIgniter.php(320): CodeIgniter\CodeIgniter->handleRequest()
#5 /var/www/vhosts/hosting.iptvbillingsolution.com/public/sbp/index.php(42): CodeIgniter\CodeIgniter->run()
#6 {main}
CRITICAL - 2023-02-01 18:48:31 --> Argument 1 passed to CodeIgniter\Security\Security::derandomize() must be of the type string, null given, called in /var/www/vhosts/hosting.iptvbillingsolution.com/public/sbp/system/Security/Security.php on line 284
#0 /var/www/vhosts/hosting.iptvbillingsolution.com/public/sbp/system/Security/Security.php(284): CodeIgniter\Security\Security->derandomize()
#1 /var/www/vhosts/hosting.iptvbillingsolution.com/public/sbp/system/Filters/CSRF.php(53): CodeIgniter\Security\Security->verify()
#2 /var/www/vhosts/hosting.iptvbillingsolution.com/public/sbp/system/Filters/Filters.php(173): CodeIgniter\Filters\CSRF->before()
#3 /var/www/vhosts/hosting.iptvbillingsolution.com/public/sbp/system/CodeIgniter.php(386): CodeIgniter\Filters\Filters->run()
#4 /var/www/vhosts/hosting.iptvbillingsolution.com/public/sbp/system/CodeIgniter.php(320): CodeIgniter\CodeIgniter->handleRequest()
#5 /var/www/vhosts/hosting.iptvbillingsolution.com/public/sbp/index.php(42): CodeIgniter\CodeIgniter->run()
#6 {main}
CRITICAL - 2023-02-01 18:49:48 --> Argument 1 passed to CodeIgniter\Security\Security::derandomize() must be of the type string, null given, called in /var/www/vhosts/hosting.iptvbillingsolution.com/public/sbp/system/Security/Security.php on line 284
#0 /var/www/vhosts/hosting.iptvbillingsolution.com/public/sbp/system/Security/Security.php(284): CodeIgniter\Security\Security->derandomize()
#1 /var/www/vhosts/hosting.iptvbillingsolution.com/public/sbp/system/Filters/CSRF.php(53): CodeIgniter\Security\Security->verify()
#2 /var/www/vhosts/hosting.iptvbillingsolution.com/public/sbp/system/Filters/Filters.php(173): CodeIgniter\Filters\CSRF->before()
#3 /var/www/vhosts/hosting.iptvbillingsolution.com/public/sbp/system/CodeIgniter.php(386): CodeIgniter\Filters\Filters->run()
#4 /var/www/vhosts/hosting.iptvbillingsolution.com/public/sbp/system/CodeIgniter.php(320): CodeIgniter\CodeIgniter->handleRequest()
#5 /var/www/vhosts/hosting.iptvbillingsolution.com/public/sbp/index.php(42): CodeIgniter\CodeIgniter->run()
#6 {main}
CRITICAL - 2023-02-01 18:50:13 --> Argument 1 passed to CodeIgniter\Security\Security::derandomize() must be of the type string, null given, called in /var/www/vhosts/hosting.iptvbillingsolution.com/public/sbp/system/Security/Security.php on line 284
#0 /var/www/vhosts/hosting.iptvbillingsolution.com/public/sbp/system/Security/Security.php(284): CodeIgniter\Security\Security->derandomize()
#1 /var/www/vhosts/hosting.iptvbillingsolution.com/public/sbp/system/Filters/CSRF.php(53): CodeIgniter\Security\Security->verify()
#2 /var/www/vhosts/hosting.iptvbillingsolution.com/public/sbp/system/Filters/Filters.php(173): CodeIgniter\Filters\CSRF->before()
#3 /var/www/vhosts/hosting.iptvbillingsolution.com/public/sbp/system/CodeIgniter.php(386): CodeIgniter\Filters\Filters->run()
#4 /var/www/vhosts/hosting.iptvbillingsolution.com/public/sbp/system/CodeIgniter.php(320): CodeIgniter\CodeIgniter->handleRequest()
#5 /var/www/vhosts/hosting.iptvbillingsolution.com/public/sbp/index.php(42): CodeIgniter\CodeIgniter->run()
#6 {main}
