ERROR - 2023-07-19 10:34:37 --> Unknown column 'text' in 'field list'
CRITICAL - 2023-07-19 10:34:37 --> Call to a member function getResultArray() on bool
#0 /var/www/vhosts/hosting.iptvbillingsolution.com/public/sbp/system/CodeIgniter.php(825): App\Controllers\Api->api()
#1 /var/www/vhosts/hosting.iptvbillingsolution.com/public/sbp/system/CodeIgniter.php(412): CodeIgniter\CodeIgniter->runController()
#2 /var/www/vhosts/hosting.iptvbillingsolution.com/public/sbp/system/CodeIgniter.php(320): CodeIgniter\CodeIgniter->handleRequest()
#3 /var/www/vhosts/hosting.iptvbillingsolution.com/public/sbp/index.php(46): CodeIgniter\CodeIgniter->run()
#4 {main}
ERROR - 2023-07-19 10:35:32 --> Unknown column 'text' in 'field list'
CRITICAL - 2023-07-19 10:35:32 --> Call to a member function getResultArray() on bool
#0 /var/www/vhosts/hosting.iptvbillingsolution.com/public/sbp/system/CodeIgniter.php(825): App\Controllers\Api->api()
#1 /var/www/vhosts/hosting.iptvbillingsolution.com/public/sbp/system/CodeIgniter.php(412): CodeIgniter\CodeIgniter->runController()
#2 /var/www/vhosts/hosting.iptvbillingsolution.com/public/sbp/system/CodeIgniter.php(320): CodeIgniter\CodeIgniter->handleRequest()
#3 /var/www/vhosts/hosting.iptvbillingsolution.com/public/sbp/index.php(46): CodeIgniter\CodeIgniter->run()
#4 {main}
ERROR - 2023-07-19 10:36:03 --> Unknown column 'text' in 'field list'
CRITICAL - 2023-07-19 10:36:03 --> Call to a member function getResultArray() on bool
#0 /var/www/vhosts/hosting.iptvbillingsolution.com/public/sbp/system/CodeIgniter.php(825): App\Controllers\Api->api()
#1 /var/www/vhosts/hosting.iptvbillingsolution.com/public/sbp/system/CodeIgniter.php(412): CodeIgniter\CodeIgniter->runController()
#2 /var/www/vhosts/hosting.iptvbillingsolution.com/public/sbp/system/CodeIgniter.php(320): CodeIgniter\CodeIgniter->handleRequest()
#3 /var/www/vhosts/hosting.iptvbillingsolution.com/public/sbp/index.php(46): CodeIgniter\CodeIgniter->run()
#4 {main}
ERROR - 2023-07-19 10:36:19 --> Unknown column 'text' in 'field list'
CRITICAL - 2023-07-19 10:36:19 --> Call to a member function getResultArray() on bool
#0 /var/www/vhosts/hosting.iptvbillingsolution.com/public/sbp/system/CodeIgniter.php(825): App\Controllers\Api->api()
#1 /var/www/vhosts/hosting.iptvbillingsolution.com/public/sbp/system/CodeIgniter.php(412): CodeIgniter\CodeIgniter->runController()
#2 /var/www/vhosts/hosting.iptvbillingsolution.com/public/sbp/system/CodeIgniter.php(320): CodeIgniter\CodeIgniter->handleRequest()
#3 /var/www/vhosts/hosting.iptvbillingsolution.com/public/sbp/index.php(46): CodeIgniter\CodeIgniter->run()
#4 {main}
ERROR - 2023-07-19 10:37:12 --> Unknown column 'text' in 'field list'
CRITICAL - 2023-07-19 10:37:12 --> Call to a member function getResultArray() on bool
#0 /var/www/vhosts/hosting.iptvbillingsolution.com/public/sbp/system/CodeIgniter.php(825): App\Controllers\Api->api()
#1 /var/www/vhosts/hosting.iptvbillingsolution.com/public/sbp/system/CodeIgniter.php(412): CodeIgniter\CodeIgniter->runController()
#2 /var/www/vhosts/hosting.iptvbillingsolution.com/public/sbp/system/CodeIgniter.php(320): CodeIgniter\CodeIgniter->handleRequest()
#3 /var/www/vhosts/hosting.iptvbillingsolution.com/public/sbp/index.php(46): CodeIgniter\CodeIgniter->run()
#4 {main}
ERROR - 2023-07-19 10:37:30 --> Unknown column 'text' in 'field list'
CRITICAL - 2023-07-19 10:37:30 --> Call to a member function getResultArray() on bool
#0 /var/www/vhosts/hosting.iptvbillingsolution.com/public/sbp/system/CodeIgniter.php(825): App\Controllers\Api->api()
#1 /var/www/vhosts/hosting.iptvbillingsolution.com/public/sbp/system/CodeIgniter.php(412): CodeIgniter\CodeIgniter->runController()
#2 /var/www/vhosts/hosting.iptvbillingsolution.com/public/sbp/system/CodeIgniter.php(320): CodeIgniter\CodeIgniter->handleRequest()
#3 /var/www/vhosts/hosting.iptvbillingsolution.com/public/sbp/index.php(46): CodeIgniter\CodeIgniter->run()
#4 {main}
CRITICAL - 2023-07-19 13:02:49 --> Argument 2 passed to form_input() must be of the type string, array given, called in /var/www/vhosts/hosting.iptvbillingsolution.com/public/sbp/app/Views/contactus.php on line 46
#0 /var/www/vhosts/hosting.iptvbillingsolution.com/public/sbp/app/Views/contactus.php(46): form_input()
#1 /var/www/vhosts/hosting.iptvbillingsolution.com/public/sbp/system/View/View.php(210): include('/var/www/vhosts...')
#2 /var/www/vhosts/hosting.iptvbillingsolution.com/public/sbp/system/View/View.php(213): CodeIgniter\View\View->CodeIgniter\View\{closure}()
#3 /var/www/vhosts/hosting.iptvbillingsolution.com/public/sbp/system/Common.php(1089): CodeIgniter\View\View->render()
#4 /var/www/vhosts/hosting.iptvbillingsolution.com/public/sbp/app/Controllers/Pageslinks.php(26): view()
#5 /var/www/vhosts/hosting.iptvbillingsolution.com/public/sbp/system/CodeIgniter.php(825): App\Controllers\Pageslinks->contactus()
#6 /var/www/vhosts/hosting.iptvbillingsolution.com/public/sbp/system/CodeIgniter.php(412): CodeIgniter\CodeIgniter->runController()
#7 /var/www/vhosts/hosting.iptvbillingsolution.com/public/sbp/system/CodeIgniter.php(320): CodeIgniter\CodeIgniter->handleRequest()
#8 /var/www/vhosts/hosting.iptvbillingsolution.com/public/sbp/index.php(46): CodeIgniter\CodeIgniter->run()
#9 {main}
CRITICAL - 2023-07-19 13:03:01 --> Argument 2 passed to form_input() must be of the type string, array given, called in /var/www/vhosts/hosting.iptvbillingsolution.com/public/sbp/app/Views/contactus.php on line 46
#0 /var/www/vhosts/hosting.iptvbillingsolution.com/public/sbp/app/Views/contactus.php(46): form_input()
#1 /var/www/vhosts/hosting.iptvbillingsolution.com/public/sbp/system/View/View.php(210): include('/var/www/vhosts...')
#2 /var/www/vhosts/hosting.iptvbillingsolution.com/public/sbp/system/View/View.php(213): CodeIgniter\View\View->CodeIgniter\View\{closure}()
#3 /var/www/vhosts/hosting.iptvbillingsolution.com/public/sbp/system/Common.php(1089): CodeIgniter\View\View->render()
#4 /var/www/vhosts/hosting.iptvbillingsolution.com/public/sbp/app/Controllers/Pageslinks.php(26): view()
#5 /var/www/vhosts/hosting.iptvbillingsolution.com/public/sbp/system/CodeIgniter.php(825): App\Controllers\Pageslinks->contactus()
#6 /var/www/vhosts/hosting.iptvbillingsolution.com/public/sbp/system/CodeIgniter.php(412): CodeIgniter\CodeIgniter->runController()
#7 /var/www/vhosts/hosting.iptvbillingsolution.com/public/sbp/system/CodeIgniter.php(320): CodeIgniter\CodeIgniter->handleRequest()
#8 /var/www/vhosts/hosting.iptvbillingsolution.com/public/sbp/index.php(46): CodeIgniter\CodeIgniter->run()
#9 {main}
CRITICAL - 2023-07-19 15:35:51 --> There is no data to insert.
#0 /var/www/vhosts/hosting.iptvbillingsolution.com/public/sbp/system/BaseModel.php(718): CodeIgniter\Database\Exceptions\DataException::forEmptyDataset()
#1 /var/www/vhosts/hosting.iptvbillingsolution.com/public/sbp/system/Model.php(625): CodeIgniter\BaseModel->insert()
#2 /var/www/vhosts/hosting.iptvbillingsolution.com/public/sbp/app/Controllers/Pageslinks.php(58): CodeIgniter\Model->insert()
#3 /var/www/vhosts/hosting.iptvbillingsolution.com/public/sbp/system/CodeIgniter.php(825): App\Controllers\Pageslinks->contactus()
#4 /var/www/vhosts/hosting.iptvbillingsolution.com/public/sbp/system/CodeIgniter.php(412): CodeIgniter\CodeIgniter->runController()
#5 /var/www/vhosts/hosting.iptvbillingsolution.com/public/sbp/system/CodeIgniter.php(320): CodeIgniter\CodeIgniter->handleRequest()
#6 /var/www/vhosts/hosting.iptvbillingsolution.com/public/sbp/index.php(46): CodeIgniter\CodeIgniter->run()
#7 {main}
CRITICAL - 2023-07-19 15:55:48 --> json_decode() expects parameter 1 to be string, array given
#0 [internal function]: CodeIgniter\Debug\Exceptions->errorHandler()
#1 /var/www/vhosts/hosting.iptvbillingsolution.com/public/sbp/app/Controllers/Api.php(655): json_decode()
#2 /var/www/vhosts/hosting.iptvbillingsolution.com/public/sbp/system/CodeIgniter.php(825): App\Controllers\Api->api()
#3 /var/www/vhosts/hosting.iptvbillingsolution.com/public/sbp/system/CodeIgniter.php(412): CodeIgniter\CodeIgniter->runController()
#4 /var/www/vhosts/hosting.iptvbillingsolution.com/public/sbp/system/CodeIgniter.php(320): CodeIgniter\CodeIgniter->handleRequest()
#5 /var/www/vhosts/hosting.iptvbillingsolution.com/public/sbp/index.php(46): CodeIgniter\CodeIgniter->run()
#6 {main}
CRITICAL - 2023-07-19 15:55:50 --> json_decode() expects parameter 1 to be string, array given
#0 [internal function]: CodeIgniter\Debug\Exceptions->errorHandler()
#1 /var/www/vhosts/hosting.iptvbillingsolution.com/public/sbp/app/Controllers/Api.php(655): json_decode()
#2 /var/www/vhosts/hosting.iptvbillingsolution.com/public/sbp/system/CodeIgniter.php(825): App\Controllers\Api->api()
#3 /var/www/vhosts/hosting.iptvbillingsolution.com/public/sbp/system/CodeIgniter.php(412): CodeIgniter\CodeIgniter->runController()
#4 /var/www/vhosts/hosting.iptvbillingsolution.com/public/sbp/system/CodeIgniter.php(320): CodeIgniter\CodeIgniter->handleRequest()
#5 /var/www/vhosts/hosting.iptvbillingsolution.com/public/sbp/index.php(46): CodeIgniter\CodeIgniter->run()
#6 {main}
ERROR - 2023-07-19 15:57:33 --> Unknown column 'text' in 'field list'
CRITICAL - 2023-07-19 15:57:33 --> Call to a member function getResultArray() on bool
#0 /var/www/vhosts/hosting.iptvbillingsolution.com/public/sbp/system/CodeIgniter.php(825): App\Controllers\Api->api()
#1 /var/www/vhosts/hosting.iptvbillingsolution.com/public/sbp/system/CodeIgniter.php(412): CodeIgniter\CodeIgniter->runController()
#2 /var/www/vhosts/hosting.iptvbillingsolution.com/public/sbp/system/CodeIgniter.php(320): CodeIgniter\CodeIgniter->handleRequest()
#3 /var/www/vhosts/hosting.iptvbillingsolution.com/public/sbp/index.php(46): CodeIgniter\CodeIgniter->run()
#4 {main}
ERROR - 2023-07-19 15:57:35 --> Unknown column 'text' in 'field list'
CRITICAL - 2023-07-19 15:57:35 --> Call to a member function getResultArray() on bool
#0 /var/www/vhosts/hosting.iptvbillingsolution.com/public/sbp/system/CodeIgniter.php(825): App\Controllers\Api->api()
#1 /var/www/vhosts/hosting.iptvbillingsolution.com/public/sbp/system/CodeIgniter.php(412): CodeIgniter\CodeIgniter->runController()
#2 /var/www/vhosts/hosting.iptvbillingsolution.com/public/sbp/system/CodeIgniter.php(320): CodeIgniter\CodeIgniter->handleRequest()
#3 /var/www/vhosts/hosting.iptvbillingsolution.com/public/sbp/index.php(46): CodeIgniter\CodeIgniter->run()
#4 {main}
ERROR - 2023-07-19 15:57:36 --> Unknown column 'text' in 'field list'
CRITICAL - 2023-07-19 15:57:36 --> Call to a member function getResultArray() on bool
#0 /var/www/vhosts/hosting.iptvbillingsolution.com/public/sbp/system/CodeIgniter.php(825): App\Controllers\Api->api()
#1 /var/www/vhosts/hosting.iptvbillingsolution.com/public/sbp/system/CodeIgniter.php(412): CodeIgniter\CodeIgniter->runController()
#2 /var/www/vhosts/hosting.iptvbillingsolution.com/public/sbp/system/CodeIgniter.php(320): CodeIgniter\CodeIgniter->handleRequest()
#3 /var/www/vhosts/hosting.iptvbillingsolution.com/public/sbp/index.php(46): CodeIgniter\CodeIgniter->run()
#4 {main}
CRITICAL - 2023-07-19 15:57:54 --> json_decode() expects parameter 1 to be string, array given
#0 [internal function]: CodeIgniter\Debug\Exceptions->errorHandler()
#1 /var/www/vhosts/hosting.iptvbillingsolution.com/public/sbp/app/Controllers/Api.php(655): json_decode()
#2 /var/www/vhosts/hosting.iptvbillingsolution.com/public/sbp/system/CodeIgniter.php(825): App\Controllers\Api->api()
#3 /var/www/vhosts/hosting.iptvbillingsolution.com/public/sbp/system/CodeIgniter.php(412): CodeIgniter\CodeIgniter->runController()
#4 /var/www/vhosts/hosting.iptvbillingsolution.com/public/sbp/system/CodeIgniter.php(320): CodeIgniter\CodeIgniter->handleRequest()
#5 /var/www/vhosts/hosting.iptvbillingsolution.com/public/sbp/index.php(46): CodeIgniter\CodeIgniter->run()
#6 {main}
ERROR - 2023-07-19 15:58:15 --> Unknown column 'text' in 'field list'
CRITICAL - 2023-07-19 15:58:15 --> Call to a member function getResultArray() on bool
#0 /var/www/vhosts/hosting.iptvbillingsolution.com/public/sbp/system/CodeIgniter.php(825): App\Controllers\Api->api()
#1 /var/www/vhosts/hosting.iptvbillingsolution.com/public/sbp/system/CodeIgniter.php(412): CodeIgniter\CodeIgniter->runController()
#2 /var/www/vhosts/hosting.iptvbillingsolution.com/public/sbp/system/CodeIgniter.php(320): CodeIgniter\CodeIgniter->handleRequest()
#3 /var/www/vhosts/hosting.iptvbillingsolution.com/public/sbp/index.php(46): CodeIgniter\CodeIgniter->run()
#4 {main}
ERROR - 2023-07-19 15:58:17 --> Unknown column 'text' in 'field list'
CRITICAL - 2023-07-19 15:58:17 --> Call to a member function getResultArray() on bool
#0 /var/www/vhosts/hosting.iptvbillingsolution.com/public/sbp/system/CodeIgniter.php(825): App\Controllers\Api->api()
#1 /var/www/vhosts/hosting.iptvbillingsolution.com/public/sbp/system/CodeIgniter.php(412): CodeIgniter\CodeIgniter->runController()
#2 /var/www/vhosts/hosting.iptvbillingsolution.com/public/sbp/system/CodeIgniter.php(320): CodeIgniter\CodeIgniter->handleRequest()
#3 /var/www/vhosts/hosting.iptvbillingsolution.com/public/sbp/index.php(46): CodeIgniter\CodeIgniter->run()
#4 {main}
ERROR - 2023-07-19 15:58:18 --> Unknown column 'text' in 'field list'
CRITICAL - 2023-07-19 15:58:18 --> Call to a member function getResultArray() on bool
#0 /var/www/vhosts/hosting.iptvbillingsolution.com/public/sbp/system/CodeIgniter.php(825): App\Controllers\Api->api()
#1 /var/www/vhosts/hosting.iptvbillingsolution.com/public/sbp/system/CodeIgniter.php(412): CodeIgniter\CodeIgniter->runController()
#2 /var/www/vhosts/hosting.iptvbillingsolution.com/public/sbp/system/CodeIgniter.php(320): CodeIgniter\CodeIgniter->handleRequest()
#3 /var/www/vhosts/hosting.iptvbillingsolution.com/public/sbp/index.php(46): CodeIgniter\CodeIgniter->run()
#4 {main}
ERROR - 2023-07-19 16:01:42 --> Unknown column 'text' in 'field list'
CRITICAL - 2023-07-19 16:01:42 --> Call to a member function getResultArray() on bool
#0 /var/www/vhosts/hosting.iptvbillingsolution.com/public/sbp/system/CodeIgniter.php(825): App\Controllers\Api->api()
#1 /var/www/vhosts/hosting.iptvbillingsolution.com/public/sbp/system/CodeIgniter.php(412): CodeIgniter\CodeIgniter->runController()
#2 /var/www/vhosts/hosting.iptvbillingsolution.com/public/sbp/system/CodeIgniter.php(320): CodeIgniter\CodeIgniter->handleRequest()
#3 /var/www/vhosts/hosting.iptvbillingsolution.com/public/sbp/index.php(46): CodeIgniter\CodeIgniter->run()
#4 {main}
ERROR - 2023-07-19 16:01:44 --> Unknown column 'text' in 'field list'
CRITICAL - 2023-07-19 16:01:44 --> Call to a member function getResultArray() on bool
#0 /var/www/vhosts/hosting.iptvbillingsolution.com/public/sbp/system/CodeIgniter.php(825): App\Controllers\Api->api()
#1 /var/www/vhosts/hosting.iptvbillingsolution.com/public/sbp/system/CodeIgniter.php(412): CodeIgniter\CodeIgniter->runController()
#2 /var/www/vhosts/hosting.iptvbillingsolution.com/public/sbp/system/CodeIgniter.php(320): CodeIgniter\CodeIgniter->handleRequest()
#3 /var/www/vhosts/hosting.iptvbillingsolution.com/public/sbp/index.php(46): CodeIgniter\CodeIgniter->run()
#4 {main}
ERROR - 2023-07-19 16:01:49 --> Unknown column 'text' in 'field list'
CRITICAL - 2023-07-19 16:01:49 --> Call to a member function getResultArray() on bool
#0 /var/www/vhosts/hosting.iptvbillingsolution.com/public/sbp/system/CodeIgniter.php(825): App\Controllers\Api->api()
#1 /var/www/vhosts/hosting.iptvbillingsolution.com/public/sbp/system/CodeIgniter.php(412): CodeIgniter\CodeIgniter->runController()
#2 /var/www/vhosts/hosting.iptvbillingsolution.com/public/sbp/system/CodeIgniter.php(320): CodeIgniter\CodeIgniter->handleRequest()
#3 /var/www/vhosts/hosting.iptvbillingsolution.com/public/sbp/index.php(46): CodeIgniter\CodeIgniter->run()
#4 {main}
ERROR - 2023-07-19 16:01:58 --> Unknown column 'text' in 'field list'
CRITICAL - 2023-07-19 16:01:58 --> Call to a member function getResultArray() on bool
#0 /var/www/vhosts/hosting.iptvbillingsolution.com/public/sbp/system/CodeIgniter.php(825): App\Controllers\Api->api()
#1 /var/www/vhosts/hosting.iptvbillingsolution.com/public/sbp/system/CodeIgniter.php(412): CodeIgniter\CodeIgniter->runController()
#2 /var/www/vhosts/hosting.iptvbillingsolution.com/public/sbp/system/CodeIgniter.php(320): CodeIgniter\CodeIgniter->handleRequest()
#3 /var/www/vhosts/hosting.iptvbillingsolution.com/public/sbp/index.php(46): CodeIgniter\CodeIgniter->run()
#4 {main}
ERROR - 2023-07-19 16:02:19 --> Unknown column 'text' in 'field list'
CRITICAL - 2023-07-19 16:02:19 --> Call to a member function getResultArray() on bool
#0 /var/www/vhosts/hosting.iptvbillingsolution.com/public/sbp/system/CodeIgniter.php(825): App\Controllers\Api->api()
#1 /var/www/vhosts/hosting.iptvbillingsolution.com/public/sbp/system/CodeIgniter.php(412): CodeIgniter\CodeIgniter->runController()
#2 /var/www/vhosts/hosting.iptvbillingsolution.com/public/sbp/system/CodeIgniter.php(320): CodeIgniter\CodeIgniter->handleRequest()
#3 /var/www/vhosts/hosting.iptvbillingsolution.com/public/sbp/index.php(46): CodeIgniter\CodeIgniter->run()
#4 {main}
ERROR - 2023-07-19 16:06:27 --> Unknown column 'text' in 'field list'
CRITICAL - 2023-07-19 16:06:27 --> Call to a member function getResultArray() on bool
#0 /var/www/vhosts/hosting.iptvbillingsolution.com/public/sbp/system/CodeIgniter.php(825): App\Controllers\Api->api()
#1 /var/www/vhosts/hosting.iptvbillingsolution.com/public/sbp/system/CodeIgniter.php(412): CodeIgniter\CodeIgniter->runController()
#2 /var/www/vhosts/hosting.iptvbillingsolution.com/public/sbp/system/CodeIgniter.php(320): CodeIgniter\CodeIgniter->handleRequest()
#3 /var/www/vhosts/hosting.iptvbillingsolution.com/public/sbp/index.php(46): CodeIgniter\CodeIgniter->run()
#4 {main}
ERROR - 2023-07-19 16:08:07 --> Unknown column 'text' in 'field list'
CRITICAL - 2023-07-19 16:08:07 --> Call to a member function getResultArray() on bool
#0 /var/www/vhosts/hosting.iptvbillingsolution.com/public/sbp/system/CodeIgniter.php(825): App\Controllers\Api->api()
#1 /var/www/vhosts/hosting.iptvbillingsolution.com/public/sbp/system/CodeIgniter.php(412): CodeIgniter\CodeIgniter->runController()
#2 /var/www/vhosts/hosting.iptvbillingsolution.com/public/sbp/system/CodeIgniter.php(320): CodeIgniter\CodeIgniter->handleRequest()
#3 /var/www/vhosts/hosting.iptvbillingsolution.com/public/sbp/index.php(46): CodeIgniter\CodeIgniter->run()
#4 {main}
ERROR - 2023-07-19 16:08:08 --> Unknown column 'text' in 'field list'
CRITICAL - 2023-07-19 16:08:08 --> Call to a member function getResultArray() on bool
#0 /var/www/vhosts/hosting.iptvbillingsolution.com/public/sbp/system/CodeIgniter.php(825): App\Controllers\Api->api()
#1 /var/www/vhosts/hosting.iptvbillingsolution.com/public/sbp/system/CodeIgniter.php(412): CodeIgniter\CodeIgniter->runController()
#2 /var/www/vhosts/hosting.iptvbillingsolution.com/public/sbp/system/CodeIgniter.php(320): CodeIgniter\CodeIgniter->handleRequest()
#3 /var/www/vhosts/hosting.iptvbillingsolution.com/public/sbp/index.php(46): CodeIgniter\CodeIgniter->run()
#4 {main}
ERROR - 2023-07-19 16:08:09 --> Unknown column 'text' in 'field list'
CRITICAL - 2023-07-19 16:08:09 --> Call to a member function getResultArray() on bool
#0 /var/www/vhosts/hosting.iptvbillingsolution.com/public/sbp/system/CodeIgniter.php(825): App\Controllers\Api->api()
#1 /var/www/vhosts/hosting.iptvbillingsolution.com/public/sbp/system/CodeIgniter.php(412): CodeIgniter\CodeIgniter->runController()
#2 /var/www/vhosts/hosting.iptvbillingsolution.com/public/sbp/system/CodeIgniter.php(320): CodeIgniter\CodeIgniter->handleRequest()
#3 /var/www/vhosts/hosting.iptvbillingsolution.com/public/sbp/index.php(46): CodeIgniter\CodeIgniter->run()
#4 {main}
CRITICAL - 2023-07-19 16:08:25 --> Cannot use object of type stdClass as array
#0 /var/www/vhosts/hosting.iptvbillingsolution.com/public/sbp/system/CodeIgniter.php(825): App\Controllers\Pageslinks->contactus()
#1 /var/www/vhosts/hosting.iptvbillingsolution.com/public/sbp/system/CodeIgniter.php(412): CodeIgniter\CodeIgniter->runController()
#2 /var/www/vhosts/hosting.iptvbillingsolution.com/public/sbp/system/CodeIgniter.php(320): CodeIgniter\CodeIgniter->handleRequest()
#3 /var/www/vhosts/hosting.iptvbillingsolution.com/public/sbp/index.php(46): CodeIgniter\CodeIgniter->run()
#4 {main}
CRITICAL - 2023-07-19 16:08:27 --> Cannot use object of type stdClass as array
#0 /var/www/vhosts/hosting.iptvbillingsolution.com/public/sbp/system/CodeIgniter.php(825): App\Controllers\Pageslinks->contactus()
#1 /var/www/vhosts/hosting.iptvbillingsolution.com/public/sbp/system/CodeIgniter.php(412): CodeIgniter\CodeIgniter->runController()
#2 /var/www/vhosts/hosting.iptvbillingsolution.com/public/sbp/system/CodeIgniter.php(320): CodeIgniter\CodeIgniter->handleRequest()
#3 /var/www/vhosts/hosting.iptvbillingsolution.com/public/sbp/index.php(46): CodeIgniter\CodeIgniter->run()
#4 {main}
ERROR - 2023-07-19 16:09:02 --> Unknown column 'text' in 'field list'
CRITICAL - 2023-07-19 16:09:02 --> Call to a member function getResultArray() on bool
#0 /var/www/vhosts/hosting.iptvbillingsolution.com/public/sbp/system/CodeIgniter.php(825): App\Controllers\Api->api()
#1 /var/www/vhosts/hosting.iptvbillingsolution.com/public/sbp/system/CodeIgniter.php(412): CodeIgniter\CodeIgniter->runController()
#2 /var/www/vhosts/hosting.iptvbillingsolution.com/public/sbp/system/CodeIgniter.php(320): CodeIgniter\CodeIgniter->handleRequest()
#3 /var/www/vhosts/hosting.iptvbillingsolution.com/public/sbp/index.php(46): CodeIgniter\CodeIgniter->run()
#4 {main}
ERROR - 2023-07-19 16:09:04 --> Unknown column 'text' in 'field list'
CRITICAL - 2023-07-19 16:09:04 --> Call to a member function getResultArray() on bool
#0 /var/www/vhosts/hosting.iptvbillingsolution.com/public/sbp/system/CodeIgniter.php(825): App\Controllers\Api->api()
#1 /var/www/vhosts/hosting.iptvbillingsolution.com/public/sbp/system/CodeIgniter.php(412): CodeIgniter\CodeIgniter->runController()
#2 /var/www/vhosts/hosting.iptvbillingsolution.com/public/sbp/system/CodeIgniter.php(320): CodeIgniter\CodeIgniter->handleRequest()
#3 /var/www/vhosts/hosting.iptvbillingsolution.com/public/sbp/index.php(46): CodeIgniter\CodeIgniter->run()
#4 {main}
ERROR - 2023-07-19 16:09:05 --> Unknown column 'text' in 'field list'
CRITICAL - 2023-07-19 16:09:05 --> Call to a member function getResultArray() on bool
#0 /var/www/vhosts/hosting.iptvbillingsolution.com/public/sbp/system/CodeIgniter.php(825): App\Controllers\Api->api()
#1 /var/www/vhosts/hosting.iptvbillingsolution.com/public/sbp/system/CodeIgniter.php(412): CodeIgniter\CodeIgniter->runController()
#2 /var/www/vhosts/hosting.iptvbillingsolution.com/public/sbp/system/CodeIgniter.php(320): CodeIgniter\CodeIgniter->handleRequest()
#3 /var/www/vhosts/hosting.iptvbillingsolution.com/public/sbp/index.php(46): CodeIgniter\CodeIgniter->run()
#4 {main}
CRITICAL - 2023-07-19 16:09:41 --> Cannot use object of type stdClass as array
#0 /var/www/vhosts/hosting.iptvbillingsolution.com/public/sbp/system/CodeIgniter.php(825): App\Controllers\Pageslinks->contactus()
#1 /var/www/vhosts/hosting.iptvbillingsolution.com/public/sbp/system/CodeIgniter.php(412): CodeIgniter\CodeIgniter->runController()
#2 /var/www/vhosts/hosting.iptvbillingsolution.com/public/sbp/system/CodeIgniter.php(320): CodeIgniter\CodeIgniter->handleRequest()
#3 /var/www/vhosts/hosting.iptvbillingsolution.com/public/sbp/index.php(46): CodeIgniter\CodeIgniter->run()
#4 {main}
CRITICAL - 2023-07-19 16:10:16 --> Cannot use object of type stdClass as array
#0 /var/www/vhosts/hosting.iptvbillingsolution.com/public/sbp/system/CodeIgniter.php(825): App\Controllers\Pageslinks->contactus()
#1 /var/www/vhosts/hosting.iptvbillingsolution.com/public/sbp/system/CodeIgniter.php(412): CodeIgniter\CodeIgniter->runController()
#2 /var/www/vhosts/hosting.iptvbillingsolution.com/public/sbp/system/CodeIgniter.php(320): CodeIgniter\CodeIgniter->handleRequest()
#3 /var/www/vhosts/hosting.iptvbillingsolution.com/public/sbp/index.php(46): CodeIgniter\CodeIgniter->run()
#4 {main}
ERROR - 2023-07-19 16:10:56 --> Unknown column 'text' in 'field list'
CRITICAL - 2023-07-19 16:10:56 --> Call to a member function getResultArray() on bool
#0 /var/www/vhosts/hosting.iptvbillingsolution.com/public/sbp/system/CodeIgniter.php(825): App\Controllers\Api->api()
#1 /var/www/vhosts/hosting.iptvbillingsolution.com/public/sbp/system/CodeIgniter.php(412): CodeIgniter\CodeIgniter->runController()
#2 /var/www/vhosts/hosting.iptvbillingsolution.com/public/sbp/system/CodeIgniter.php(320): CodeIgniter\CodeIgniter->handleRequest()
#3 /var/www/vhosts/hosting.iptvbillingsolution.com/public/sbp/index.php(46): CodeIgniter\CodeIgniter->run()
#4 {main}
ERROR - 2023-07-19 16:10:58 --> Unknown column 'text' in 'field list'
CRITICAL - 2023-07-19 16:10:58 --> Call to a member function getResultArray() on bool
#0 /var/www/vhosts/hosting.iptvbillingsolution.com/public/sbp/system/CodeIgniter.php(825): App\Controllers\Api->api()
#1 /var/www/vhosts/hosting.iptvbillingsolution.com/public/sbp/system/CodeIgniter.php(412): CodeIgniter\CodeIgniter->runController()
#2 /var/www/vhosts/hosting.iptvbillingsolution.com/public/sbp/system/CodeIgniter.php(320): CodeIgniter\CodeIgniter->handleRequest()
#3 /var/www/vhosts/hosting.iptvbillingsolution.com/public/sbp/index.php(46): CodeIgniter\CodeIgniter->run()
#4 {main}
ERROR - 2023-07-19 16:10:59 --> Unknown column 'text' in 'field list'
CRITICAL - 2023-07-19 16:10:59 --> Call to a member function getResultArray() on bool
#0 /var/www/vhosts/hosting.iptvbillingsolution.com/public/sbp/system/CodeIgniter.php(825): App\Controllers\Api->api()
#1 /var/www/vhosts/hosting.iptvbillingsolution.com/public/sbp/system/CodeIgniter.php(412): CodeIgniter\CodeIgniter->runController()
#2 /var/www/vhosts/hosting.iptvbillingsolution.com/public/sbp/system/CodeIgniter.php(320): CodeIgniter\CodeIgniter->handleRequest()
#3 /var/www/vhosts/hosting.iptvbillingsolution.com/public/sbp/index.php(46): CodeIgniter\CodeIgniter->run()
#4 {main}
ERROR - 2023-07-19 16:11:15 --> Unknown column 'text' in 'field list'
CRITICAL - 2023-07-19 16:11:15 --> Call to a member function getResultArray() on bool
#0 /var/www/vhosts/hosting.iptvbillingsolution.com/public/sbp/system/CodeIgniter.php(825): App\Controllers\Api->api()
#1 /var/www/vhosts/hosting.iptvbillingsolution.com/public/sbp/system/CodeIgniter.php(412): CodeIgniter\CodeIgniter->runController()
#2 /var/www/vhosts/hosting.iptvbillingsolution.com/public/sbp/system/CodeIgniter.php(320): CodeIgniter\CodeIgniter->handleRequest()
#3 /var/www/vhosts/hosting.iptvbillingsolution.com/public/sbp/index.php(46): CodeIgniter\CodeIgniter->run()
#4 {main}
ERROR - 2023-07-19 16:11:16 --> Unknown column 'text' in 'field list'
CRITICAL - 2023-07-19 16:11:16 --> Call to a member function getResultArray() on bool
#0 /var/www/vhosts/hosting.iptvbillingsolution.com/public/sbp/system/CodeIgniter.php(825): App\Controllers\Api->api()
#1 /var/www/vhosts/hosting.iptvbillingsolution.com/public/sbp/system/CodeIgniter.php(412): CodeIgniter\CodeIgniter->runController()
#2 /var/www/vhosts/hosting.iptvbillingsolution.com/public/sbp/system/CodeIgniter.php(320): CodeIgniter\CodeIgniter->handleRequest()
#3 /var/www/vhosts/hosting.iptvbillingsolution.com/public/sbp/index.php(46): CodeIgniter\CodeIgniter->run()
#4 {main}
ERROR - 2023-07-19 16:11:18 --> Unknown column 'text' in 'field list'
CRITICAL - 2023-07-19 16:11:18 --> Call to a member function getResultArray() on bool
#0 /var/www/vhosts/hosting.iptvbillingsolution.com/public/sbp/system/CodeIgniter.php(825): App\Controllers\Api->api()
#1 /var/www/vhosts/hosting.iptvbillingsolution.com/public/sbp/system/CodeIgniter.php(412): CodeIgniter\CodeIgniter->runController()
#2 /var/www/vhosts/hosting.iptvbillingsolution.com/public/sbp/system/CodeIgniter.php(320): CodeIgniter\CodeIgniter->handleRequest()
#3 /var/www/vhosts/hosting.iptvbillingsolution.com/public/sbp/index.php(46): CodeIgniter\CodeIgniter->run()
#4 {main}
CRITICAL - 2023-07-19 16:11:22 --> Cannot use object of type stdClass as array
#0 /var/www/vhosts/hosting.iptvbillingsolution.com/public/sbp/system/CodeIgniter.php(825): App\Controllers\Pageslinks->contactus()
#1 /var/www/vhosts/hosting.iptvbillingsolution.com/public/sbp/system/CodeIgniter.php(412): CodeIgniter\CodeIgniter->runController()
#2 /var/www/vhosts/hosting.iptvbillingsolution.com/public/sbp/system/CodeIgniter.php(320): CodeIgniter\CodeIgniter->handleRequest()
#3 /var/www/vhosts/hosting.iptvbillingsolution.com/public/sbp/index.php(46): CodeIgniter\CodeIgniter->run()
#4 {main}
ERROR - 2023-07-19 16:12:25 --> Unknown column 'text' in 'field list'
CRITICAL - 2023-07-19 16:12:25 --> Call to a member function getResultArray() on bool
#0 /var/www/vhosts/hosting.iptvbillingsolution.com/public/sbp/system/CodeIgniter.php(825): App\Controllers\Api->api()
#1 /var/www/vhosts/hosting.iptvbillingsolution.com/public/sbp/system/CodeIgniter.php(412): CodeIgniter\CodeIgniter->runController()
#2 /var/www/vhosts/hosting.iptvbillingsolution.com/public/sbp/system/CodeIgniter.php(320): CodeIgniter\CodeIgniter->handleRequest()
#3 /var/www/vhosts/hosting.iptvbillingsolution.com/public/sbp/index.php(46): CodeIgniter\CodeIgniter->run()
#4 {main}
ERROR - 2023-07-19 16:12:27 --> Unknown column 'text' in 'field list'
CRITICAL - 2023-07-19 16:12:27 --> Call to a member function getResultArray() on bool
#0 /var/www/vhosts/hosting.iptvbillingsolution.com/public/sbp/system/CodeIgniter.php(825): App\Controllers\Api->api()
#1 /var/www/vhosts/hosting.iptvbillingsolution.com/public/sbp/system/CodeIgniter.php(412): CodeIgniter\CodeIgniter->runController()
#2 /var/www/vhosts/hosting.iptvbillingsolution.com/public/sbp/system/CodeIgniter.php(320): CodeIgniter\CodeIgniter->handleRequest()
#3 /var/www/vhosts/hosting.iptvbillingsolution.com/public/sbp/index.php(46): CodeIgniter\CodeIgniter->run()
#4 {main}
ERROR - 2023-07-19 16:12:28 --> Unknown column 'text' in 'field list'
CRITICAL - 2023-07-19 16:12:28 --> Call to a member function getResultArray() on bool
#0 /var/www/vhosts/hosting.iptvbillingsolution.com/public/sbp/system/CodeIgniter.php(825): App\Controllers\Api->api()
#1 /var/www/vhosts/hosting.iptvbillingsolution.com/public/sbp/system/CodeIgniter.php(412): CodeIgniter\CodeIgniter->runController()
#2 /var/www/vhosts/hosting.iptvbillingsolution.com/public/sbp/system/CodeIgniter.php(320): CodeIgniter\CodeIgniter->handleRequest()
#3 /var/www/vhosts/hosting.iptvbillingsolution.com/public/sbp/index.php(46): CodeIgniter\CodeIgniter->run()
#4 {main}
CRITICAL - 2023-07-19 16:12:42 --> Cannot use object of type stdClass as array
#0 /var/www/vhosts/hosting.iptvbillingsolution.com/public/sbp/system/CodeIgniter.php(825): App\Controllers\Pageslinks->contactus()
#1 /var/www/vhosts/hosting.iptvbillingsolution.com/public/sbp/system/CodeIgniter.php(412): CodeIgniter\CodeIgniter->runController()
#2 /var/www/vhosts/hosting.iptvbillingsolution.com/public/sbp/system/CodeIgniter.php(320): CodeIgniter\CodeIgniter->handleRequest()
#3 /var/www/vhosts/hosting.iptvbillingsolution.com/public/sbp/index.php(46): CodeIgniter\CodeIgniter->run()
#4 {main}
ERROR - 2023-07-19 16:13:43 --> Unknown column 'text' in 'field list'
CRITICAL - 2023-07-19 16:13:43 --> Call to a member function getResultArray() on bool
#0 /var/www/vhosts/hosting.iptvbillingsolution.com/public/sbp/system/CodeIgniter.php(825): App\Controllers\Api->api()
#1 /var/www/vhosts/hosting.iptvbillingsolution.com/public/sbp/system/CodeIgniter.php(412): CodeIgniter\CodeIgniter->runController()
#2 /var/www/vhosts/hosting.iptvbillingsolution.com/public/sbp/system/CodeIgniter.php(320): CodeIgniter\CodeIgniter->handleRequest()
#3 /var/www/vhosts/hosting.iptvbillingsolution.com/public/sbp/index.php(46): CodeIgniter\CodeIgniter->run()
#4 {main}
ERROR - 2023-07-19 16:13:44 --> Unknown column 'text' in 'field list'
CRITICAL - 2023-07-19 16:13:44 --> Call to a member function getResultArray() on bool
#0 /var/www/vhosts/hosting.iptvbillingsolution.com/public/sbp/system/CodeIgniter.php(825): App\Controllers\Api->api()
#1 /var/www/vhosts/hosting.iptvbillingsolution.com/public/sbp/system/CodeIgniter.php(412): CodeIgniter\CodeIgniter->runController()
#2 /var/www/vhosts/hosting.iptvbillingsolution.com/public/sbp/system/CodeIgniter.php(320): CodeIgniter\CodeIgniter->handleRequest()
#3 /var/www/vhosts/hosting.iptvbillingsolution.com/public/sbp/index.php(46): CodeIgniter\CodeIgniter->run()
#4 {main}
ERROR - 2023-07-19 16:14:27 --> Unknown column 'text' in 'field list'
CRITICAL - 2023-07-19 16:14:27 --> Call to a member function getResultArray() on bool
#0 /var/www/vhosts/hosting.iptvbillingsolution.com/public/sbp/system/CodeIgniter.php(825): App\Controllers\Api->api()
#1 /var/www/vhosts/hosting.iptvbillingsolution.com/public/sbp/system/CodeIgniter.php(412): CodeIgniter\CodeIgniter->runController()
#2 /var/www/vhosts/hosting.iptvbillingsolution.com/public/sbp/system/CodeIgniter.php(320): CodeIgniter\CodeIgniter->handleRequest()
#3 /var/www/vhosts/hosting.iptvbillingsolution.com/public/sbp/index.php(46): CodeIgniter\CodeIgniter->run()
#4 {main}
ERROR - 2023-07-19 16:14:29 --> Unknown column 'text' in 'field list'
CRITICAL - 2023-07-19 16:14:29 --> Call to a member function getResultArray() on bool
#0 /var/www/vhosts/hosting.iptvbillingsolution.com/public/sbp/system/CodeIgniter.php(825): App\Controllers\Api->api()
#1 /var/www/vhosts/hosting.iptvbillingsolution.com/public/sbp/system/CodeIgniter.php(412): CodeIgniter\CodeIgniter->runController()
#2 /var/www/vhosts/hosting.iptvbillingsolution.com/public/sbp/system/CodeIgniter.php(320): CodeIgniter\CodeIgniter->handleRequest()
#3 /var/www/vhosts/hosting.iptvbillingsolution.com/public/sbp/index.php(46): CodeIgniter\CodeIgniter->run()
#4 {main}
ERROR - 2023-07-19 16:14:30 --> Unknown column 'text' in 'field list'
CRITICAL - 2023-07-19 16:14:30 --> Call to a member function getResultArray() on bool
#0 /var/www/vhosts/hosting.iptvbillingsolution.com/public/sbp/system/CodeIgniter.php(825): App\Controllers\Api->api()
#1 /var/www/vhosts/hosting.iptvbillingsolution.com/public/sbp/system/CodeIgniter.php(412): CodeIgniter\CodeIgniter->runController()
#2 /var/www/vhosts/hosting.iptvbillingsolution.com/public/sbp/system/CodeIgniter.php(320): CodeIgniter\CodeIgniter->handleRequest()
#3 /var/www/vhosts/hosting.iptvbillingsolution.com/public/sbp/index.php(46): CodeIgniter\CodeIgniter->run()
#4 {main}
ERROR - 2023-07-19 16:14:41 --> Unknown column 'text' in 'field list'
CRITICAL - 2023-07-19 16:14:41 --> Call to a member function getResultArray() on bool
#0 /var/www/vhosts/hosting.iptvbillingsolution.com/public/sbp/system/CodeIgniter.php(825): App\Controllers\Api->api()
#1 /var/www/vhosts/hosting.iptvbillingsolution.com/public/sbp/system/CodeIgniter.php(412): CodeIgniter\CodeIgniter->runController()
#2 /var/www/vhosts/hosting.iptvbillingsolution.com/public/sbp/system/CodeIgniter.php(320): CodeIgniter\CodeIgniter->handleRequest()
#3 /var/www/vhosts/hosting.iptvbillingsolution.com/public/sbp/index.php(46): CodeIgniter\CodeIgniter->run()
#4 {main}
ERROR - 2023-07-19 16:14:43 --> Unknown column 'text' in 'field list'
CRITICAL - 2023-07-19 16:14:43 --> Call to a member function getResultArray() on bool
#0 /var/www/vhosts/hosting.iptvbillingsolution.com/public/sbp/system/CodeIgniter.php(825): App\Controllers\Api->api()
#1 /var/www/vhosts/hosting.iptvbillingsolution.com/public/sbp/system/CodeIgniter.php(412): CodeIgniter\CodeIgniter->runController()
#2 /var/www/vhosts/hosting.iptvbillingsolution.com/public/sbp/system/CodeIgniter.php(320): CodeIgniter\CodeIgniter->handleRequest()
#3 /var/www/vhosts/hosting.iptvbillingsolution.com/public/sbp/index.php(46): CodeIgniter\CodeIgniter->run()
#4 {main}
ERROR - 2023-07-19 16:15:50 --> Unknown column 'text' in 'field list'
CRITICAL - 2023-07-19 16:15:50 --> Call to a member function getResultArray() on bool
#0 /var/www/vhosts/hosting.iptvbillingsolution.com/public/sbp/system/CodeIgniter.php(825): App\Controllers\Api->api()
#1 /var/www/vhosts/hosting.iptvbillingsolution.com/public/sbp/system/CodeIgniter.php(412): CodeIgniter\CodeIgniter->runController()
#2 /var/www/vhosts/hosting.iptvbillingsolution.com/public/sbp/system/CodeIgniter.php(320): CodeIgniter\CodeIgniter->handleRequest()
#3 /var/www/vhosts/hosting.iptvbillingsolution.com/public/sbp/index.php(46): CodeIgniter\CodeIgniter->run()
#4 {main}
ERROR - 2023-07-19 16:15:52 --> Unknown column 'text' in 'field list'
CRITICAL - 2023-07-19 16:15:52 --> Call to a member function getResultArray() on bool
#0 /var/www/vhosts/hosting.iptvbillingsolution.com/public/sbp/system/CodeIgniter.php(825): App\Controllers\Api->api()
#1 /var/www/vhosts/hosting.iptvbillingsolution.com/public/sbp/system/CodeIgniter.php(412): CodeIgniter\CodeIgniter->runController()
#2 /var/www/vhosts/hosting.iptvbillingsolution.com/public/sbp/system/CodeIgniter.php(320): CodeIgniter\CodeIgniter->handleRequest()
#3 /var/www/vhosts/hosting.iptvbillingsolution.com/public/sbp/index.php(46): CodeIgniter\CodeIgniter->run()
#4 {main}
ERROR - 2023-07-19 16:15:53 --> Unknown column 'text' in 'field list'
CRITICAL - 2023-07-19 16:15:53 --> Call to a member function getResultArray() on bool
#0 /var/www/vhosts/hosting.iptvbillingsolution.com/public/sbp/system/CodeIgniter.php(825): App\Controllers\Api->api()
#1 /var/www/vhosts/hosting.iptvbillingsolution.com/public/sbp/system/CodeIgniter.php(412): CodeIgniter\CodeIgniter->runController()
#2 /var/www/vhosts/hosting.iptvbillingsolution.com/public/sbp/system/CodeIgniter.php(320): CodeIgniter\CodeIgniter->handleRequest()
#3 /var/www/vhosts/hosting.iptvbillingsolution.com/public/sbp/index.php(46): CodeIgniter\CodeIgniter->run()
#4 {main}
ERROR - 2023-07-19 16:16:07 --> Unknown column 'text' in 'field list'
CRITICAL - 2023-07-19 16:16:07 --> Call to a member function getResultArray() on bool
#0 /var/www/vhosts/hosting.iptvbillingsolution.com/public/sbp/system/CodeIgniter.php(825): App\Controllers\Api->api()
#1 /var/www/vhosts/hosting.iptvbillingsolution.com/public/sbp/system/CodeIgniter.php(412): CodeIgniter\CodeIgniter->runController()
#2 /var/www/vhosts/hosting.iptvbillingsolution.com/public/sbp/system/CodeIgniter.php(320): CodeIgniter\CodeIgniter->handleRequest()
#3 /var/www/vhosts/hosting.iptvbillingsolution.com/public/sbp/index.php(46): CodeIgniter\CodeIgniter->run()
#4 {main}
ERROR - 2023-07-19 16:16:08 --> Unknown column 'text' in 'field list'
CRITICAL - 2023-07-19 16:16:08 --> Call to a member function getResultArray() on bool
#0 /var/www/vhosts/hosting.iptvbillingsolution.com/public/sbp/system/CodeIgniter.php(825): App\Controllers\Api->api()
#1 /var/www/vhosts/hosting.iptvbillingsolution.com/public/sbp/system/CodeIgniter.php(412): CodeIgniter\CodeIgniter->runController()
#2 /var/www/vhosts/hosting.iptvbillingsolution.com/public/sbp/system/CodeIgniter.php(320): CodeIgniter\CodeIgniter->handleRequest()
#3 /var/www/vhosts/hosting.iptvbillingsolution.com/public/sbp/index.php(46): CodeIgniter\CodeIgniter->run()
#4 {main}
ERROR - 2023-07-19 16:16:09 --> Unknown column 'text' in 'field list'
CRITICAL - 2023-07-19 16:16:09 --> Call to a member function getResultArray() on bool
#0 /var/www/vhosts/hosting.iptvbillingsolution.com/public/sbp/system/CodeIgniter.php(825): App\Controllers\Api->api()
#1 /var/www/vhosts/hosting.iptvbillingsolution.com/public/sbp/system/CodeIgniter.php(412): CodeIgniter\CodeIgniter->runController()
#2 /var/www/vhosts/hosting.iptvbillingsolution.com/public/sbp/system/CodeIgniter.php(320): CodeIgniter\CodeIgniter->handleRequest()
#3 /var/www/vhosts/hosting.iptvbillingsolution.com/public/sbp/index.php(46): CodeIgniter\CodeIgniter->run()
#4 {main}
ERROR - 2023-07-19 16:16:10 --> Unknown column 'text' in 'field list'
CRITICAL - 2023-07-19 16:16:10 --> Call to a member function getResultArray() on bool
#0 /var/www/vhosts/hosting.iptvbillingsolution.com/public/sbp/system/CodeIgniter.php(825): App\Controllers\Api->api()
#1 /var/www/vhosts/hosting.iptvbillingsolution.com/public/sbp/system/CodeIgniter.php(412): CodeIgniter\CodeIgniter->runController()
#2 /var/www/vhosts/hosting.iptvbillingsolution.com/public/sbp/system/CodeIgniter.php(320): CodeIgniter\CodeIgniter->handleRequest()
#3 /var/www/vhosts/hosting.iptvbillingsolution.com/public/sbp/index.php(46): CodeIgniter\CodeIgniter->run()
#4 {main}
ERROR - 2023-07-19 16:16:12 --> Unknown column 'text' in 'field list'
CRITICAL - 2023-07-19 16:16:12 --> Call to a member function getResultArray() on bool
#0 /var/www/vhosts/hosting.iptvbillingsolution.com/public/sbp/system/CodeIgniter.php(825): App\Controllers\Api->api()
#1 /var/www/vhosts/hosting.iptvbillingsolution.com/public/sbp/system/CodeIgniter.php(412): CodeIgniter\CodeIgniter->runController()
#2 /var/www/vhosts/hosting.iptvbillingsolution.com/public/sbp/system/CodeIgniter.php(320): CodeIgniter\CodeIgniter->handleRequest()
#3 /var/www/vhosts/hosting.iptvbillingsolution.com/public/sbp/index.php(46): CodeIgniter\CodeIgniter->run()
#4 {main}
ERROR - 2023-07-19 16:16:42 --> Unknown column 'text' in 'field list'
CRITICAL - 2023-07-19 16:16:42 --> Call to a member function getResultArray() on bool
#0 /var/www/vhosts/hosting.iptvbillingsolution.com/public/sbp/system/CodeIgniter.php(825): App\Controllers\Api->api()
#1 /var/www/vhosts/hosting.iptvbillingsolution.com/public/sbp/system/CodeIgniter.php(412): CodeIgniter\CodeIgniter->runController()
#2 /var/www/vhosts/hosting.iptvbillingsolution.com/public/sbp/system/CodeIgniter.php(320): CodeIgniter\CodeIgniter->handleRequest()
#3 /var/www/vhosts/hosting.iptvbillingsolution.com/public/sbp/index.php(46): CodeIgniter\CodeIgniter->run()
#4 {main}
ERROR - 2023-07-19 16:18:01 --> Unknown column 'text' in 'field list'
CRITICAL - 2023-07-19 16:18:01 --> Call to a member function getResultArray() on bool
#0 /var/www/vhosts/hosting.iptvbillingsolution.com/public/sbp/system/CodeIgniter.php(825): App\Controllers\Api->api()
#1 /var/www/vhosts/hosting.iptvbillingsolution.com/public/sbp/system/CodeIgniter.php(412): CodeIgniter\CodeIgniter->runController()
#2 /var/www/vhosts/hosting.iptvbillingsolution.com/public/sbp/system/CodeIgniter.php(320): CodeIgniter\CodeIgniter->handleRequest()
#3 /var/www/vhosts/hosting.iptvbillingsolution.com/public/sbp/index.php(46): CodeIgniter\CodeIgniter->run()
#4 {main}
ERROR - 2023-07-19 16:18:02 --> Unknown column 'text' in 'field list'
CRITICAL - 2023-07-19 16:18:02 --> Call to a member function getResultArray() on bool
#0 /var/www/vhosts/hosting.iptvbillingsolution.com/public/sbp/system/CodeIgniter.php(825): App\Controllers\Api->api()
#1 /var/www/vhosts/hosting.iptvbillingsolution.com/public/sbp/system/CodeIgniter.php(412): CodeIgniter\CodeIgniter->runController()
#2 /var/www/vhosts/hosting.iptvbillingsolution.com/public/sbp/system/CodeIgniter.php(320): CodeIgniter\CodeIgniter->handleRequest()
#3 /var/www/vhosts/hosting.iptvbillingsolution.com/public/sbp/index.php(46): CodeIgniter\CodeIgniter->run()
#4 {main}
ERROR - 2023-07-19 16:18:03 --> Unknown column 'text' in 'field list'
CRITICAL - 2023-07-19 16:18:03 --> Call to a member function getResultArray() on bool
#0 /var/www/vhosts/hosting.iptvbillingsolution.com/public/sbp/system/CodeIgniter.php(825): App\Controllers\Api->api()
#1 /var/www/vhosts/hosting.iptvbillingsolution.com/public/sbp/system/CodeIgniter.php(412): CodeIgniter\CodeIgniter->runController()
#2 /var/www/vhosts/hosting.iptvbillingsolution.com/public/sbp/system/CodeIgniter.php(320): CodeIgniter\CodeIgniter->handleRequest()
#3 /var/www/vhosts/hosting.iptvbillingsolution.com/public/sbp/index.php(46): CodeIgniter\CodeIgniter->run()
#4 {main}
ERROR - 2023-07-19 16:18:04 --> Unknown column 'text' in 'field list'
CRITICAL - 2023-07-19 16:18:04 --> Call to a member function getResultArray() on bool
#0 /var/www/vhosts/hosting.iptvbillingsolution.com/public/sbp/system/CodeIgniter.php(825): App\Controllers\Api->api()
#1 /var/www/vhosts/hosting.iptvbillingsolution.com/public/sbp/system/CodeIgniter.php(412): CodeIgniter\CodeIgniter->runController()
#2 /var/www/vhosts/hosting.iptvbillingsolution.com/public/sbp/system/CodeIgniter.php(320): CodeIgniter\CodeIgniter->handleRequest()
#3 /var/www/vhosts/hosting.iptvbillingsolution.com/public/sbp/index.php(46): CodeIgniter\CodeIgniter->run()
#4 {main}
ERROR - 2023-07-19 16:18:42 --> Unknown column 'text' in 'field list'
CRITICAL - 2023-07-19 16:18:42 --> Call to a member function getResultArray() on bool
#0 /var/www/vhosts/hosting.iptvbillingsolution.com/public/sbp/system/CodeIgniter.php(825): App\Controllers\Api->api()
#1 /var/www/vhosts/hosting.iptvbillingsolution.com/public/sbp/system/CodeIgniter.php(412): CodeIgniter\CodeIgniter->runController()
#2 /var/www/vhosts/hosting.iptvbillingsolution.com/public/sbp/system/CodeIgniter.php(320): CodeIgniter\CodeIgniter->handleRequest()
#3 /var/www/vhosts/hosting.iptvbillingsolution.com/public/sbp/index.php(46): CodeIgniter\CodeIgniter->run()
#4 {main}
ERROR - 2023-07-19 16:18:44 --> Unknown column 'text' in 'field list'
CRITICAL - 2023-07-19 16:18:44 --> Call to a member function getResultArray() on bool
#0 /var/www/vhosts/hosting.iptvbillingsolution.com/public/sbp/system/CodeIgniter.php(825): App\Controllers\Api->api()
#1 /var/www/vhosts/hosting.iptvbillingsolution.com/public/sbp/system/CodeIgniter.php(412): CodeIgniter\CodeIgniter->runController()
#2 /var/www/vhosts/hosting.iptvbillingsolution.com/public/sbp/system/CodeIgniter.php(320): CodeIgniter\CodeIgniter->handleRequest()
#3 /var/www/vhosts/hosting.iptvbillingsolution.com/public/sbp/index.php(46): CodeIgniter\CodeIgniter->run()
#4 {main}
ERROR - 2023-07-19 16:18:45 --> Unknown column 'text' in 'field list'
CRITICAL - 2023-07-19 16:18:45 --> Call to a member function getResultArray() on bool
#0 /var/www/vhosts/hosting.iptvbillingsolution.com/public/sbp/system/CodeIgniter.php(825): App\Controllers\Api->api()
#1 /var/www/vhosts/hosting.iptvbillingsolution.com/public/sbp/system/CodeIgniter.php(412): CodeIgniter\CodeIgniter->runController()
#2 /var/www/vhosts/hosting.iptvbillingsolution.com/public/sbp/system/CodeIgniter.php(320): CodeIgniter\CodeIgniter->handleRequest()
#3 /var/www/vhosts/hosting.iptvbillingsolution.com/public/sbp/index.php(46): CodeIgniter\CodeIgniter->run()
#4 {main}
ERROR - 2023-07-19 16:28:42 --> Unknown column 'text' in 'field list'
CRITICAL - 2023-07-19 16:28:42 --> Call to a member function getResultArray() on bool
#0 /var/www/vhosts/hosting.iptvbillingsolution.com/public/sbp/system/CodeIgniter.php(825): App\Controllers\Api->api()
#1 /var/www/vhosts/hosting.iptvbillingsolution.com/public/sbp/system/CodeIgniter.php(412): CodeIgniter\CodeIgniter->runController()
#2 /var/www/vhosts/hosting.iptvbillingsolution.com/public/sbp/system/CodeIgniter.php(320): CodeIgniter\CodeIgniter->handleRequest()
#3 /var/www/vhosts/hosting.iptvbillingsolution.com/public/sbp/index.php(46): CodeIgniter\CodeIgniter->run()
#4 {main}
ERROR - 2023-07-19 16:29:15 --> Unknown column 'text' in 'field list'
CRITICAL - 2023-07-19 16:29:15 --> Call to a member function getResult() on bool
#0 /var/www/vhosts/hosting.iptvbillingsolution.com/public/sbp/system/CodeIgniter.php(825): App\Controllers\Api->api()
#1 /var/www/vhosts/hosting.iptvbillingsolution.com/public/sbp/system/CodeIgniter.php(412): CodeIgniter\CodeIgniter->runController()
#2 /var/www/vhosts/hosting.iptvbillingsolution.com/public/sbp/system/CodeIgniter.php(320): CodeIgniter\CodeIgniter->handleRequest()
#3 /var/www/vhosts/hosting.iptvbillingsolution.com/public/sbp/index.php(46): CodeIgniter\CodeIgniter->run()
#4 {main}
CRITICAL - 2023-07-19 17:46:25 --> Call to a member function get() on null
#0 /var/www/vhosts/hosting.iptvbillingsolution.com/public/sbp/system/CodeIgniter.php(825): App\Controllers\Api->api()
#1 /var/www/vhosts/hosting.iptvbillingsolution.com/public/sbp/system/CodeIgniter.php(412): CodeIgniter\CodeIgniter->runController()
#2 /var/www/vhosts/hosting.iptvbillingsolution.com/public/sbp/system/CodeIgniter.php(320): CodeIgniter\CodeIgniter->handleRequest()
#3 /var/www/vhosts/hosting.iptvbillingsolution.com/public/sbp/index.php(46): CodeIgniter\CodeIgniter->run()
#4 {main}
CRITICAL - 2023-07-19 17:46:27 --> Call to a member function get() on null
#0 /var/www/vhosts/hosting.iptvbillingsolution.com/public/sbp/system/CodeIgniter.php(825): App\Controllers\Api->api()
#1 /var/www/vhosts/hosting.iptvbillingsolution.com/public/sbp/system/CodeIgniter.php(412): CodeIgniter\CodeIgniter->runController()
#2 /var/www/vhosts/hosting.iptvbillingsolution.com/public/sbp/system/CodeIgniter.php(320): CodeIgniter\CodeIgniter->handleRequest()
#3 /var/www/vhosts/hosting.iptvbillingsolution.com/public/sbp/index.php(46): CodeIgniter\CodeIgniter->run()
#4 {main}
CRITICAL - 2023-07-19 17:47:20 --> Call to a member function get() on null
#0 /var/www/vhosts/hosting.iptvbillingsolution.com/public/sbp/system/CodeIgniter.php(825): App\Controllers\Api->api()
#1 /var/www/vhosts/hosting.iptvbillingsolution.com/public/sbp/system/CodeIgniter.php(412): CodeIgniter\CodeIgniter->runController()
#2 /var/www/vhosts/hosting.iptvbillingsolution.com/public/sbp/system/CodeIgniter.php(320): CodeIgniter\CodeIgniter->handleRequest()
#3 /var/www/vhosts/hosting.iptvbillingsolution.com/public/sbp/index.php(46): CodeIgniter\CodeIgniter->run()
#4 {main}
CRITICAL - 2023-07-19 17:47:21 --> Call to a member function get() on null
#0 /var/www/vhosts/hosting.iptvbillingsolution.com/public/sbp/system/CodeIgniter.php(825): App\Controllers\Api->api()
#1 /var/www/vhosts/hosting.iptvbillingsolution.com/public/sbp/system/CodeIgniter.php(412): CodeIgniter\CodeIgniter->runController()
#2 /var/www/vhosts/hosting.iptvbillingsolution.com/public/sbp/system/CodeIgniter.php(320): CodeIgniter\CodeIgniter->handleRequest()
#3 /var/www/vhosts/hosting.iptvbillingsolution.com/public/sbp/index.php(46): CodeIgniter\CodeIgniter->run()
#4 {main}
