CRITICAL - 2023-01-25 10:27:11 --> Class 'App\Models\Ticketsmodel' not found
#0 /var/www/vhosts/hosting.iptvbillingsolution.com/public/sbp/system/CodeIgniter.php(802): App\Controllers\TicketsController->__construct()
#1 /var/www/vhosts/hosting.iptvbillingsolution.com/public/sbp/system/CodeIgniter.php(403): CodeIgniter\CodeIgniter->createController()
#2 /var/www/vhosts/hosting.iptvbillingsolution.com/public/sbp/system/CodeIgniter.php(320): CodeIgniter\CodeIgniter->handleRequest()
#3 /var/www/vhosts/hosting.iptvbillingsolution.com/public/sbp/index.php(42): CodeIgniter\CodeIgniter->run()
#4 {main}
ERROR - 2023-01-25 11:05:10 --> Not unique table/alias: 'tbl_departmentrelation'
CRITICAL - 2023-01-25 11:05:10 --> Not unique table/alias: 'tbl_departmentrelation'
#0 /var/www/vhosts/hosting.iptvbillingsolution.com/public/sbp/system/Database/MySQLi/Connection.php(292): mysqli->query()
#1 /var/www/vhosts/hosting.iptvbillingsolution.com/public/sbp/system/Database/BaseConnection.php(670): CodeIgniter\Database\MySQLi\Connection->execute()
#2 /var/www/vhosts/hosting.iptvbillingsolution.com/public/sbp/system/Database/BaseConnection.php(598): CodeIgniter\Database\BaseConnection->simpleQuery()
#3 /var/www/vhosts/hosting.iptvbillingsolution.com/public/sbp/system/Database/BaseBuilder.php(1455): CodeIgniter\Database\BaseConnection->query()
#4 /var/www/vhosts/hosting.iptvbillingsolution.com/public/sbp/system/Model.php(728): CodeIgniter\Database\BaseBuilder->get()
#5 /var/www/vhosts/hosting.iptvbillingsolution.com/public/sbp/app/Controllers/Api.php(984): CodeIgniter\Model->__call()
#6 /var/www/vhosts/hosting.iptvbillingsolution.com/public/sbp/system/CodeIgniter.php(825): App\Controllers\Api->api()
#7 /var/www/vhosts/hosting.iptvbillingsolution.com/public/sbp/system/CodeIgniter.php(412): CodeIgniter\CodeIgniter->runController()
#8 /var/www/vhosts/hosting.iptvbillingsolution.com/public/sbp/system/CodeIgniter.php(320): CodeIgniter\CodeIgniter->handleRequest()
#9 /var/www/vhosts/hosting.iptvbillingsolution.com/public/sbp/index.php(42): CodeIgniter\CodeIgniter->run()
#10 {main}
ERROR - 2023-01-25 11:05:46 --> Unknown column 'department_id.id' in 'where clause'
CRITICAL - 2023-01-25 11:05:46 --> Unknown column 'department_id.id' in 'where clause'
#0 /var/www/vhosts/hosting.iptvbillingsolution.com/public/sbp/system/Database/MySQLi/Connection.php(292): mysqli->query()
#1 /var/www/vhosts/hosting.iptvbillingsolution.com/public/sbp/system/Database/BaseConnection.php(670): CodeIgniter\Database\MySQLi\Connection->execute()
#2 /var/www/vhosts/hosting.iptvbillingsolution.com/public/sbp/system/Database/BaseConnection.php(598): CodeIgniter\Database\BaseConnection->simpleQuery()
#3 /var/www/vhosts/hosting.iptvbillingsolution.com/public/sbp/system/Database/BaseBuilder.php(1455): CodeIgniter\Database\BaseConnection->query()
#4 /var/www/vhosts/hosting.iptvbillingsolution.com/public/sbp/system/Model.php(728): CodeIgniter\Database\BaseBuilder->get()
#5 /var/www/vhosts/hosting.iptvbillingsolution.com/public/sbp/app/Controllers/Api.php(984): CodeIgniter\Model->__call()
#6 /var/www/vhosts/hosting.iptvbillingsolution.com/public/sbp/system/CodeIgniter.php(825): App\Controllers\Api->api()
#7 /var/www/vhosts/hosting.iptvbillingsolution.com/public/sbp/system/CodeIgniter.php(412): CodeIgniter\CodeIgniter->runController()
#8 /var/www/vhosts/hosting.iptvbillingsolution.com/public/sbp/system/CodeIgniter.php(320): CodeIgniter\CodeIgniter->handleRequest()
#9 /var/www/vhosts/hosting.iptvbillingsolution.com/public/sbp/index.php(42): CodeIgniter\CodeIgniter->run()
#10 {main}
CRITICAL - 2023-01-25 11:18:39 --> Undefined property: stdClass::$email
#0 /var/www/vhosts/hosting.iptvbillingsolution.com/public/sbp/app/Controllers/Api.php(994): CodeIgniter\Debug\Exceptions->errorHandler()
#1 /var/www/vhosts/hosting.iptvbillingsolution.com/public/sbp/system/CodeIgniter.php(825): App\Controllers\Api->api()
#2 /var/www/vhosts/hosting.iptvbillingsolution.com/public/sbp/system/CodeIgniter.php(412): CodeIgniter\CodeIgniter->runController()
#3 /var/www/vhosts/hosting.iptvbillingsolution.com/public/sbp/system/CodeIgniter.php(320): CodeIgniter\CodeIgniter->handleRequest()
#4 /var/www/vhosts/hosting.iptvbillingsolution.com/public/sbp/index.php(42): CodeIgniter\CodeIgniter->run()
#5 {main}
CRITICAL - 2023-01-25 11:21:19 --> Undefined property: stdClass::$email
#0 /var/www/vhosts/hosting.iptvbillingsolution.com/public/sbp/app/Controllers/Api.php(996): CodeIgniter\Debug\Exceptions->errorHandler()
#1 /var/www/vhosts/hosting.iptvbillingsolution.com/public/sbp/system/CodeIgniter.php(825): App\Controllers\Api->api()
#2 /var/www/vhosts/hosting.iptvbillingsolution.com/public/sbp/system/CodeIgniter.php(412): CodeIgniter\CodeIgniter->runController()
#3 /var/www/vhosts/hosting.iptvbillingsolution.com/public/sbp/system/CodeIgniter.php(320): CodeIgniter\CodeIgniter->handleRequest()
#4 /var/www/vhosts/hosting.iptvbillingsolution.com/public/sbp/index.php(42): CodeIgniter\CodeIgniter->run()
#5 {main}
CRITICAL - 2023-01-25 11:43:38 --> Undefined index: ticket_no
#0 /var/www/vhosts/hosting.iptvbillingsolution.com/public/sbp/app/Views/ticketreply.php(77): CodeIgniter\Debug\Exceptions->errorHandler()
#1 /var/www/vhosts/hosting.iptvbillingsolution.com/public/sbp/system/View/View.php(210): include('/var/www/vhosts...')
#2 /var/www/vhosts/hosting.iptvbillingsolution.com/public/sbp/system/View/View.php(213): CodeIgniter\View\View->CodeIgniter\View\{closure}()
#3 /var/www/vhosts/hosting.iptvbillingsolution.com/public/sbp/system/Common.php(1089): CodeIgniter\View\View->render()
#4 /var/www/vhosts/hosting.iptvbillingsolution.com/public/sbp/app/Controllers/TicketsController.php(90): view()
#5 /var/www/vhosts/hosting.iptvbillingsolution.com/public/sbp/system/CodeIgniter.php(825): App\Controllers\TicketsController->ticketreply()
#6 /var/www/vhosts/hosting.iptvbillingsolution.com/public/sbp/system/CodeIgniter.php(412): CodeIgniter\CodeIgniter->runController()
#7 /var/www/vhosts/hosting.iptvbillingsolution.com/public/sbp/system/CodeIgniter.php(320): CodeIgniter\CodeIgniter->handleRequest()
#8 /var/www/vhosts/hosting.iptvbillingsolution.com/public/sbp/index.php(42): CodeIgniter\CodeIgniter->run()
#9 {main}
ERROR - 2023-01-25 11:44:51 --> Duplicate column name 'id'
CRITICAL - 2023-01-25 11:44:51 --> Duplicate column name 'id'
#0 /var/www/vhosts/hosting.iptvbillingsolution.com/public/sbp/system/Database/MySQLi/Connection.php(292): mysqli->query()
#1 /var/www/vhosts/hosting.iptvbillingsolution.com/public/sbp/system/Database/BaseConnection.php(670): CodeIgniter\Database\MySQLi\Connection->execute()
#2 /var/www/vhosts/hosting.iptvbillingsolution.com/public/sbp/system/Database/BaseConnection.php(598): CodeIgniter\Database\BaseConnection->simpleQuery()
#3 /var/www/vhosts/hosting.iptvbillingsolution.com/public/sbp/system/Database/BaseBuilder.php(1539): CodeIgniter\Database\BaseConnection->query()
#4 /var/www/vhosts/hosting.iptvbillingsolution.com/public/sbp/app/Views/ticketreply.php(72): CodeIgniter\Database\BaseBuilder->countAllResults()
#5 /var/www/vhosts/hosting.iptvbillingsolution.com/public/sbp/system/View/View.php(210): include('/var/www/vhosts...')
#6 /var/www/vhosts/hosting.iptvbillingsolution.com/public/sbp/system/View/View.php(213): CodeIgniter\View\View->CodeIgniter\View\{closure}()
#7 /var/www/vhosts/hosting.iptvbillingsolution.com/public/sbp/system/Common.php(1089): CodeIgniter\View\View->render()
#8 /var/www/vhosts/hosting.iptvbillingsolution.com/public/sbp/app/Controllers/TicketsController.php(90): view()
#9 /var/www/vhosts/hosting.iptvbillingsolution.com/public/sbp/system/CodeIgniter.php(825): App\Controllers\TicketsController->ticketreply()
#10 /var/www/vhosts/hosting.iptvbillingsolution.com/public/sbp/system/CodeIgniter.php(412): CodeIgniter\CodeIgniter->runController()
#11 /var/www/vhosts/hosting.iptvbillingsolution.com/public/sbp/system/CodeIgniter.php(320): CodeIgniter\CodeIgniter->handleRequest()
#12 /var/www/vhosts/hosting.iptvbillingsolution.com/public/sbp/index.php(42): CodeIgniter\CodeIgniter->run()
#13 {main}
ERROR - 2023-01-25 11:46:15 --> Duplicate column name 'id'
CRITICAL - 2023-01-25 11:46:15 --> Duplicate column name 'id'
#0 /var/www/vhosts/hosting.iptvbillingsolution.com/public/sbp/system/Database/MySQLi/Connection.php(292): mysqli->query()
#1 /var/www/vhosts/hosting.iptvbillingsolution.com/public/sbp/system/Database/BaseConnection.php(670): CodeIgniter\Database\MySQLi\Connection->execute()
#2 /var/www/vhosts/hosting.iptvbillingsolution.com/public/sbp/system/Database/BaseConnection.php(598): CodeIgniter\Database\BaseConnection->simpleQuery()
#3 /var/www/vhosts/hosting.iptvbillingsolution.com/public/sbp/system/Database/BaseBuilder.php(1539): CodeIgniter\Database\BaseConnection->query()
#4 /var/www/vhosts/hosting.iptvbillingsolution.com/public/sbp/app/Views/ticketreply.php(72): CodeIgniter\Database\BaseBuilder->countAllResults()
#5 /var/www/vhosts/hosting.iptvbillingsolution.com/public/sbp/system/View/View.php(210): include('/var/www/vhosts...')
#6 /var/www/vhosts/hosting.iptvbillingsolution.com/public/sbp/system/View/View.php(213): CodeIgniter\View\View->CodeIgniter\View\{closure}()
#7 /var/www/vhosts/hosting.iptvbillingsolution.com/public/sbp/system/Common.php(1089): CodeIgniter\View\View->render()
#8 /var/www/vhosts/hosting.iptvbillingsolution.com/public/sbp/app/Controllers/TicketsController.php(90): view()
#9 /var/www/vhosts/hosting.iptvbillingsolution.com/public/sbp/system/CodeIgniter.php(825): App\Controllers\TicketsController->ticketreply()
#10 /var/www/vhosts/hosting.iptvbillingsolution.com/public/sbp/system/CodeIgniter.php(412): CodeIgniter\CodeIgniter->runController()
#11 /var/www/vhosts/hosting.iptvbillingsolution.com/public/sbp/system/CodeIgniter.php(320): CodeIgniter\CodeIgniter->handleRequest()
#12 /var/www/vhosts/hosting.iptvbillingsolution.com/public/sbp/index.php(42): CodeIgniter\CodeIgniter->run()
#13 {main}
ERROR - 2023-01-25 11:47:19 --> Duplicate column name 'id'
CRITICAL - 2023-01-25 11:47:19 --> Duplicate column name 'id'
#0 /var/www/vhosts/hosting.iptvbillingsolution.com/public/sbp/system/Database/MySQLi/Connection.php(292): mysqli->query()
#1 /var/www/vhosts/hosting.iptvbillingsolution.com/public/sbp/system/Database/BaseConnection.php(670): CodeIgniter\Database\MySQLi\Connection->execute()
#2 /var/www/vhosts/hosting.iptvbillingsolution.com/public/sbp/system/Database/BaseConnection.php(598): CodeIgniter\Database\BaseConnection->simpleQuery()
#3 /var/www/vhosts/hosting.iptvbillingsolution.com/public/sbp/system/Database/BaseBuilder.php(1539): CodeIgniter\Database\BaseConnection->query()
#4 /var/www/vhosts/hosting.iptvbillingsolution.com/public/sbp/app/Views/ticketreply.php(72): CodeIgniter\Database\BaseBuilder->countAllResults()
#5 /var/www/vhosts/hosting.iptvbillingsolution.com/public/sbp/system/View/View.php(210): include('/var/www/vhosts...')
#6 /var/www/vhosts/hosting.iptvbillingsolution.com/public/sbp/system/View/View.php(213): CodeIgniter\View\View->CodeIgniter\View\{closure}()
#7 /var/www/vhosts/hosting.iptvbillingsolution.com/public/sbp/system/Common.php(1089): CodeIgniter\View\View->render()
#8 /var/www/vhosts/hosting.iptvbillingsolution.com/public/sbp/app/Controllers/TicketsController.php(90): view()
#9 /var/www/vhosts/hosting.iptvbillingsolution.com/public/sbp/system/CodeIgniter.php(825): App\Controllers\TicketsController->ticketreply()
#10 /var/www/vhosts/hosting.iptvbillingsolution.com/public/sbp/system/CodeIgniter.php(412): CodeIgniter\CodeIgniter->runController()
#11 /var/www/vhosts/hosting.iptvbillingsolution.com/public/sbp/system/CodeIgniter.php(320): CodeIgniter\CodeIgniter->handleRequest()
#12 /var/www/vhosts/hosting.iptvbillingsolution.com/public/sbp/index.php(42): CodeIgniter\CodeIgniter->run()
#13 {main}
ERROR - 2023-01-25 11:47:21 --> Duplicate column name 'id'
CRITICAL - 2023-01-25 11:47:21 --> Duplicate column name 'id'
#0 /var/www/vhosts/hosting.iptvbillingsolution.com/public/sbp/system/Database/MySQLi/Connection.php(292): mysqli->query()
#1 /var/www/vhosts/hosting.iptvbillingsolution.com/public/sbp/system/Database/BaseConnection.php(670): CodeIgniter\Database\MySQLi\Connection->execute()
#2 /var/www/vhosts/hosting.iptvbillingsolution.com/public/sbp/system/Database/BaseConnection.php(598): CodeIgniter\Database\BaseConnection->simpleQuery()
#3 /var/www/vhosts/hosting.iptvbillingsolution.com/public/sbp/system/Database/BaseBuilder.php(1539): CodeIgniter\Database\BaseConnection->query()
#4 /var/www/vhosts/hosting.iptvbillingsolution.com/public/sbp/app/Views/ticketreply.php(72): CodeIgniter\Database\BaseBuilder->countAllResults()
#5 /var/www/vhosts/hosting.iptvbillingsolution.com/public/sbp/system/View/View.php(210): include('/var/www/vhosts...')
#6 /var/www/vhosts/hosting.iptvbillingsolution.com/public/sbp/system/View/View.php(213): CodeIgniter\View\View->CodeIgniter\View\{closure}()
#7 /var/www/vhosts/hosting.iptvbillingsolution.com/public/sbp/system/Common.php(1089): CodeIgniter\View\View->render()
#8 /var/www/vhosts/hosting.iptvbillingsolution.com/public/sbp/app/Controllers/TicketsController.php(90): view()
#9 /var/www/vhosts/hosting.iptvbillingsolution.com/public/sbp/system/CodeIgniter.php(825): App\Controllers\TicketsController->ticketreply()
#10 /var/www/vhosts/hosting.iptvbillingsolution.com/public/sbp/system/CodeIgniter.php(412): CodeIgniter\CodeIgniter->runController()
#11 /var/www/vhosts/hosting.iptvbillingsolution.com/public/sbp/system/CodeIgniter.php(320): CodeIgniter\CodeIgniter->handleRequest()
#12 /var/www/vhosts/hosting.iptvbillingsolution.com/public/sbp/index.php(42): CodeIgniter\CodeIgniter->run()
#13 {main}
ERROR - 2023-01-25 11:49:06 --> Expression #4 of SELECT list is not in GROUP BY clause and contains nonaggregated column 'sbp.tbl_tickets_history.message' which is not functionally dependent on columns in GROUP BY clause; this is incompatible with sql_mode=only_full_group_by
CRITICAL - 2023-01-25 11:49:06 --> Expression #4 of SELECT list is not in GROUP BY clause and contains nonaggregated column 'sbp.tbl_tickets_history.message' which is not functionally dependent on columns in GROUP BY clause; this is incompatible with sql_mode=only_full_group_by
#0 /var/www/vhosts/hosting.iptvbillingsolution.com/public/sbp/system/Database/MySQLi/Connection.php(292): mysqli->query()
#1 /var/www/vhosts/hosting.iptvbillingsolution.com/public/sbp/system/Database/BaseConnection.php(670): CodeIgniter\Database\MySQLi\Connection->execute()
#2 /var/www/vhosts/hosting.iptvbillingsolution.com/public/sbp/system/Database/BaseConnection.php(598): CodeIgniter\Database\BaseConnection->simpleQuery()
#3 /var/www/vhosts/hosting.iptvbillingsolution.com/public/sbp/system/Database/BaseBuilder.php(1455): CodeIgniter\Database\BaseConnection->query()
#4 /var/www/vhosts/hosting.iptvbillingsolution.com/public/sbp/app/Views/ticketreply.php(75): CodeIgniter\Database\BaseBuilder->get()
#5 /var/www/vhosts/hosting.iptvbillingsolution.com/public/sbp/system/View/View.php(210): include('/var/www/vhosts...')
#6 /var/www/vhosts/hosting.iptvbillingsolution.com/public/sbp/system/View/View.php(213): CodeIgniter\View\View->CodeIgniter\View\{closure}()
#7 /var/www/vhosts/hosting.iptvbillingsolution.com/public/sbp/system/Common.php(1089): CodeIgniter\View\View->render()
#8 /var/www/vhosts/hosting.iptvbillingsolution.com/public/sbp/app/Controllers/TicketsController.php(90): view()
#9 /var/www/vhosts/hosting.iptvbillingsolution.com/public/sbp/system/CodeIgniter.php(825): App\Controllers\TicketsController->ticketreply()
#10 /var/www/vhosts/hosting.iptvbillingsolution.com/public/sbp/system/CodeIgniter.php(412): CodeIgniter\CodeIgniter->runController()
#11 /var/www/vhosts/hosting.iptvbillingsolution.com/public/sbp/system/CodeIgniter.php(320): CodeIgniter\CodeIgniter->handleRequest()
#12 /var/www/vhosts/hosting.iptvbillingsolution.com/public/sbp/index.php(42): CodeIgniter\CodeIgniter->run()
#13 {main}
CRITICAL - 2023-01-25 11:52:31 --> Undefined index: reply_by
#0 /var/www/vhosts/hosting.iptvbillingsolution.com/public/sbp/app/Views/ticketreply.php(78): CodeIgniter\Debug\Exceptions->errorHandler()
#1 /var/www/vhosts/hosting.iptvbillingsolution.com/public/sbp/system/View/View.php(210): include('/var/www/vhosts...')
#2 /var/www/vhosts/hosting.iptvbillingsolution.com/public/sbp/system/View/View.php(213): CodeIgniter\View\View->CodeIgniter\View\{closure}()
#3 /var/www/vhosts/hosting.iptvbillingsolution.com/public/sbp/system/Common.php(1089): CodeIgniter\View\View->render()
#4 /var/www/vhosts/hosting.iptvbillingsolution.com/public/sbp/app/Controllers/TicketsController.php(90): view()
#5 /var/www/vhosts/hosting.iptvbillingsolution.com/public/sbp/system/CodeIgniter.php(825): App\Controllers\TicketsController->ticketreply()
#6 /var/www/vhosts/hosting.iptvbillingsolution.com/public/sbp/system/CodeIgniter.php(412): CodeIgniter\CodeIgniter->runController()
#7 /var/www/vhosts/hosting.iptvbillingsolution.com/public/sbp/system/CodeIgniter.php(320): CodeIgniter\CodeIgniter->handleRequest()
#8 /var/www/vhosts/hosting.iptvbillingsolution.com/public/sbp/index.php(42): CodeIgniter\CodeIgniter->run()
#9 {main}
ERROR - 2023-01-25 11:53:11 --> Unknown column 'tbl_tickets.reply_by' in 'field list'
CRITICAL - 2023-01-25 11:53:11 --> Unknown column 'tbl_tickets.reply_by' in 'field list'
#0 /var/www/vhosts/hosting.iptvbillingsolution.com/public/sbp/system/Database/MySQLi/Connection.php(292): mysqli->query()
#1 /var/www/vhosts/hosting.iptvbillingsolution.com/public/sbp/system/Database/BaseConnection.php(670): CodeIgniter\Database\MySQLi\Connection->execute()
#2 /var/www/vhosts/hosting.iptvbillingsolution.com/public/sbp/system/Database/BaseConnection.php(598): CodeIgniter\Database\BaseConnection->simpleQuery()
#3 /var/www/vhosts/hosting.iptvbillingsolution.com/public/sbp/system/Database/BaseBuilder.php(1455): CodeIgniter\Database\BaseConnection->query()
#4 /var/www/vhosts/hosting.iptvbillingsolution.com/public/sbp/app/Views/ticketreply.php(75): CodeIgniter\Database\BaseBuilder->get()
#5 /var/www/vhosts/hosting.iptvbillingsolution.com/public/sbp/system/View/View.php(210): include('/var/www/vhosts...')
#6 /var/www/vhosts/hosting.iptvbillingsolution.com/public/sbp/system/View/View.php(213): CodeIgniter\View\View->CodeIgniter\View\{closure}()
#7 /var/www/vhosts/hosting.iptvbillingsolution.com/public/sbp/system/Common.php(1089): CodeIgniter\View\View->render()
#8 /var/www/vhosts/hosting.iptvbillingsolution.com/public/sbp/app/Controllers/TicketsController.php(90): view()
#9 /var/www/vhosts/hosting.iptvbillingsolution.com/public/sbp/system/CodeIgniter.php(825): App\Controllers\TicketsController->ticketreply()
#10 /var/www/vhosts/hosting.iptvbillingsolution.com/public/sbp/system/CodeIgniter.php(412): CodeIgniter\CodeIgniter->runController()
#11 /var/www/vhosts/hosting.iptvbillingsolution.com/public/sbp/system/CodeIgniter.php(320): CodeIgniter\CodeIgniter->handleRequest()
#12 /var/www/vhosts/hosting.iptvbillingsolution.com/public/sbp/index.php(42): CodeIgniter\CodeIgniter->run()
#13 {main}
CRITICAL - 2023-01-25 11:53:39 --> Undefined index: created_on
#0 /var/www/vhosts/hosting.iptvbillingsolution.com/public/sbp/app/Views/ticketreply.php(87): CodeIgniter\Debug\Exceptions->errorHandler()
#1 /var/www/vhosts/hosting.iptvbillingsolution.com/public/sbp/system/View/View.php(210): include('/var/www/vhosts...')
#2 /var/www/vhosts/hosting.iptvbillingsolution.com/public/sbp/system/View/View.php(213): CodeIgniter\View\View->CodeIgniter\View\{closure}()
#3 /var/www/vhosts/hosting.iptvbillingsolution.com/public/sbp/system/Common.php(1089): CodeIgniter\View\View->render()
#4 /var/www/vhosts/hosting.iptvbillingsolution.com/public/sbp/app/Controllers/TicketsController.php(90): view()
#5 /var/www/vhosts/hosting.iptvbillingsolution.com/public/sbp/system/CodeIgniter.php(825): App\Controllers\TicketsController->ticketreply()
#6 /var/www/vhosts/hosting.iptvbillingsolution.com/public/sbp/system/CodeIgniter.php(412): CodeIgniter\CodeIgniter->runController()
#7 /var/www/vhosts/hosting.iptvbillingsolution.com/public/sbp/system/CodeIgniter.php(320): CodeIgniter\CodeIgniter->handleRequest()
#8 /var/www/vhosts/hosting.iptvbillingsolution.com/public/sbp/index.php(42): CodeIgniter\CodeIgniter->run()
#9 {main}
CRITICAL - 2023-01-25 11:55:08 --> Undefined index: created_on
#0 /var/www/vhosts/hosting.iptvbillingsolution.com/public/sbp/app/Views/ticketreply.php(87): CodeIgniter\Debug\Exceptions->errorHandler()
#1 /var/www/vhosts/hosting.iptvbillingsolution.com/public/sbp/system/View/View.php(210): include('/var/www/vhosts...')
#2 /var/www/vhosts/hosting.iptvbillingsolution.com/public/sbp/system/View/View.php(213): CodeIgniter\View\View->CodeIgniter\View\{closure}()
#3 /var/www/vhosts/hosting.iptvbillingsolution.com/public/sbp/system/Common.php(1089): CodeIgniter\View\View->render()
#4 /var/www/vhosts/hosting.iptvbillingsolution.com/public/sbp/app/Controllers/TicketsController.php(90): view()
#5 /var/www/vhosts/hosting.iptvbillingsolution.com/public/sbp/system/CodeIgniter.php(825): App\Controllers\TicketsController->ticketreply()
#6 /var/www/vhosts/hosting.iptvbillingsolution.com/public/sbp/system/CodeIgniter.php(412): CodeIgniter\CodeIgniter->runController()
#7 /var/www/vhosts/hosting.iptvbillingsolution.com/public/sbp/system/CodeIgniter.php(320): CodeIgniter\CodeIgniter->handleRequest()
#8 /var/www/vhosts/hosting.iptvbillingsolution.com/public/sbp/index.php(42): CodeIgniter\CodeIgniter->run()
#9 {main}
CRITICAL - 2023-01-25 11:55:11 --> Undefined index: created_on
#0 /var/www/vhosts/hosting.iptvbillingsolution.com/public/sbp/app/Views/ticketreply.php(87): CodeIgniter\Debug\Exceptions->errorHandler()
#1 /var/www/vhosts/hosting.iptvbillingsolution.com/public/sbp/system/View/View.php(210): include('/var/www/vhosts...')
#2 /var/www/vhosts/hosting.iptvbillingsolution.com/public/sbp/system/View/View.php(213): CodeIgniter\View\View->CodeIgniter\View\{closure}()
#3 /var/www/vhosts/hosting.iptvbillingsolution.com/public/sbp/system/Common.php(1089): CodeIgniter\View\View->render()
#4 /var/www/vhosts/hosting.iptvbillingsolution.com/public/sbp/app/Controllers/TicketsController.php(90): view()
#5 /var/www/vhosts/hosting.iptvbillingsolution.com/public/sbp/system/CodeIgniter.php(825): App\Controllers\TicketsController->ticketreply()
#6 /var/www/vhosts/hosting.iptvbillingsolution.com/public/sbp/system/CodeIgniter.php(412): CodeIgniter\CodeIgniter->runController()
#7 /var/www/vhosts/hosting.iptvbillingsolution.com/public/sbp/system/CodeIgniter.php(320): CodeIgniter\CodeIgniter->handleRequest()
#8 /var/www/vhosts/hosting.iptvbillingsolution.com/public/sbp/index.php(42): CodeIgniter\CodeIgniter->run()
#9 {main}
CRITICAL - 2023-01-25 12:15:25 --> Trying to get property 'ticket_no' of non-object
#0 /var/www/vhosts/hosting.iptvbillingsolution.com/public/sbp/app/Views/ticketreply.php(93): CodeIgniter\Debug\Exceptions->errorHandler()
#1 /var/www/vhosts/hosting.iptvbillingsolution.com/public/sbp/system/View/View.php(210): include('/var/www/vhosts...')
#2 /var/www/vhosts/hosting.iptvbillingsolution.com/public/sbp/system/View/View.php(213): CodeIgniter\View\View->CodeIgniter\View\{closure}()
#3 /var/www/vhosts/hosting.iptvbillingsolution.com/public/sbp/system/Common.php(1089): CodeIgniter\View\View->render()
#4 /var/www/vhosts/hosting.iptvbillingsolution.com/public/sbp/app/Controllers/TicketsController.php(90): view()
#5 /var/www/vhosts/hosting.iptvbillingsolution.com/public/sbp/system/CodeIgniter.php(825): App\Controllers\TicketsController->ticketreply()
#6 /var/www/vhosts/hosting.iptvbillingsolution.com/public/sbp/system/CodeIgniter.php(412): CodeIgniter\CodeIgniter->runController()
#7 /var/www/vhosts/hosting.iptvbillingsolution.com/public/sbp/system/CodeIgniter.php(320): CodeIgniter\CodeIgniter->handleRequest()
#8 /var/www/vhosts/hosting.iptvbillingsolution.com/public/sbp/index.php(42): CodeIgniter\CodeIgniter->run()
#9 {main}
CRITICAL - 2023-01-25 12:16:24 --> Undefined index: subject
#0 /var/www/vhosts/hosting.iptvbillingsolution.com/public/sbp/app/Views/ticketreply.php(93): CodeIgniter\Debug\Exceptions->errorHandler()
#1 /var/www/vhosts/hosting.iptvbillingsolution.com/public/sbp/system/View/View.php(210): include('/var/www/vhosts...')
#2 /var/www/vhosts/hosting.iptvbillingsolution.com/public/sbp/system/View/View.php(213): CodeIgniter\View\View->CodeIgniter\View\{closure}()
#3 /var/www/vhosts/hosting.iptvbillingsolution.com/public/sbp/system/Common.php(1089): CodeIgniter\View\View->render()
#4 /var/www/vhosts/hosting.iptvbillingsolution.com/public/sbp/app/Controllers/TicketsController.php(90): view()
#5 /var/www/vhosts/hosting.iptvbillingsolution.com/public/sbp/system/CodeIgniter.php(825): App\Controllers\TicketsController->ticketreply()
#6 /var/www/vhosts/hosting.iptvbillingsolution.com/public/sbp/system/CodeIgniter.php(412): CodeIgniter\CodeIgniter->runController()
#7 /var/www/vhosts/hosting.iptvbillingsolution.com/public/sbp/system/CodeIgniter.php(320): CodeIgniter\CodeIgniter->handleRequest()
#8 /var/www/vhosts/hosting.iptvbillingsolution.com/public/sbp/index.php(42): CodeIgniter\CodeIgniter->run()
#9 {main}
ERROR - 2023-01-25 12:42:23 --> Duplicate column name 'id'
CRITICAL - 2023-01-25 12:42:23 --> Duplicate column name 'id'
#0 /var/www/vhosts/hosting.iptvbillingsolution.com/public/sbp/system/Database/MySQLi/Connection.php(292): mysqli->query()
#1 /var/www/vhosts/hosting.iptvbillingsolution.com/public/sbp/system/Database/BaseConnection.php(670): CodeIgniter\Database\MySQLi\Connection->execute()
#2 /var/www/vhosts/hosting.iptvbillingsolution.com/public/sbp/system/Database/BaseConnection.php(598): CodeIgniter\Database\BaseConnection->simpleQuery()
#3 /var/www/vhosts/hosting.iptvbillingsolution.com/public/sbp/system/Database/BaseBuilder.php(1539): CodeIgniter\Database\BaseConnection->query()
#4 /var/www/vhosts/hosting.iptvbillingsolution.com/public/sbp/system/Model.php(509): CodeIgniter\Database\BaseBuilder->countAllResults()
#5 /var/www/vhosts/hosting.iptvbillingsolution.com/public/sbp/app/Controllers/TicketsController.php(138): CodeIgniter\Model->countAllResults()
#6 /var/www/vhosts/hosting.iptvbillingsolution.com/public/sbp/system/CodeIgniter.php(825): App\Controllers\TicketsController->deletehistory()
#7 /var/www/vhosts/hosting.iptvbillingsolution.com/public/sbp/system/CodeIgniter.php(412): CodeIgniter\CodeIgniter->runController()
#8 /var/www/vhosts/hosting.iptvbillingsolution.com/public/sbp/system/CodeIgniter.php(320): CodeIgniter\CodeIgniter->handleRequest()
#9 /var/www/vhosts/hosting.iptvbillingsolution.com/public/sbp/index.php(42): CodeIgniter\CodeIgniter->run()
#10 {main}
CRITICAL - 2023-01-25 13:52:31 --> Array to string conversion
#0 /var/www/vhosts/hosting.iptvbillingsolution.com/public/sbp/app/Views/includes/head.php(102): CodeIgniter\Debug\Exceptions->errorHandler()
#1 /var/www/vhosts/hosting.iptvbillingsolution.com/public/sbp/system/View/View.php(210): include('/var/www/vhosts...')
#2 /var/www/vhosts/hosting.iptvbillingsolution.com/public/sbp/system/View/View.php(213): CodeIgniter\View\View->CodeIgniter\View\{closure}()
#3 /var/www/vhosts/hosting.iptvbillingsolution.com/public/sbp/system/Common.php(1089): CodeIgniter\View\View->render()
#4 /var/www/vhosts/hosting.iptvbillingsolution.com/public/sbp/app/Controllers/Dashboard.php(35): view()
#5 /var/www/vhosts/hosting.iptvbillingsolution.com/public/sbp/system/CodeIgniter.php(825): App\Controllers\Dashboard->dashboard()
#6 /var/www/vhosts/hosting.iptvbillingsolution.com/public/sbp/system/CodeIgniter.php(412): CodeIgniter\CodeIgniter->runController()
#7 /var/www/vhosts/hosting.iptvbillingsolution.com/public/sbp/system/CodeIgniter.php(320): CodeIgniter\CodeIgniter->handleRequest()
#8 /var/www/vhosts/hosting.iptvbillingsolution.com/public/sbp/index.php(42): CodeIgniter\CodeIgniter->run()
#9 {main}
ERROR - 2023-01-25 14:54:36 --> Expression #2 of SELECT list is not in GROUP BY clause and contains nonaggregated column 'sbp.tbl_tickets.id' which is not functionally dependent on columns in GROUP BY clause; this is incompatible with sql_mode=only_full_group_by
CRITICAL - 2023-01-25 14:54:36 --> Expression #2 of SELECT list is not in GROUP BY clause and contains nonaggregated column 'sbp.tbl_tickets.id' which is not functionally dependent on columns in GROUP BY clause; this is incompatible with sql_mode=only_full_group_by
#0 /var/www/vhosts/hosting.iptvbillingsolution.com/public/sbp/system/Database/MySQLi/Connection.php(292): mysqli->query()
#1 /var/www/vhosts/hosting.iptvbillingsolution.com/public/sbp/system/Database/BaseConnection.php(670): CodeIgniter\Database\MySQLi\Connection->execute()
#2 /var/www/vhosts/hosting.iptvbillingsolution.com/public/sbp/system/Database/BaseConnection.php(598): CodeIgniter\Database\BaseConnection->simpleQuery()
#3 /var/www/vhosts/hosting.iptvbillingsolution.com/public/sbp/system/Database/BaseBuilder.php(1455): CodeIgniter\Database\BaseConnection->query()
#4 /var/www/vhosts/hosting.iptvbillingsolution.com/public/sbp/system/Model.php(728): CodeIgniter\Database\BaseBuilder->get()
#5 /var/www/vhosts/hosting.iptvbillingsolution.com/public/sbp/app/Models/Ticketsmodel.php(96): CodeIgniter\Model->__call()
#6 /var/www/vhosts/hosting.iptvbillingsolution.com/public/sbp/app/Controllers/TicketsController.php(32): App\Models\Ticketsmodel->totalcountforsearrchone()
#7 /var/www/vhosts/hosting.iptvbillingsolution.com/public/sbp/system/CodeIgniter.php(825): App\Controllers\TicketsController->ticketlistajx()
#8 /var/www/vhosts/hosting.iptvbillingsolution.com/public/sbp/system/CodeIgniter.php(412): CodeIgniter\CodeIgniter->runController()
#9 /var/www/vhosts/hosting.iptvbillingsolution.com/public/sbp/system/CodeIgniter.php(320): CodeIgniter\CodeIgniter->handleRequest()
#10 /var/www/vhosts/hosting.iptvbillingsolution.com/public/sbp/index.php(42): CodeIgniter\CodeIgniter->run()
#11 {main}
ERROR - 2023-01-25 14:55:58 --> Expression #2 of SELECT list is not in GROUP BY clause and contains nonaggregated column 'sbp.tbl_tickets.id' which is not functionally dependent on columns in GROUP BY clause; this is incompatible with sql_mode=only_full_group_by
CRITICAL - 2023-01-25 14:55:58 --> Expression #2 of SELECT list is not in GROUP BY clause and contains nonaggregated column 'sbp.tbl_tickets.id' which is not functionally dependent on columns in GROUP BY clause; this is incompatible with sql_mode=only_full_group_by
#0 /var/www/vhosts/hosting.iptvbillingsolution.com/public/sbp/system/Database/MySQLi/Connection.php(292): mysqli->query()
#1 /var/www/vhosts/hosting.iptvbillingsolution.com/public/sbp/system/Database/BaseConnection.php(670): CodeIgniter\Database\MySQLi\Connection->execute()
#2 /var/www/vhosts/hosting.iptvbillingsolution.com/public/sbp/system/Database/BaseConnection.php(598): CodeIgniter\Database\BaseConnection->simpleQuery()
#3 /var/www/vhosts/hosting.iptvbillingsolution.com/public/sbp/system/Database/BaseBuilder.php(1455): CodeIgniter\Database\BaseConnection->query()
#4 /var/www/vhosts/hosting.iptvbillingsolution.com/public/sbp/system/Model.php(728): CodeIgniter\Database\BaseBuilder->get()
#5 /var/www/vhosts/hosting.iptvbillingsolution.com/public/sbp/app/Models/Ticketsmodel.php(96): CodeIgniter\Model->__call()
#6 /var/www/vhosts/hosting.iptvbillingsolution.com/public/sbp/app/Controllers/TicketsController.php(32): App\Models\Ticketsmodel->totalcountforsearrchone()
#7 /var/www/vhosts/hosting.iptvbillingsolution.com/public/sbp/system/CodeIgniter.php(825): App\Controllers\TicketsController->ticketlistajx()
#8 /var/www/vhosts/hosting.iptvbillingsolution.com/public/sbp/system/CodeIgniter.php(412): CodeIgniter\CodeIgniter->runController()
#9 /var/www/vhosts/hosting.iptvbillingsolution.com/public/sbp/system/CodeIgniter.php(320): CodeIgniter\CodeIgniter->handleRequest()
#10 /var/www/vhosts/hosting.iptvbillingsolution.com/public/sbp/index.php(42): CodeIgniter\CodeIgniter->run()
#11 {main}
CRITICAL - 2023-01-25 14:56:46 --> Undefined variable: priority
#0 /var/www/vhosts/hosting.iptvbillingsolution.com/public/sbp/app/Models/Ticketsmodel.php(91): CodeIgniter\Debug\Exceptions->errorHandler()
#1 /var/www/vhosts/hosting.iptvbillingsolution.com/public/sbp/app/Controllers/TicketsController.php(32): App\Models\Ticketsmodel->totalcountforsearrchone()
#2 /var/www/vhosts/hosting.iptvbillingsolution.com/public/sbp/system/CodeIgniter.php(825): App\Controllers\TicketsController->ticketlistajx()
#3 /var/www/vhosts/hosting.iptvbillingsolution.com/public/sbp/system/CodeIgniter.php(412): CodeIgniter\CodeIgniter->runController()
#4 /var/www/vhosts/hosting.iptvbillingsolution.com/public/sbp/system/CodeIgniter.php(320): CodeIgniter\CodeIgniter->handleRequest()
#5 /var/www/vhosts/hosting.iptvbillingsolution.com/public/sbp/index.php(42): CodeIgniter\CodeIgniter->run()
#6 {main}
ERROR - 2023-01-25 14:56:57 --> Expression #2 of SELECT list is not in GROUP BY clause and contains nonaggregated column 'sbp.tbl_tickets.id' which is not functionally dependent on columns in GROUP BY clause; this is incompatible with sql_mode=only_full_group_by
CRITICAL - 2023-01-25 14:56:57 --> Expression #2 of SELECT list is not in GROUP BY clause and contains nonaggregated column 'sbp.tbl_tickets.id' which is not functionally dependent on columns in GROUP BY clause; this is incompatible with sql_mode=only_full_group_by
#0 /var/www/vhosts/hosting.iptvbillingsolution.com/public/sbp/system/Database/MySQLi/Connection.php(292): mysqli->query()
#1 /var/www/vhosts/hosting.iptvbillingsolution.com/public/sbp/system/Database/BaseConnection.php(670): CodeIgniter\Database\MySQLi\Connection->execute()
#2 /var/www/vhosts/hosting.iptvbillingsolution.com/public/sbp/system/Database/BaseConnection.php(598): CodeIgniter\Database\BaseConnection->simpleQuery()
#3 /var/www/vhosts/hosting.iptvbillingsolution.com/public/sbp/system/Database/BaseBuilder.php(1455): CodeIgniter\Database\BaseConnection->query()
#4 /var/www/vhosts/hosting.iptvbillingsolution.com/public/sbp/system/Model.php(728): CodeIgniter\Database\BaseBuilder->get()
#5 /var/www/vhosts/hosting.iptvbillingsolution.com/public/sbp/app/Models/Ticketsmodel.php(96): CodeIgniter\Model->__call()
#6 /var/www/vhosts/hosting.iptvbillingsolution.com/public/sbp/app/Controllers/TicketsController.php(32): App\Models\Ticketsmodel->totalcountforsearrchone()
#7 /var/www/vhosts/hosting.iptvbillingsolution.com/public/sbp/system/CodeIgniter.php(825): App\Controllers\TicketsController->ticketlistajx()
#8 /var/www/vhosts/hosting.iptvbillingsolution.com/public/sbp/system/CodeIgniter.php(412): CodeIgniter\CodeIgniter->runController()
#9 /var/www/vhosts/hosting.iptvbillingsolution.com/public/sbp/system/CodeIgniter.php(320): CodeIgniter\CodeIgniter->handleRequest()
#10 /var/www/vhosts/hosting.iptvbillingsolution.com/public/sbp/index.php(42): CodeIgniter\CodeIgniter->run()
#11 {main}
ERROR - 2023-01-25 14:59:14 --> Expression #2 of SELECT list is not in GROUP BY clause and contains nonaggregated column 'sbp.tbl_tickets.id' which is not functionally dependent on columns in GROUP BY clause; this is incompatible with sql_mode=only_full_group_by
CRITICAL - 2023-01-25 14:59:14 --> Expression #2 of SELECT list is not in GROUP BY clause and contains nonaggregated column 'sbp.tbl_tickets.id' which is not functionally dependent on columns in GROUP BY clause; this is incompatible with sql_mode=only_full_group_by
#0 /var/www/vhosts/hosting.iptvbillingsolution.com/public/sbp/system/Database/MySQLi/Connection.php(292): mysqli->query()
#1 /var/www/vhosts/hosting.iptvbillingsolution.com/public/sbp/system/Database/BaseConnection.php(670): CodeIgniter\Database\MySQLi\Connection->execute()
#2 /var/www/vhosts/hosting.iptvbillingsolution.com/public/sbp/system/Database/BaseConnection.php(598): CodeIgniter\Database\BaseConnection->simpleQuery()
#3 /var/www/vhosts/hosting.iptvbillingsolution.com/public/sbp/system/Database/BaseBuilder.php(1455): CodeIgniter\Database\BaseConnection->query()
#4 /var/www/vhosts/hosting.iptvbillingsolution.com/public/sbp/system/Model.php(728): CodeIgniter\Database\BaseBuilder->get()
#5 /var/www/vhosts/hosting.iptvbillingsolution.com/public/sbp/app/Models/Ticketsmodel.php(87): CodeIgniter\Model->__call()
#6 /var/www/vhosts/hosting.iptvbillingsolution.com/public/sbp/app/Controllers/TicketsController.php(32): App\Models\Ticketsmodel->totalcountforsearrchone()
#7 /var/www/vhosts/hosting.iptvbillingsolution.com/public/sbp/system/CodeIgniter.php(825): App\Controllers\TicketsController->ticketlistajx()
#8 /var/www/vhosts/hosting.iptvbillingsolution.com/public/sbp/system/CodeIgniter.php(412): CodeIgniter\CodeIgniter->runController()
#9 /var/www/vhosts/hosting.iptvbillingsolution.com/public/sbp/system/CodeIgniter.php(320): CodeIgniter\CodeIgniter->handleRequest()
#10 /var/www/vhosts/hosting.iptvbillingsolution.com/public/sbp/index.php(42): CodeIgniter\CodeIgniter->run()
#11 {main}
ERROR - 2023-01-25 15:09:44 --> Not unique table/alias: 'tbl_tickets'
CRITICAL - 2023-01-25 15:09:44 --> Not unique table/alias: 'tbl_tickets'
#0 /var/www/vhosts/hosting.iptvbillingsolution.com/public/sbp/system/Database/MySQLi/Connection.php(292): mysqli->query()
#1 /var/www/vhosts/hosting.iptvbillingsolution.com/public/sbp/system/Database/BaseConnection.php(670): CodeIgniter\Database\MySQLi\Connection->execute()
#2 /var/www/vhosts/hosting.iptvbillingsolution.com/public/sbp/system/Database/BaseConnection.php(598): CodeIgniter\Database\BaseConnection->simpleQuery()
#3 /var/www/vhosts/hosting.iptvbillingsolution.com/public/sbp/system/Database/BaseBuilder.php(1455): CodeIgniter\Database\BaseConnection->query()
#4 /var/www/vhosts/hosting.iptvbillingsolution.com/public/sbp/system/Model.php(728): CodeIgniter\Database\BaseBuilder->get()
#5 /var/www/vhosts/hosting.iptvbillingsolution.com/public/sbp/app/Models/Ticketsmodel.php(96): CodeIgniter\Model->__call()
#6 /var/www/vhosts/hosting.iptvbillingsolution.com/public/sbp/app/Controllers/TicketsController.php(35): App\Models\Ticketsmodel->dataifsearchnot()
#7 /var/www/vhosts/hosting.iptvbillingsolution.com/public/sbp/system/CodeIgniter.php(825): App\Controllers\TicketsController->ticketlistajx()
#8 /var/www/vhosts/hosting.iptvbillingsolution.com/public/sbp/system/CodeIgniter.php(412): CodeIgniter\CodeIgniter->runController()
#9 /var/www/vhosts/hosting.iptvbillingsolution.com/public/sbp/system/CodeIgniter.php(320): CodeIgniter\CodeIgniter->handleRequest()
#10 /var/www/vhosts/hosting.iptvbillingsolution.com/public/sbp/index.php(42): CodeIgniter\CodeIgniter->run()
#11 {main}
ERROR - 2023-01-25 15:11:30 --> Expression #11 of SELECT list is not in GROUP BY clause and contains nonaggregated column 'sbp.tbl_tickets_history.created_on' which is not functionally dependent on columns in GROUP BY clause; this is incompatible with sql_mode=only_full_group_by
CRITICAL - 2023-01-25 15:11:30 --> Expression #11 of SELECT list is not in GROUP BY clause and contains nonaggregated column 'sbp.tbl_tickets_history.created_on' which is not functionally dependent on columns in GROUP BY clause; this is incompatible with sql_mode=only_full_group_by
#0 /var/www/vhosts/hosting.iptvbillingsolution.com/public/sbp/system/Database/MySQLi/Connection.php(292): mysqli->query()
#1 /var/www/vhosts/hosting.iptvbillingsolution.com/public/sbp/system/Database/BaseConnection.php(670): CodeIgniter\Database\MySQLi\Connection->execute()
#2 /var/www/vhosts/hosting.iptvbillingsolution.com/public/sbp/system/Database/BaseConnection.php(598): CodeIgniter\Database\BaseConnection->simpleQuery()
#3 /var/www/vhosts/hosting.iptvbillingsolution.com/public/sbp/system/Database/BaseBuilder.php(1455): CodeIgniter\Database\BaseConnection->query()
#4 /var/www/vhosts/hosting.iptvbillingsolution.com/public/sbp/system/Model.php(728): CodeIgniter\Database\BaseBuilder->get()
#5 /var/www/vhosts/hosting.iptvbillingsolution.com/public/sbp/app/Models/Ticketsmodel.php(96): CodeIgniter\Model->__call()
#6 /var/www/vhosts/hosting.iptvbillingsolution.com/public/sbp/app/Controllers/TicketsController.php(35): App\Models\Ticketsmodel->dataifsearchnot()
#7 /var/www/vhosts/hosting.iptvbillingsolution.com/public/sbp/system/CodeIgniter.php(825): App\Controllers\TicketsController->ticketlistajx()
#8 /var/www/vhosts/hosting.iptvbillingsolution.com/public/sbp/system/CodeIgniter.php(412): CodeIgniter\CodeIgniter->runController()
#9 /var/www/vhosts/hosting.iptvbillingsolution.com/public/sbp/system/CodeIgniter.php(320): CodeIgniter\CodeIgniter->handleRequest()
#10 /var/www/vhosts/hosting.iptvbillingsolution.com/public/sbp/index.php(42): CodeIgniter\CodeIgniter->run()
#11 {main}
CRITICAL - 2023-01-25 15:15:09 --> Argument 2 passed to CodeIgniter\Database\BaseBuilder::orLike() must be of the type string, array given, called in /var/www/vhosts/hosting.iptvbillingsolution.com/public/sbp/system/Model.php on line 728
#0 /var/www/vhosts/hosting.iptvbillingsolution.com/public/sbp/system/Model.php(728): CodeIgniter\Database\BaseBuilder->orLike()
#1 /var/www/vhosts/hosting.iptvbillingsolution.com/public/sbp/app/Models/Ticketsmodel.php(86): CodeIgniter\Model->__call()
#2 /var/www/vhosts/hosting.iptvbillingsolution.com/public/sbp/app/Controllers/TicketsController.php(32): App\Models\Ticketsmodel->totalcountforsearrchone()
#3 /var/www/vhosts/hosting.iptvbillingsolution.com/public/sbp/system/CodeIgniter.php(825): App\Controllers\TicketsController->ticketlistajx()
#4 /var/www/vhosts/hosting.iptvbillingsolution.com/public/sbp/system/CodeIgniter.php(412): CodeIgniter\CodeIgniter->runController()
#5 /var/www/vhosts/hosting.iptvbillingsolution.com/public/sbp/system/CodeIgniter.php(320): CodeIgniter\CodeIgniter->handleRequest()
#6 /var/www/vhosts/hosting.iptvbillingsolution.com/public/sbp/index.php(42): CodeIgniter\CodeIgniter->run()
#7 {main}
CRITICAL - 2023-01-25 15:15:42 --> Argument 2 passed to CodeIgniter\Database\BaseBuilder::orLike() must be of the type string, array given, called in /var/www/vhosts/hosting.iptvbillingsolution.com/public/sbp/system/Model.php on line 728
#0 /var/www/vhosts/hosting.iptvbillingsolution.com/public/sbp/system/Model.php(728): CodeIgniter\Database\BaseBuilder->orLike()
#1 /var/www/vhosts/hosting.iptvbillingsolution.com/public/sbp/app/Models/Ticketsmodel.php(87): CodeIgniter\Model->__call()
#2 /var/www/vhosts/hosting.iptvbillingsolution.com/public/sbp/app/Controllers/TicketsController.php(32): App\Models\Ticketsmodel->totalcountforsearrchone()
#3 /var/www/vhosts/hosting.iptvbillingsolution.com/public/sbp/system/CodeIgniter.php(825): App\Controllers\TicketsController->ticketlistajx()
#4 /var/www/vhosts/hosting.iptvbillingsolution.com/public/sbp/system/CodeIgniter.php(412): CodeIgniter\CodeIgniter->runController()
#5 /var/www/vhosts/hosting.iptvbillingsolution.com/public/sbp/system/CodeIgniter.php(320): CodeIgniter\CodeIgniter->handleRequest()
#6 /var/www/vhosts/hosting.iptvbillingsolution.com/public/sbp/index.php(42): CodeIgniter\CodeIgniter->run()
#7 {main}
CRITICAL - 2023-01-25 15:16:14 --> Argument 2 passed to CodeIgniter\Database\BaseBuilder::orLike() must be of the type string, array given, called in /var/www/vhosts/hosting.iptvbillingsolution.com/public/sbp/system/Model.php on line 728
#0 /var/www/vhosts/hosting.iptvbillingsolution.com/public/sbp/system/Model.php(728): CodeIgniter\Database\BaseBuilder->orLike()
#1 /var/www/vhosts/hosting.iptvbillingsolution.com/public/sbp/app/Models/Ticketsmodel.php(87): CodeIgniter\Model->__call()
#2 /var/www/vhosts/hosting.iptvbillingsolution.com/public/sbp/app/Controllers/TicketsController.php(32): App\Models\Ticketsmodel->totalcountforsearrchone()
#3 /var/www/vhosts/hosting.iptvbillingsolution.com/public/sbp/system/CodeIgniter.php(825): App\Controllers\TicketsController->ticketlistajx()
#4 /var/www/vhosts/hosting.iptvbillingsolution.com/public/sbp/system/CodeIgniter.php(412): CodeIgniter\CodeIgniter->runController()
#5 /var/www/vhosts/hosting.iptvbillingsolution.com/public/sbp/system/CodeIgniter.php(320): CodeIgniter\CodeIgniter->handleRequest()
#6 /var/www/vhosts/hosting.iptvbillingsolution.com/public/sbp/index.php(42): CodeIgniter\CodeIgniter->run()
#7 {main}
CRITICAL - 2023-01-25 15:16:30 --> Argument 2 passed to CodeIgniter\Database\BaseBuilder::orLike() must be of the type string, array given, called in /var/www/vhosts/hosting.iptvbillingsolution.com/public/sbp/system/Model.php on line 728
#0 /var/www/vhosts/hosting.iptvbillingsolution.com/public/sbp/system/Model.php(728): CodeIgniter\Database\BaseBuilder->orLike()
#1 /var/www/vhosts/hosting.iptvbillingsolution.com/public/sbp/app/Models/Ticketsmodel.php(87): CodeIgniter\Model->__call()
#2 /var/www/vhosts/hosting.iptvbillingsolution.com/public/sbp/app/Controllers/TicketsController.php(32): App\Models\Ticketsmodel->totalcountforsearrchone()
#3 /var/www/vhosts/hosting.iptvbillingsolution.com/public/sbp/system/CodeIgniter.php(825): App\Controllers\TicketsController->ticketlistajx()
#4 /var/www/vhosts/hosting.iptvbillingsolution.com/public/sbp/system/CodeIgniter.php(412): CodeIgniter\CodeIgniter->runController()
#5 /var/www/vhosts/hosting.iptvbillingsolution.com/public/sbp/system/CodeIgniter.php(320): CodeIgniter\CodeIgniter->handleRequest()
#6 /var/www/vhosts/hosting.iptvbillingsolution.com/public/sbp/index.php(42): CodeIgniter\CodeIgniter->run()
#7 {main}
CRITICAL - 2023-01-25 15:18:03 --> Argument 2 passed to CodeIgniter\Database\BaseBuilder::orLike() must be of the type string, array given, called in /var/www/vhosts/hosting.iptvbillingsolution.com/public/sbp/system/Model.php on line 728
#0 /var/www/vhosts/hosting.iptvbillingsolution.com/public/sbp/system/Model.php(728): CodeIgniter\Database\BaseBuilder->orLike()
#1 /var/www/vhosts/hosting.iptvbillingsolution.com/public/sbp/app/Models/Ticketsmodel.php(86): CodeIgniter\Model->__call()
#2 /var/www/vhosts/hosting.iptvbillingsolution.com/public/sbp/app/Controllers/TicketsController.php(32): App\Models\Ticketsmodel->totalcountforsearrchone()
#3 /var/www/vhosts/hosting.iptvbillingsolution.com/public/sbp/system/CodeIgniter.php(825): App\Controllers\TicketsController->ticketlistajx()
#4 /var/www/vhosts/hosting.iptvbillingsolution.com/public/sbp/system/CodeIgniter.php(412): CodeIgniter\CodeIgniter->runController()
#5 /var/www/vhosts/hosting.iptvbillingsolution.com/public/sbp/system/CodeIgniter.php(320): CodeIgniter\CodeIgniter->handleRequest()
#6 /var/www/vhosts/hosting.iptvbillingsolution.com/public/sbp/index.php(42): CodeIgniter\CodeIgniter->run()
#7 {main}
CRITICAL - 2023-01-25 15:21:06 --> Argument 2 passed to CodeIgniter\Database\BaseBuilder::orLike() must be of the type string, array given, called in /var/www/vhosts/hosting.iptvbillingsolution.com/public/sbp/system/Model.php on line 728
#0 /var/www/vhosts/hosting.iptvbillingsolution.com/public/sbp/system/Model.php(728): CodeIgniter\Database\BaseBuilder->orLike()
#1 /var/www/vhosts/hosting.iptvbillingsolution.com/public/sbp/app/Models/Ticketsmodel.php(86): CodeIgniter\Model->__call()
#2 /var/www/vhosts/hosting.iptvbillingsolution.com/public/sbp/app/Controllers/TicketsController.php(32): App\Models\Ticketsmodel->totalcountforsearrchone()
#3 /var/www/vhosts/hosting.iptvbillingsolution.com/public/sbp/system/CodeIgniter.php(825): App\Controllers\TicketsController->ticketlistajx()
#4 /var/www/vhosts/hosting.iptvbillingsolution.com/public/sbp/system/CodeIgniter.php(412): CodeIgniter\CodeIgniter->runController()
#5 /var/www/vhosts/hosting.iptvbillingsolution.com/public/sbp/system/CodeIgniter.php(320): CodeIgniter\CodeIgniter->handleRequest()
#6 /var/www/vhosts/hosting.iptvbillingsolution.com/public/sbp/index.php(42): CodeIgniter\CodeIgniter->run()
#7 {main}
CRITICAL - 2023-01-25 15:22:23 --> Argument 2 passed to CodeIgniter\Database\BaseBuilder::orLike() must be of the type string, array given, called in /var/www/vhosts/hosting.iptvbillingsolution.com/public/sbp/system/Model.php on line 728
#0 /var/www/vhosts/hosting.iptvbillingsolution.com/public/sbp/system/Model.php(728): CodeIgniter\Database\BaseBuilder->orLike()
#1 /var/www/vhosts/hosting.iptvbillingsolution.com/public/sbp/app/Models/Ticketsmodel.php(86): CodeIgniter\Model->__call()
#2 /var/www/vhosts/hosting.iptvbillingsolution.com/public/sbp/app/Controllers/TicketsController.php(32): App\Models\Ticketsmodel->totalcountforsearrchone()
#3 /var/www/vhosts/hosting.iptvbillingsolution.com/public/sbp/system/CodeIgniter.php(825): App\Controllers\TicketsController->ticketlistajx()
#4 /var/www/vhosts/hosting.iptvbillingsolution.com/public/sbp/system/CodeIgniter.php(412): CodeIgniter\CodeIgniter->runController()
#5 /var/www/vhosts/hosting.iptvbillingsolution.com/public/sbp/system/CodeIgniter.php(320): CodeIgniter\CodeIgniter->handleRequest()
#6 /var/www/vhosts/hosting.iptvbillingsolution.com/public/sbp/index.php(42): CodeIgniter\CodeIgniter->run()
#7 {main}
CRITICAL - 2023-01-25 15:22:45 --> Argument 2 passed to CodeIgniter\Database\BaseBuilder::orLike() must be of the type string, array given, called in /var/www/vhosts/hosting.iptvbillingsolution.com/public/sbp/system/Model.php on line 728
#0 /var/www/vhosts/hosting.iptvbillingsolution.com/public/sbp/system/Model.php(728): CodeIgniter\Database\BaseBuilder->orLike()
#1 /var/www/vhosts/hosting.iptvbillingsolution.com/public/sbp/app/Models/Ticketsmodel.php(86): CodeIgniter\Model->__call()
#2 /var/www/vhosts/hosting.iptvbillingsolution.com/public/sbp/app/Controllers/TicketsController.php(32): App\Models\Ticketsmodel->totalcountforsearrchone()
#3 /var/www/vhosts/hosting.iptvbillingsolution.com/public/sbp/system/CodeIgniter.php(825): App\Controllers\TicketsController->ticketlistajx()
#4 /var/www/vhosts/hosting.iptvbillingsolution.com/public/sbp/system/CodeIgniter.php(412): CodeIgniter\CodeIgniter->runController()
#5 /var/www/vhosts/hosting.iptvbillingsolution.com/public/sbp/system/CodeIgniter.php(320): CodeIgniter\CodeIgniter->handleRequest()
#6 /var/www/vhosts/hosting.iptvbillingsolution.com/public/sbp/index.php(42): CodeIgniter\CodeIgniter->run()
#7 {main}
CRITICAL - 2023-01-25 15:22:52 --> Argument 2 passed to CodeIgniter\Database\BaseBuilder::orLike() must be of the type string, array given, called in /var/www/vhosts/hosting.iptvbillingsolution.com/public/sbp/system/Model.php on line 728
#0 /var/www/vhosts/hosting.iptvbillingsolution.com/public/sbp/system/Model.php(728): CodeIgniter\Database\BaseBuilder->orLike()
#1 /var/www/vhosts/hosting.iptvbillingsolution.com/public/sbp/app/Models/Ticketsmodel.php(86): CodeIgniter\Model->__call()
#2 /var/www/vhosts/hosting.iptvbillingsolution.com/public/sbp/app/Controllers/TicketsController.php(32): App\Models\Ticketsmodel->totalcountforsearrchone()
#3 /var/www/vhosts/hosting.iptvbillingsolution.com/public/sbp/system/CodeIgniter.php(825): App\Controllers\TicketsController->ticketlistajx()
#4 /var/www/vhosts/hosting.iptvbillingsolution.com/public/sbp/system/CodeIgniter.php(412): CodeIgniter\CodeIgniter->runController()
#5 /var/www/vhosts/hosting.iptvbillingsolution.com/public/sbp/system/CodeIgniter.php(320): CodeIgniter\CodeIgniter->handleRequest()
#6 /var/www/vhosts/hosting.iptvbillingsolution.com/public/sbp/index.php(42): CodeIgniter\CodeIgniter->run()
#7 {main}
CRITICAL - 2023-01-25 15:23:23 --> Argument 2 passed to CodeIgniter\Database\BaseBuilder::orLike() must be of the type string, array given, called in /var/www/vhosts/hosting.iptvbillingsolution.com/public/sbp/system/Model.php on line 728
#0 /var/www/vhosts/hosting.iptvbillingsolution.com/public/sbp/system/Model.php(728): CodeIgniter\Database\BaseBuilder->orLike()
#1 /var/www/vhosts/hosting.iptvbillingsolution.com/public/sbp/app/Models/Ticketsmodel.php(86): CodeIgniter\Model->__call()
#2 /var/www/vhosts/hosting.iptvbillingsolution.com/public/sbp/app/Controllers/TicketsController.php(32): App\Models\Ticketsmodel->totalcountforsearrchone()
#3 /var/www/vhosts/hosting.iptvbillingsolution.com/public/sbp/system/CodeIgniter.php(825): App\Controllers\TicketsController->ticketlistajx()
#4 /var/www/vhosts/hosting.iptvbillingsolution.com/public/sbp/system/CodeIgniter.php(412): CodeIgniter\CodeIgniter->runController()
#5 /var/www/vhosts/hosting.iptvbillingsolution.com/public/sbp/system/CodeIgniter.php(320): CodeIgniter\CodeIgniter->handleRequest()
#6 /var/www/vhosts/hosting.iptvbillingsolution.com/public/sbp/index.php(42): CodeIgniter\CodeIgniter->run()
#7 {main}
CRITICAL - 2023-01-25 15:23:29 --> Argument 2 passed to CodeIgniter\Database\BaseBuilder::orLike() must be of the type string, array given, called in /var/www/vhosts/hosting.iptvbillingsolution.com/public/sbp/system/Model.php on line 728
#0 /var/www/vhosts/hosting.iptvbillingsolution.com/public/sbp/system/Model.php(728): CodeIgniter\Database\BaseBuilder->orLike()
#1 /var/www/vhosts/hosting.iptvbillingsolution.com/public/sbp/app/Models/Ticketsmodel.php(86): CodeIgniter\Model->__call()
#2 /var/www/vhosts/hosting.iptvbillingsolution.com/public/sbp/app/Controllers/TicketsController.php(32): App\Models\Ticketsmodel->totalcountforsearrchone()
#3 /var/www/vhosts/hosting.iptvbillingsolution.com/public/sbp/system/CodeIgniter.php(825): App\Controllers\TicketsController->ticketlistajx()
#4 /var/www/vhosts/hosting.iptvbillingsolution.com/public/sbp/system/CodeIgniter.php(412): CodeIgniter\CodeIgniter->runController()
#5 /var/www/vhosts/hosting.iptvbillingsolution.com/public/sbp/system/CodeIgniter.php(320): CodeIgniter\CodeIgniter->handleRequest()
#6 /var/www/vhosts/hosting.iptvbillingsolution.com/public/sbp/index.php(42): CodeIgniter\CodeIgniter->run()
#7 {main}
CRITICAL - 2023-01-25 15:25:08 --> Argument 2 passed to CodeIgniter\Database\BaseBuilder::orLike() must be of the type string, array given, called in /var/www/vhosts/hosting.iptvbillingsolution.com/public/sbp/system/Model.php on line 728
#0 /var/www/vhosts/hosting.iptvbillingsolution.com/public/sbp/system/Model.php(728): CodeIgniter\Database\BaseBuilder->orLike()
#1 /var/www/vhosts/hosting.iptvbillingsolution.com/public/sbp/app/Models/Ticketsmodel.php(86): CodeIgniter\Model->__call()
#2 /var/www/vhosts/hosting.iptvbillingsolution.com/public/sbp/app/Controllers/TicketsController.php(32): App\Models\Ticketsmodel->totalcountforsearrchone()
#3 /var/www/vhosts/hosting.iptvbillingsolution.com/public/sbp/system/CodeIgniter.php(825): App\Controllers\TicketsController->ticketlistajx()
#4 /var/www/vhosts/hosting.iptvbillingsolution.com/public/sbp/system/CodeIgniter.php(412): CodeIgniter\CodeIgniter->runController()
#5 /var/www/vhosts/hosting.iptvbillingsolution.com/public/sbp/system/CodeIgniter.php(320): CodeIgniter\CodeIgniter->handleRequest()
#6 /var/www/vhosts/hosting.iptvbillingsolution.com/public/sbp/index.php(42): CodeIgniter\CodeIgniter->run()
#7 {main}
CRITICAL - 2023-01-25 15:25:11 --> Argument 2 passed to CodeIgniter\Database\BaseBuilder::orLike() must be of the type string, array given, called in /var/www/vhosts/hosting.iptvbillingsolution.com/public/sbp/system/Model.php on line 728
#0 /var/www/vhosts/hosting.iptvbillingsolution.com/public/sbp/system/Model.php(728): CodeIgniter\Database\BaseBuilder->orLike()
#1 /var/www/vhosts/hosting.iptvbillingsolution.com/public/sbp/app/Models/Ticketsmodel.php(86): CodeIgniter\Model->__call()
#2 /var/www/vhosts/hosting.iptvbillingsolution.com/public/sbp/app/Controllers/TicketsController.php(32): App\Models\Ticketsmodel->totalcountforsearrchone()
#3 /var/www/vhosts/hosting.iptvbillingsolution.com/public/sbp/system/CodeIgniter.php(825): App\Controllers\TicketsController->ticketlistajx()
#4 /var/www/vhosts/hosting.iptvbillingsolution.com/public/sbp/system/CodeIgniter.php(412): CodeIgniter\CodeIgniter->runController()
#5 /var/www/vhosts/hosting.iptvbillingsolution.com/public/sbp/system/CodeIgniter.php(320): CodeIgniter\CodeIgniter->handleRequest()
#6 /var/www/vhosts/hosting.iptvbillingsolution.com/public/sbp/index.php(42): CodeIgniter\CodeIgniter->run()
#7 {main}
CRITICAL - 2023-01-25 15:25:14 --> Argument 2 passed to CodeIgniter\Database\BaseBuilder::orLike() must be of the type string, array given, called in /var/www/vhosts/hosting.iptvbillingsolution.com/public/sbp/system/Model.php on line 728
#0 /var/www/vhosts/hosting.iptvbillingsolution.com/public/sbp/system/Model.php(728): CodeIgniter\Database\BaseBuilder->orLike()
#1 /var/www/vhosts/hosting.iptvbillingsolution.com/public/sbp/app/Models/Ticketsmodel.php(86): CodeIgniter\Model->__call()
#2 /var/www/vhosts/hosting.iptvbillingsolution.com/public/sbp/app/Controllers/TicketsController.php(32): App\Models\Ticketsmodel->totalcountforsearrchone()
#3 /var/www/vhosts/hosting.iptvbillingsolution.com/public/sbp/system/CodeIgniter.php(825): App\Controllers\TicketsController->ticketlistajx()
#4 /var/www/vhosts/hosting.iptvbillingsolution.com/public/sbp/system/CodeIgniter.php(412): CodeIgniter\CodeIgniter->runController()
#5 /var/www/vhosts/hosting.iptvbillingsolution.com/public/sbp/system/CodeIgniter.php(320): CodeIgniter\CodeIgniter->handleRequest()
#6 /var/www/vhosts/hosting.iptvbillingsolution.com/public/sbp/index.php(42): CodeIgniter\CodeIgniter->run()
#7 {main}
CRITICAL - 2023-01-25 15:25:20 --> Argument 2 passed to CodeIgniter\Database\BaseBuilder::orLike() must be of the type string, array given, called in /var/www/vhosts/hosting.iptvbillingsolution.com/public/sbp/system/Model.php on line 728
#0 /var/www/vhosts/hosting.iptvbillingsolution.com/public/sbp/system/Model.php(728): CodeIgniter\Database\BaseBuilder->orLike()
#1 /var/www/vhosts/hosting.iptvbillingsolution.com/public/sbp/app/Models/Ticketsmodel.php(86): CodeIgniter\Model->__call()
#2 /var/www/vhosts/hosting.iptvbillingsolution.com/public/sbp/app/Controllers/TicketsController.php(32): App\Models\Ticketsmodel->totalcountforsearrchone()
#3 /var/www/vhosts/hosting.iptvbillingsolution.com/public/sbp/system/CodeIgniter.php(825): App\Controllers\TicketsController->ticketlistajx()
#4 /var/www/vhosts/hosting.iptvbillingsolution.com/public/sbp/system/CodeIgniter.php(412): CodeIgniter\CodeIgniter->runController()
#5 /var/www/vhosts/hosting.iptvbillingsolution.com/public/sbp/system/CodeIgniter.php(320): CodeIgniter\CodeIgniter->handleRequest()
#6 /var/www/vhosts/hosting.iptvbillingsolution.com/public/sbp/index.php(42): CodeIgniter\CodeIgniter->run()
#7 {main}
CRITICAL - 2023-01-25 15:25:28 --> Argument 2 passed to CodeIgniter\Database\BaseBuilder::orLike() must be of the type string, array given, called in /var/www/vhosts/hosting.iptvbillingsolution.com/public/sbp/system/Model.php on line 728
#0 /var/www/vhosts/hosting.iptvbillingsolution.com/public/sbp/system/Model.php(728): CodeIgniter\Database\BaseBuilder->orLike()
#1 /var/www/vhosts/hosting.iptvbillingsolution.com/public/sbp/app/Models/Ticketsmodel.php(86): CodeIgniter\Model->__call()
#2 /var/www/vhosts/hosting.iptvbillingsolution.com/public/sbp/app/Controllers/TicketsController.php(32): App\Models\Ticketsmodel->totalcountforsearrchone()
#3 /var/www/vhosts/hosting.iptvbillingsolution.com/public/sbp/system/CodeIgniter.php(825): App\Controllers\TicketsController->ticketlistajx()
#4 /var/www/vhosts/hosting.iptvbillingsolution.com/public/sbp/system/CodeIgniter.php(412): CodeIgniter\CodeIgniter->runController()
#5 /var/www/vhosts/hosting.iptvbillingsolution.com/public/sbp/system/CodeIgniter.php(320): CodeIgniter\CodeIgniter->handleRequest()
#6 /var/www/vhosts/hosting.iptvbillingsolution.com/public/sbp/index.php(42): CodeIgniter\CodeIgniter->run()
#7 {main}
CRITICAL - 2023-01-25 15:27:53 --> Argument 2 passed to CodeIgniter\Database\BaseBuilder::orLike() must be of the type string, array given, called in /var/www/vhosts/hosting.iptvbillingsolution.com/public/sbp/system/Model.php on line 728
#0 /var/www/vhosts/hosting.iptvbillingsolution.com/public/sbp/system/Model.php(728): CodeIgniter\Database\BaseBuilder->orLike()
#1 /var/www/vhosts/hosting.iptvbillingsolution.com/public/sbp/app/Models/Ticketsmodel.php(86): CodeIgniter\Model->__call()
#2 /var/www/vhosts/hosting.iptvbillingsolution.com/public/sbp/app/Controllers/TicketsController.php(32): App\Models\Ticketsmodel->totalcountforsearrchone()
#3 /var/www/vhosts/hosting.iptvbillingsolution.com/public/sbp/system/CodeIgniter.php(825): App\Controllers\TicketsController->ticketlistajx()
#4 /var/www/vhosts/hosting.iptvbillingsolution.com/public/sbp/system/CodeIgniter.php(412): CodeIgniter\CodeIgniter->runController()
#5 /var/www/vhosts/hosting.iptvbillingsolution.com/public/sbp/system/CodeIgniter.php(320): CodeIgniter\CodeIgniter->handleRequest()
#6 /var/www/vhosts/hosting.iptvbillingsolution.com/public/sbp/index.php(42): CodeIgniter\CodeIgniter->run()
#7 {main}
CRITICAL - 2023-01-25 15:30:04 --> Class 'App\Models\Ticketsmodel' not found
#0 /var/www/vhosts/hosting.iptvbillingsolution.com/public/sbp/system/CodeIgniter.php(802): App\Controllers\TicketsController->__construct()
#1 /var/www/vhosts/hosting.iptvbillingsolution.com/public/sbp/system/CodeIgniter.php(403): CodeIgniter\CodeIgniter->createController()
#2 /var/www/vhosts/hosting.iptvbillingsolution.com/public/sbp/system/CodeIgniter.php(320): CodeIgniter\CodeIgniter->handleRequest()
#3 /var/www/vhosts/hosting.iptvbillingsolution.com/public/sbp/index.php(42): CodeIgniter\CodeIgniter->run()
#4 {main}
CRITICAL - 2023-01-25 15:30:24 --> Argument 2 passed to CodeIgniter\Database\BaseBuilder::orLike() must be of the type string, array given, called in /var/www/vhosts/hosting.iptvbillingsolution.com/public/sbp/system/Model.php on line 728
#0 /var/www/vhosts/hosting.iptvbillingsolution.com/public/sbp/system/Model.php(728): CodeIgniter\Database\BaseBuilder->orLike()
#1 /var/www/vhosts/hosting.iptvbillingsolution.com/public/sbp/app/Models/Ticketsmodel.php(88): CodeIgniter\Model->__call()
#2 /var/www/vhosts/hosting.iptvbillingsolution.com/public/sbp/app/Controllers/TicketsController.php(32): App\Models\Ticketsmodel->totalcountforsearrchone()
#3 /var/www/vhosts/hosting.iptvbillingsolution.com/public/sbp/system/CodeIgniter.php(825): App\Controllers\TicketsController->ticketlistajx()
#4 /var/www/vhosts/hosting.iptvbillingsolution.com/public/sbp/system/CodeIgniter.php(412): CodeIgniter\CodeIgniter->runController()
#5 /var/www/vhosts/hosting.iptvbillingsolution.com/public/sbp/system/CodeIgniter.php(320): CodeIgniter\CodeIgniter->handleRequest()
#6 /var/www/vhosts/hosting.iptvbillingsolution.com/public/sbp/index.php(42): CodeIgniter\CodeIgniter->run()
#7 {main}
CRITICAL - 2023-01-25 15:32:49 --> Argument 2 passed to CodeIgniter\Database\BaseBuilder::orLike() must be of the type string, array given, called in /var/www/vhosts/hosting.iptvbillingsolution.com/public/sbp/system/Model.php on line 728
#0 /var/www/vhosts/hosting.iptvbillingsolution.com/public/sbp/system/Model.php(728): CodeIgniter\Database\BaseBuilder->orLike()
#1 /var/www/vhosts/hosting.iptvbillingsolution.com/public/sbp/app/Models/Ticketsmodel.php(88): CodeIgniter\Model->__call()
#2 /var/www/vhosts/hosting.iptvbillingsolution.com/public/sbp/app/Controllers/TicketsController.php(32): App\Models\Ticketsmodel->totalcountforsearrchone()
#3 /var/www/vhosts/hosting.iptvbillingsolution.com/public/sbp/system/CodeIgniter.php(825): App\Controllers\TicketsController->ticketlistajx()
#4 /var/www/vhosts/hosting.iptvbillingsolution.com/public/sbp/system/CodeIgniter.php(412): CodeIgniter\CodeIgniter->runController()
#5 /var/www/vhosts/hosting.iptvbillingsolution.com/public/sbp/system/CodeIgniter.php(320): CodeIgniter\CodeIgniter->handleRequest()
#6 /var/www/vhosts/hosting.iptvbillingsolution.com/public/sbp/index.php(42): CodeIgniter\CodeIgniter->run()
#7 {main}
CRITICAL - 2023-01-25 15:33:58 --> Argument 2 passed to CodeIgniter\Database\BaseBuilder::orLike() must be of the type string, array given, called in /var/www/vhosts/hosting.iptvbillingsolution.com/public/sbp/system/Model.php on line 728
#0 /var/www/vhosts/hosting.iptvbillingsolution.com/public/sbp/system/Model.php(728): CodeIgniter\Database\BaseBuilder->orLike()
#1 /var/www/vhosts/hosting.iptvbillingsolution.com/public/sbp/app/Models/Ticketsmodel.php(88): CodeIgniter\Model->__call()
#2 /var/www/vhosts/hosting.iptvbillingsolution.com/public/sbp/app/Controllers/TicketsController.php(32): App\Models\Ticketsmodel->totalcountforsearrchone()
#3 /var/www/vhosts/hosting.iptvbillingsolution.com/public/sbp/system/CodeIgniter.php(825): App\Controllers\TicketsController->ticketlistajx()
#4 /var/www/vhosts/hosting.iptvbillingsolution.com/public/sbp/system/CodeIgniter.php(412): CodeIgniter\CodeIgniter->runController()
#5 /var/www/vhosts/hosting.iptvbillingsolution.com/public/sbp/system/CodeIgniter.php(320): CodeIgniter\CodeIgniter->handleRequest()
#6 /var/www/vhosts/hosting.iptvbillingsolution.com/public/sbp/index.php(42): CodeIgniter\CodeIgniter->run()
#7 {main}
CRITICAL - 2023-01-25 15:35:19 --> Argument 2 passed to CodeIgniter\Database\BaseBuilder::orLike() must be of the type string, array given, called in /var/www/vhosts/hosting.iptvbillingsolution.com/public/sbp/system/Model.php on line 728
#0 /var/www/vhosts/hosting.iptvbillingsolution.com/public/sbp/system/Model.php(728): CodeIgniter\Database\BaseBuilder->orLike()
#1 /var/www/vhosts/hosting.iptvbillingsolution.com/public/sbp/app/Models/Ticketsmodel.php(86): CodeIgniter\Model->__call()
#2 /var/www/vhosts/hosting.iptvbillingsolution.com/public/sbp/app/Controllers/TicketsController.php(32): App\Models\Ticketsmodel->totalcountforsearrchone()
#3 /var/www/vhosts/hosting.iptvbillingsolution.com/public/sbp/system/CodeIgniter.php(825): App\Controllers\TicketsController->ticketlistajx()
#4 /var/www/vhosts/hosting.iptvbillingsolution.com/public/sbp/system/CodeIgniter.php(412): CodeIgniter\CodeIgniter->runController()
#5 /var/www/vhosts/hosting.iptvbillingsolution.com/public/sbp/system/CodeIgniter.php(320): CodeIgniter\CodeIgniter->handleRequest()
#6 /var/www/vhosts/hosting.iptvbillingsolution.com/public/sbp/index.php(42): CodeIgniter\CodeIgniter->run()
#7 {main}
ERROR - 2023-01-25 15:36:32 --> Unknown column 'tbl_tickets_history.created_on' in 'field list'
CRITICAL - 2023-01-25 15:36:32 --> Unknown column 'tbl_tickets_history.created_on' in 'field list'
#0 /var/www/vhosts/hosting.iptvbillingsolution.com/public/sbp/system/Database/MySQLi/Connection.php(292): mysqli->query()
#1 /var/www/vhosts/hosting.iptvbillingsolution.com/public/sbp/system/Database/BaseConnection.php(670): CodeIgniter\Database\MySQLi\Connection->execute()
#2 /var/www/vhosts/hosting.iptvbillingsolution.com/public/sbp/system/Database/BaseConnection.php(598): CodeIgniter\Database\BaseConnection->simpleQuery()
#3 /var/www/vhosts/hosting.iptvbillingsolution.com/public/sbp/system/Database/BaseBuilder.php(1455): CodeIgniter\Database\BaseConnection->query()
#4 /var/www/vhosts/hosting.iptvbillingsolution.com/public/sbp/system/Model.php(728): CodeIgniter\Database\BaseBuilder->get()
#5 /var/www/vhosts/hosting.iptvbillingsolution.com/public/sbp/app/Models/Ticketsmodel.php(88): CodeIgniter\Model->__call()
#6 /var/www/vhosts/hosting.iptvbillingsolution.com/public/sbp/app/Controllers/TicketsController.php(32): App\Models\Ticketsmodel->totalcountforsearrchone()
#7 /var/www/vhosts/hosting.iptvbillingsolution.com/public/sbp/system/CodeIgniter.php(825): App\Controllers\TicketsController->ticketlistajx()
#8 /var/www/vhosts/hosting.iptvbillingsolution.com/public/sbp/system/CodeIgniter.php(412): CodeIgniter\CodeIgniter->runController()
#9 /var/www/vhosts/hosting.iptvbillingsolution.com/public/sbp/system/CodeIgniter.php(320): CodeIgniter\CodeIgniter->handleRequest()
#10 /var/www/vhosts/hosting.iptvbillingsolution.com/public/sbp/index.php(42): CodeIgniter\CodeIgniter->run()
#11 {main}
CRITICAL - 2023-01-25 15:41:33 --> Argument 1 passed to CodeIgniter\Database\BaseBuilder::limit() must be of the type int or null, string given, called in /var/www/vhosts/hosting.iptvbillingsolution.com/public/sbp/system/Model.php on line 728
#0 /var/www/vhosts/hosting.iptvbillingsolution.com/public/sbp/system/Model.php(728): CodeIgniter\Database\BaseBuilder->limit()
#1 /var/www/vhosts/hosting.iptvbillingsolution.com/public/sbp/app/Models/Ticketsmodel.php(24): CodeIgniter\Model->__call()
#2 /var/www/vhosts/hosting.iptvbillingsolution.com/public/sbp/app/Controllers/TicketsController.php(32): App\Models\Ticketsmodel->totalcountforsearrchone()
#3 /var/www/vhosts/hosting.iptvbillingsolution.com/public/sbp/system/CodeIgniter.php(825): App\Controllers\TicketsController->ticketlistajx()
#4 /var/www/vhosts/hosting.iptvbillingsolution.com/public/sbp/system/CodeIgniter.php(412): CodeIgniter\CodeIgniter->runController()
#5 /var/www/vhosts/hosting.iptvbillingsolution.com/public/sbp/system/CodeIgniter.php(320): CodeIgniter\CodeIgniter->handleRequest()
#6 /var/www/vhosts/hosting.iptvbillingsolution.com/public/sbp/index.php(42): CodeIgniter\CodeIgniter->run()
#7 {main}
CRITICAL - 2023-01-25 15:41:39 --> Argument 1 passed to CodeIgniter\Database\BaseBuilder::limit() must be of the type int or null, string given, called in /var/www/vhosts/hosting.iptvbillingsolution.com/public/sbp/system/Model.php on line 728
#0 /var/www/vhosts/hosting.iptvbillingsolution.com/public/sbp/system/Model.php(728): CodeIgniter\Database\BaseBuilder->limit()
#1 /var/www/vhosts/hosting.iptvbillingsolution.com/public/sbp/app/Models/Ticketsmodel.php(24): CodeIgniter\Model->__call()
#2 /var/www/vhosts/hosting.iptvbillingsolution.com/public/sbp/app/Controllers/TicketsController.php(32): App\Models\Ticketsmodel->totalcountforsearrchone()
#3 /var/www/vhosts/hosting.iptvbillingsolution.com/public/sbp/system/CodeIgniter.php(825): App\Controllers\TicketsController->ticketlistajx()
#4 /var/www/vhosts/hosting.iptvbillingsolution.com/public/sbp/system/CodeIgniter.php(412): CodeIgniter\CodeIgniter->runController()
#5 /var/www/vhosts/hosting.iptvbillingsolution.com/public/sbp/system/CodeIgniter.php(320): CodeIgniter\CodeIgniter->handleRequest()
#6 /var/www/vhosts/hosting.iptvbillingsolution.com/public/sbp/index.php(42): CodeIgniter\CodeIgniter->run()
#7 {main}
CRITICAL - 2023-01-25 16:40:32 --> implode(): Invalid arguments passed
#0 [internal function]: CodeIgniter\Debug\Exceptions->errorHandler()
#1 /var/www/vhosts/hosting.iptvbillingsolution.com/public/sbp/app/Controllers/BaseController.php(185): implode()
#2 /var/www/vhosts/hosting.iptvbillingsolution.com/public/sbp/app/Controllers/Login.php(139): App\Controllers\BaseController->sendmail()
#3 /var/www/vhosts/hosting.iptvbillingsolution.com/public/sbp/system/CodeIgniter.php(825): App\Controllers\Login->login()
#4 /var/www/vhosts/hosting.iptvbillingsolution.com/public/sbp/system/CodeIgniter.php(412): CodeIgniter\CodeIgniter->runController()
#5 /var/www/vhosts/hosting.iptvbillingsolution.com/public/sbp/system/CodeIgniter.php(320): CodeIgniter\CodeIgniter->handleRequest()
#6 /var/www/vhosts/hosting.iptvbillingsolution.com/public/sbp/index.php(42): CodeIgniter\CodeIgniter->run()
#7 {main}
CRITICAL - 2023-01-25 17:56:33 --> Undefined variable: menuactive
#0 /var/www/vhosts/hosting.iptvbillingsolution.com/public/sbp/app/Views/includes/header.php(187): CodeIgniter\Debug\Exceptions->errorHandler()
#1 /var/www/vhosts/hosting.iptvbillingsolution.com/public/sbp/system/View/View.php(210): include('/var/www/vhosts...')
#2 /var/www/vhosts/hosting.iptvbillingsolution.com/public/sbp/system/View/View.php(213): CodeIgniter\View\View->CodeIgniter\View\{closure}()
#3 /var/www/vhosts/hosting.iptvbillingsolution.com/public/sbp/system/Common.php(1089): CodeIgniter\View\View->render()
#4 /var/www/vhosts/hosting.iptvbillingsolution.com/public/sbp/app/Controllers/Profile.php(116): view()
#5 /var/www/vhosts/hosting.iptvbillingsolution.com/public/sbp/system/CodeIgniter.php(825): App\Controllers\Profile->profile()
#6 /var/www/vhosts/hosting.iptvbillingsolution.com/public/sbp/system/CodeIgniter.php(412): CodeIgniter\CodeIgniter->runController()
#7 /var/www/vhosts/hosting.iptvbillingsolution.com/public/sbp/system/CodeIgniter.php(320): CodeIgniter\CodeIgniter->handleRequest()
#8 /var/www/vhosts/hosting.iptvbillingsolution.com/public/sbp/index.php(42): CodeIgniter\CodeIgniter->run()
#9 {main}
CRITICAL - 2023-01-25 17:57:02 --> Undefined variable: menuactive
#0 /var/www/vhosts/hosting.iptvbillingsolution.com/public/sbp/app/Views/includes/header.php(187): CodeIgniter\Debug\Exceptions->errorHandler()
#1 /var/www/vhosts/hosting.iptvbillingsolution.com/public/sbp/system/View/View.php(210): include('/var/www/vhosts...')
#2 /var/www/vhosts/hosting.iptvbillingsolution.com/public/sbp/system/View/View.php(213): CodeIgniter\View\View->CodeIgniter\View\{closure}()
#3 /var/www/vhosts/hosting.iptvbillingsolution.com/public/sbp/system/Common.php(1089): CodeIgniter\View\View->render()
#4 /var/www/vhosts/hosting.iptvbillingsolution.com/public/sbp/app/Controllers/Profile.php(116): view()
#5 /var/www/vhosts/hosting.iptvbillingsolution.com/public/sbp/system/CodeIgniter.php(825): App\Controllers\Profile->profile()
#6 /var/www/vhosts/hosting.iptvbillingsolution.com/public/sbp/system/CodeIgniter.php(412): CodeIgniter\CodeIgniter->runController()
#7 /var/www/vhosts/hosting.iptvbillingsolution.com/public/sbp/system/CodeIgniter.php(320): CodeIgniter\CodeIgniter->handleRequest()
#8 /var/www/vhosts/hosting.iptvbillingsolution.com/public/sbp/index.php(42): CodeIgniter\CodeIgniter->run()
#9 {main}
CRITICAL - 2023-01-25 17:59:23 --> Undefined variable: menuactive
#0 /var/www/vhosts/hosting.iptvbillingsolution.com/public/sbp/app/Views/includes/header.php(187): CodeIgniter\Debug\Exceptions->errorHandler()
#1 /var/www/vhosts/hosting.iptvbillingsolution.com/public/sbp/system/View/View.php(210): include('/var/www/vhosts...')
#2 /var/www/vhosts/hosting.iptvbillingsolution.com/public/sbp/system/View/View.php(213): CodeIgniter\View\View->CodeIgniter\View\{closure}()
#3 /var/www/vhosts/hosting.iptvbillingsolution.com/public/sbp/system/Common.php(1089): CodeIgniter\View\View->render()
#4 /var/www/vhosts/hosting.iptvbillingsolution.com/public/sbp/app/Controllers/Profile.php(116): view()
#5 /var/www/vhosts/hosting.iptvbillingsolution.com/public/sbp/system/CodeIgniter.php(825): App\Controllers\Profile->profile()
#6 /var/www/vhosts/hosting.iptvbillingsolution.com/public/sbp/system/CodeIgniter.php(412): CodeIgniter\CodeIgniter->runController()
#7 /var/www/vhosts/hosting.iptvbillingsolution.com/public/sbp/system/CodeIgniter.php(320): CodeIgniter\CodeIgniter->handleRequest()
#8 /var/www/vhosts/hosting.iptvbillingsolution.com/public/sbp/index.php(42): CodeIgniter\CodeIgniter->run()
#9 {main}
CRITICAL - 2023-01-25 18:02:37 --> Undefined variable: menuactive
#0 /var/www/vhosts/hosting.iptvbillingsolution.com/public/sbp/app/Views/includes/header.php(187): CodeIgniter\Debug\Exceptions->errorHandler()
#1 /var/www/vhosts/hosting.iptvbillingsolution.com/public/sbp/system/View/View.php(210): include('/var/www/vhosts...')
#2 /var/www/vhosts/hosting.iptvbillingsolution.com/public/sbp/system/View/View.php(213): CodeIgniter\View\View->CodeIgniter\View\{closure}()
#3 /var/www/vhosts/hosting.iptvbillingsolution.com/public/sbp/system/Common.php(1089): CodeIgniter\View\View->render()
#4 /var/www/vhosts/hosting.iptvbillingsolution.com/public/sbp/app/Controllers/Profile.php(116): view()
#5 /var/www/vhosts/hosting.iptvbillingsolution.com/public/sbp/system/CodeIgniter.php(825): App\Controllers\Profile->profile()
#6 /var/www/vhosts/hosting.iptvbillingsolution.com/public/sbp/system/CodeIgniter.php(412): CodeIgniter\CodeIgniter->runController()
#7 /var/www/vhosts/hosting.iptvbillingsolution.com/public/sbp/system/CodeIgniter.php(320): CodeIgniter\CodeIgniter->handleRequest()
#8 /var/www/vhosts/hosting.iptvbillingsolution.com/public/sbp/index.php(42): CodeIgniter\CodeIgniter->run()
#9 {main}
CRITICAL - 2023-01-25 18:02:46 --> Undefined variable: menuactive
#0 /var/www/vhosts/hosting.iptvbillingsolution.com/public/sbp/app/Views/includes/header.php(187): CodeIgniter\Debug\Exceptions->errorHandler()
#1 /var/www/vhosts/hosting.iptvbillingsolution.com/public/sbp/system/View/View.php(210): include('/var/www/vhosts...')
#2 /var/www/vhosts/hosting.iptvbillingsolution.com/public/sbp/system/View/View.php(213): CodeIgniter\View\View->CodeIgniter\View\{closure}()
#3 /var/www/vhosts/hosting.iptvbillingsolution.com/public/sbp/system/Common.php(1089): CodeIgniter\View\View->render()
#4 /var/www/vhosts/hosting.iptvbillingsolution.com/public/sbp/app/Controllers/Profile.php(116): view()
#5 /var/www/vhosts/hosting.iptvbillingsolution.com/public/sbp/system/CodeIgniter.php(825): App\Controllers\Profile->profile()
#6 /var/www/vhosts/hosting.iptvbillingsolution.com/public/sbp/system/CodeIgniter.php(412): CodeIgniter\CodeIgniter->runController()
#7 /var/www/vhosts/hosting.iptvbillingsolution.com/public/sbp/system/CodeIgniter.php(320): CodeIgniter\CodeIgniter->handleRequest()
#8 /var/www/vhosts/hosting.iptvbillingsolution.com/public/sbp/index.php(42): CodeIgniter\CodeIgniter->run()
#9 {main}
CRITICAL - 2023-01-25 18:04:57 --> Cannot use isset() on the result of an expression (you can use "null !== expression" instead)
#0 [internal function]: CodeIgniter\Debug\Exceptions->shutdownHandler()
#1 {main}
CRITICAL - 2023-01-25 18:05:00 --> Cannot use isset() on the result of an expression (you can use "null !== expression" instead)
#0 [internal function]: CodeIgniter\Debug\Exceptions->shutdownHandler()
#1 {main}
CRITICAL - 2023-01-25 18:05:03 --> Cannot use isset() on the result of an expression (you can use "null !== expression" instead)
#0 [internal function]: CodeIgniter\Debug\Exceptions->shutdownHandler()
#1 {main}
CRITICAL - 2023-01-25 18:05:54 --> Cannot use isset() on the result of an expression (you can use "null !== expression" instead)
#0 [internal function]: CodeIgniter\Debug\Exceptions->shutdownHandler()
#1 {main}
CRITICAL - 2023-01-25 18:06:08 --> Cannot use isset() on the result of an expression (you can use "null !== expression" instead)
#0 [internal function]: CodeIgniter\Debug\Exceptions->shutdownHandler()
#1 {main}
CRITICAL - 2023-01-25 18:06:20 --> Cannot use isset() on the result of an expression (you can use "null !== expression" instead)
#0 [internal function]: CodeIgniter\Debug\Exceptions->shutdownHandler()
#1 {main}
CRITICAL - 2023-01-25 18:06:39 --> Undefined variable: menuactive
#0 /var/www/vhosts/hosting.iptvbillingsolution.com/public/sbp/app/Views/includes/header.php(187): CodeIgniter\Debug\Exceptions->errorHandler()
#1 /var/www/vhosts/hosting.iptvbillingsolution.com/public/sbp/system/View/View.php(210): include('/var/www/vhosts...')
#2 /var/www/vhosts/hosting.iptvbillingsolution.com/public/sbp/system/View/View.php(213): CodeIgniter\View\View->CodeIgniter\View\{closure}()
#3 /var/www/vhosts/hosting.iptvbillingsolution.com/public/sbp/system/Common.php(1089): CodeIgniter\View\View->render()
#4 /var/www/vhosts/hosting.iptvbillingsolution.com/public/sbp/app/Controllers/Profile.php(116): view()
#5 /var/www/vhosts/hosting.iptvbillingsolution.com/public/sbp/system/CodeIgniter.php(825): App\Controllers\Profile->profile()
#6 /var/www/vhosts/hosting.iptvbillingsolution.com/public/sbp/system/CodeIgniter.php(412): CodeIgniter\CodeIgniter->runController()
#7 /var/www/vhosts/hosting.iptvbillingsolution.com/public/sbp/system/CodeIgniter.php(320): CodeIgniter\CodeIgniter->handleRequest()
#8 /var/www/vhosts/hosting.iptvbillingsolution.com/public/sbp/index.php(42): CodeIgniter\CodeIgniter->run()
#9 {main}
CRITICAL - 2023-01-25 18:10:55 --> Undefined variable: menuactive
#0 /var/www/vhosts/hosting.iptvbillingsolution.com/public/sbp/app/Views/includes/header.php(187): CodeIgniter\Debug\Exceptions->errorHandler()
#1 /var/www/vhosts/hosting.iptvbillingsolution.com/public/sbp/system/View/View.php(210): include('/var/www/vhosts...')
#2 /var/www/vhosts/hosting.iptvbillingsolution.com/public/sbp/system/View/View.php(213): CodeIgniter\View\View->CodeIgniter\View\{closure}()
#3 /var/www/vhosts/hosting.iptvbillingsolution.com/public/sbp/system/Common.php(1089): CodeIgniter\View\View->render()
#4 /var/www/vhosts/hosting.iptvbillingsolution.com/public/sbp/app/Controllers/Profile.php(116): view()
#5 /var/www/vhosts/hosting.iptvbillingsolution.com/public/sbp/system/CodeIgniter.php(825): App\Controllers\Profile->profile()
#6 /var/www/vhosts/hosting.iptvbillingsolution.com/public/sbp/system/CodeIgniter.php(412): CodeIgniter\CodeIgniter->runController()
#7 /var/www/vhosts/hosting.iptvbillingsolution.com/public/sbp/system/CodeIgniter.php(320): CodeIgniter\CodeIgniter->handleRequest()
#8 /var/www/vhosts/hosting.iptvbillingsolution.com/public/sbp/index.php(42): CodeIgniter\CodeIgniter->run()
#9 {main}
CRITICAL - 2023-01-25 18:12:19 --> Undefined variable: menuactive
#0 /var/www/vhosts/hosting.iptvbillingsolution.com/public/sbp/app/Views/includes/header.php(187): CodeIgniter\Debug\Exceptions->errorHandler()
#1 /var/www/vhosts/hosting.iptvbillingsolution.com/public/sbp/system/View/View.php(210): include('/var/www/vhosts...')
#2 /var/www/vhosts/hosting.iptvbillingsolution.com/public/sbp/system/View/View.php(213): CodeIgniter\View\View->CodeIgniter\View\{closure}()
#3 /var/www/vhosts/hosting.iptvbillingsolution.com/public/sbp/system/Common.php(1089): CodeIgniter\View\View->render()
#4 /var/www/vhosts/hosting.iptvbillingsolution.com/public/sbp/app/Controllers/Profile.php(116): view()
#5 /var/www/vhosts/hosting.iptvbillingsolution.com/public/sbp/system/CodeIgniter.php(825): App\Controllers\Profile->profile()
#6 /var/www/vhosts/hosting.iptvbillingsolution.com/public/sbp/system/CodeIgniter.php(412): CodeIgniter\CodeIgniter->runController()
#7 /var/www/vhosts/hosting.iptvbillingsolution.com/public/sbp/system/CodeIgniter.php(320): CodeIgniter\CodeIgniter->handleRequest()
#8 /var/www/vhosts/hosting.iptvbillingsolution.com/public/sbp/index.php(42): CodeIgniter\CodeIgniter->run()
#9 {main}
CRITICAL - 2023-01-25 18:13:35 --> Undefined variable: menuactive
#0 /var/www/vhosts/hosting.iptvbillingsolution.com/public/sbp/app/Views/includes/header.php(187): CodeIgniter\Debug\Exceptions->errorHandler()
#1 /var/www/vhosts/hosting.iptvbillingsolution.com/public/sbp/system/View/View.php(210): include('/var/www/vhosts...')
#2 /var/www/vhosts/hosting.iptvbillingsolution.com/public/sbp/system/View/View.php(213): CodeIgniter\View\View->CodeIgniter\View\{closure}()
#3 /var/www/vhosts/hosting.iptvbillingsolution.com/public/sbp/system/Common.php(1089): CodeIgniter\View\View->render()
#4 /var/www/vhosts/hosting.iptvbillingsolution.com/public/sbp/app/Controllers/Profile.php(116): view()
#5 /var/www/vhosts/hosting.iptvbillingsolution.com/public/sbp/system/CodeIgniter.php(825): App\Controllers\Profile->profile()
#6 /var/www/vhosts/hosting.iptvbillingsolution.com/public/sbp/system/CodeIgniter.php(412): CodeIgniter\CodeIgniter->runController()
#7 /var/www/vhosts/hosting.iptvbillingsolution.com/public/sbp/system/CodeIgniter.php(320): CodeIgniter\CodeIgniter->handleRequest()
#8 /var/www/vhosts/hosting.iptvbillingsolution.com/public/sbp/index.php(42): CodeIgniter\CodeIgniter->run()
#9 {main}
CRITICAL - 2023-01-25 18:14:26 --> Undefined variable: menuactive
#0 /var/www/vhosts/hosting.iptvbillingsolution.com/public/sbp/app/Views/includes/header.php(187): CodeIgniter\Debug\Exceptions->errorHandler()
#1 /var/www/vhosts/hosting.iptvbillingsolution.com/public/sbp/system/View/View.php(210): include('/var/www/vhosts...')
#2 /var/www/vhosts/hosting.iptvbillingsolution.com/public/sbp/system/View/View.php(213): CodeIgniter\View\View->CodeIgniter\View\{closure}()
#3 /var/www/vhosts/hosting.iptvbillingsolution.com/public/sbp/system/Common.php(1089): CodeIgniter\View\View->render()
#4 /var/www/vhosts/hosting.iptvbillingsolution.com/public/sbp/app/Controllers/Profile.php(116): view()
#5 /var/www/vhosts/hosting.iptvbillingsolution.com/public/sbp/system/CodeIgniter.php(825): App\Controllers\Profile->profile()
#6 /var/www/vhosts/hosting.iptvbillingsolution.com/public/sbp/system/CodeIgniter.php(412): CodeIgniter\CodeIgniter->runController()
#7 /var/www/vhosts/hosting.iptvbillingsolution.com/public/sbp/system/CodeIgniter.php(320): CodeIgniter\CodeIgniter->handleRequest()
#8 /var/www/vhosts/hosting.iptvbillingsolution.com/public/sbp/index.php(42): CodeIgniter\CodeIgniter->run()
#9 {main}
CRITICAL - 2023-01-25 18:18:30 --> Undefined variable: menuactive
#0 /var/www/vhosts/hosting.iptvbillingsolution.com/public/sbp/app/Views/includes/header.php(187): CodeIgniter\Debug\Exceptions->errorHandler()
#1 /var/www/vhosts/hosting.iptvbillingsolution.com/public/sbp/system/View/View.php(210): include('/var/www/vhosts...')
#2 /var/www/vhosts/hosting.iptvbillingsolution.com/public/sbp/system/View/View.php(213): CodeIgniter\View\View->CodeIgniter\View\{closure}()
#3 /var/www/vhosts/hosting.iptvbillingsolution.com/public/sbp/system/Common.php(1089): CodeIgniter\View\View->render()
#4 /var/www/vhosts/hosting.iptvbillingsolution.com/public/sbp/app/Controllers/Profile.php(116): view()
#5 /var/www/vhosts/hosting.iptvbillingsolution.com/public/sbp/system/CodeIgniter.php(825): App\Controllers\Profile->profile()
#6 /var/www/vhosts/hosting.iptvbillingsolution.com/public/sbp/system/CodeIgniter.php(412): CodeIgniter\CodeIgniter->runController()
#7 /var/www/vhosts/hosting.iptvbillingsolution.com/public/sbp/system/CodeIgniter.php(320): CodeIgniter\CodeIgniter->handleRequest()
#8 /var/www/vhosts/hosting.iptvbillingsolution.com/public/sbp/index.php(42): CodeIgniter\CodeIgniter->run()
#9 {main}
CRITICAL - 2023-01-25 18:19:02 --> Undefined variable: menuactive
#0 /var/www/vhosts/hosting.iptvbillingsolution.com/public/sbp/app/Views/includes/header.php(187): CodeIgniter\Debug\Exceptions->errorHandler()
#1 /var/www/vhosts/hosting.iptvbillingsolution.com/public/sbp/system/View/View.php(210): include('/var/www/vhosts...')
#2 /var/www/vhosts/hosting.iptvbillingsolution.com/public/sbp/system/View/View.php(213): CodeIgniter\View\View->CodeIgniter\View\{closure}()
#3 /var/www/vhosts/hosting.iptvbillingsolution.com/public/sbp/system/Common.php(1089): CodeIgniter\View\View->render()
#4 /var/www/vhosts/hosting.iptvbillingsolution.com/public/sbp/app/Controllers/Profile.php(116): view()
#5 /var/www/vhosts/hosting.iptvbillingsolution.com/public/sbp/system/CodeIgniter.php(825): App\Controllers\Profile->profile()
#6 /var/www/vhosts/hosting.iptvbillingsolution.com/public/sbp/system/CodeIgniter.php(412): CodeIgniter\CodeIgniter->runController()
#7 /var/www/vhosts/hosting.iptvbillingsolution.com/public/sbp/system/CodeIgniter.php(320): CodeIgniter\CodeIgniter->handleRequest()
#8 /var/www/vhosts/hosting.iptvbillingsolution.com/public/sbp/index.php(42): CodeIgniter\CodeIgniter->run()
#9 {main}
CRITICAL - 2023-01-25 18:19:10 --> Undefined variable: menuactive
#0 /var/www/vhosts/hosting.iptvbillingsolution.com/public/sbp/app/Views/includes/header.php(187): CodeIgniter\Debug\Exceptions->errorHandler()
#1 /var/www/vhosts/hosting.iptvbillingsolution.com/public/sbp/system/View/View.php(210): include('/var/www/vhosts...')
#2 /var/www/vhosts/hosting.iptvbillingsolution.com/public/sbp/system/View/View.php(213): CodeIgniter\View\View->CodeIgniter\View\{closure}()
#3 /var/www/vhosts/hosting.iptvbillingsolution.com/public/sbp/system/Common.php(1089): CodeIgniter\View\View->render()
#4 /var/www/vhosts/hosting.iptvbillingsolution.com/public/sbp/app/Controllers/Profile.php(116): view()
#5 /var/www/vhosts/hosting.iptvbillingsolution.com/public/sbp/system/CodeIgniter.php(825): App\Controllers\Profile->profile()
#6 /var/www/vhosts/hosting.iptvbillingsolution.com/public/sbp/system/CodeIgniter.php(412): CodeIgniter\CodeIgniter->runController()
#7 /var/www/vhosts/hosting.iptvbillingsolution.com/public/sbp/system/CodeIgniter.php(320): CodeIgniter\CodeIgniter->handleRequest()
#8 /var/www/vhosts/hosting.iptvbillingsolution.com/public/sbp/index.php(42): CodeIgniter\CodeIgniter->run()
#9 {main}
