ERROR - 2023-05-31 10:56:25 --> Unknown column 'role' in 'where clause'
CRITICAL - 2023-05-31 10:56:25 --> Unknown column 'role' in 'where clause'
#0 /var/www/vhosts/hosting.iptvbillingsolution.com/public/sbp/system/Database/MySQLi/Connection.php(292): mysqli->query()
#1 /var/www/vhosts/hosting.iptvbillingsolution.com/public/sbp/system/Database/BaseConnection.php(670): CodeIgniter\Database\MySQLi\Connection->execute()
#2 /var/www/vhosts/hosting.iptvbillingsolution.com/public/sbp/system/Database/BaseConnection.php(598): CodeIgniter\Database\BaseConnection->simpleQuery()
#3 /var/www/vhosts/hosting.iptvbillingsolution.com/public/sbp/system/Database/BaseBuilder.php(1539): CodeIgniter\Database\BaseConnection->query()
#4 /var/www/vhosts/hosting.iptvbillingsolution.com/public/sbp/system/Model.php(509): CodeIgniter\Database\BaseBuilder->countAllResults()
#5 /var/www/vhosts/hosting.iptvbillingsolution.com/public/sbp/app/Controllers/Dashboard.php(60): CodeIgniter\Model->countAllResults()
#6 /var/www/vhosts/hosting.iptvbillingsolution.com/public/sbp/app/Controllers/Dashboard.php(41): App\Controllers\Dashboard->getallmultipaldata()
#7 /var/www/vhosts/hosting.iptvbillingsolution.com/public/sbp/system/CodeIgniter.php(825): App\Controllers\Dashboard->dashboard()
#8 /var/www/vhosts/hosting.iptvbillingsolution.com/public/sbp/system/CodeIgniter.php(412): CodeIgniter\CodeIgniter->runController()
#9 /var/www/vhosts/hosting.iptvbillingsolution.com/public/sbp/system/CodeIgniter.php(320): CodeIgniter\CodeIgniter->handleRequest()
#10 /var/www/vhosts/hosting.iptvbillingsolution.com/public/sbp/index.php(45): CodeIgniter\CodeIgniter->run()
#11 {main}
CRITICAL - 2023-05-31 12:07:34 --> DirectoryIterator::__construct(/var/www/vhosts/hosting.iptvbillingsolution.com/public/sbp/writable/ovpnfiles/Germany1.ovpn): failed to open dir: Not a directory
#0 /var/www/vhosts/hosting.iptvbillingsolution.com/public/sbp/app/Controllers/VpnController.php(109): DirectoryIterator->__construct()
#1 /var/www/vhosts/hosting.iptvbillingsolution.com/public/sbp/system/CodeIgniter.php(825): App\Controllers\VpnController->addovpnfile()
#2 /var/www/vhosts/hosting.iptvbillingsolution.com/public/sbp/system/CodeIgniter.php(412): CodeIgniter\CodeIgniter->runController()
#3 /var/www/vhosts/hosting.iptvbillingsolution.com/public/sbp/system/CodeIgniter.php(320): CodeIgniter\CodeIgniter->handleRequest()
#4 /var/www/vhosts/hosting.iptvbillingsolution.com/public/sbp/index.php(45): CodeIgniter\CodeIgniter->run()
#5 {main}
CRITICAL - 2023-05-31 12:10:38 --> DirectoryIterator::__construct(/var/www/vhosts/hosting.iptvbillingsolution.com/public/sbp/writable/ovpnfiles/Germany1.ovpn): failed to open dir: Not a directory
#0 /var/www/vhosts/hosting.iptvbillingsolution.com/public/sbp/app/Controllers/VpnController.php(109): DirectoryIterator->__construct()
#1 /var/www/vhosts/hosting.iptvbillingsolution.com/public/sbp/system/CodeIgniter.php(825): App\Controllers\VpnController->addovpnfile()
#2 /var/www/vhosts/hosting.iptvbillingsolution.com/public/sbp/system/CodeIgniter.php(412): CodeIgniter\CodeIgniter->runController()
#3 /var/www/vhosts/hosting.iptvbillingsolution.com/public/sbp/system/CodeIgniter.php(320): CodeIgniter\CodeIgniter->handleRequest()
#4 /var/www/vhosts/hosting.iptvbillingsolution.com/public/sbp/index.php(45): CodeIgniter\CodeIgniter->run()
#5 {main}
CRITICAL - 2023-05-31 12:45:13 --> Invalid argument supplied for foreach()
#0 /var/www/vhosts/hosting.iptvbillingsolution.com/public/sbp/app/Controllers/VpnController.php(330): CodeIgniter\Debug\Exceptions->errorHandler()
#1 /var/www/vhosts/hosting.iptvbillingsolution.com/public/sbp/system/CodeIgniter.php(825): App\Controllers\VpnController->deleteovpnfiles()
#2 /var/www/vhosts/hosting.iptvbillingsolution.com/public/sbp/system/CodeIgniter.php(412): CodeIgniter\CodeIgniter->runController()
#3 /var/www/vhosts/hosting.iptvbillingsolution.com/public/sbp/system/CodeIgniter.php(320): CodeIgniter\CodeIgniter->handleRequest()
#4 /var/www/vhosts/hosting.iptvbillingsolution.com/public/sbp/index.php(45): CodeIgniter\CodeIgniter->run()
#5 {main}
CRITICAL - 2023-05-31 12:50:37 --> syntax error, unexpected end of file
#0 /var/www/vhosts/hosting.iptvbillingsolution.com/public/sbp/system/View/View.php(213): CodeIgniter\View\View->CodeIgniter\View\{closure}()
#1 /var/www/vhosts/hosting.iptvbillingsolution.com/public/sbp/system/Common.php(1089): CodeIgniter\View\View->render()
#2 /var/www/vhosts/hosting.iptvbillingsolution.com/public/sbp/app/Controllers/VpnController.php(261): view()
#3 /var/www/vhosts/hosting.iptvbillingsolution.com/public/sbp/system/CodeIgniter.php(825): App\Controllers\VpnController->listovpnfile()
#4 /var/www/vhosts/hosting.iptvbillingsolution.com/public/sbp/system/CodeIgniter.php(412): CodeIgniter\CodeIgniter->runController()
#5 /var/www/vhosts/hosting.iptvbillingsolution.com/public/sbp/system/CodeIgniter.php(320): CodeIgniter\CodeIgniter->handleRequest()
#6 /var/www/vhosts/hosting.iptvbillingsolution.com/public/sbp/index.php(45): CodeIgniter\CodeIgniter->run()
#7 {main}
ERROR - 2023-05-31 12:54:19 --> Unknown column 'text' in 'field list'
ERROR - 2023-05-31 12:54:44 --> Unknown column 'text' in 'field list'
CRITICAL - 2023-05-31 14:57:27 --> Call to undefined method CodeIgniter\Session\Session::unsetFlash()
#0 /var/www/vhosts/hosting.iptvbillingsolution.com/public/sbp/system/CodeIgniter.php(825): App\Controllers\VpnController->listovpnfile()
#1 /var/www/vhosts/hosting.iptvbillingsolution.com/public/sbp/system/CodeIgniter.php(412): CodeIgniter\CodeIgniter->runController()
#2 /var/www/vhosts/hosting.iptvbillingsolution.com/public/sbp/system/CodeIgniter.php(320): CodeIgniter\CodeIgniter->handleRequest()
#3 /var/www/vhosts/hosting.iptvbillingsolution.com/public/sbp/index.php(45): CodeIgniter\CodeIgniter->run()
#4 {main}
CRITICAL - 2023-05-31 14:59:36 --> Cannot use object of type CodeIgniter\HTTP\RedirectResponse as array
#0 /var/www/vhosts/hosting.iptvbillingsolution.com/public/sbp/system/CodeIgniter.php(825): App\Controllers\VpnController->listovpnfile()
#1 /var/www/vhosts/hosting.iptvbillingsolution.com/public/sbp/system/CodeIgniter.php(412): CodeIgniter\CodeIgniter->runController()
#2 /var/www/vhosts/hosting.iptvbillingsolution.com/public/sbp/system/CodeIgniter.php(320): CodeIgniter\CodeIgniter->handleRequest()
#3 /var/www/vhosts/hosting.iptvbillingsolution.com/public/sbp/index.php(45): CodeIgniter\CodeIgniter->run()
#4 {main}
CRITICAL - 2023-05-31 15:00:15 --> Cannot use object of type CodeIgniter\HTTP\RedirectResponse as array
#0 /var/www/vhosts/hosting.iptvbillingsolution.com/public/sbp/system/CodeIgniter.php(825): App\Controllers\VpnController->listovpnfile()
#1 /var/www/vhosts/hosting.iptvbillingsolution.com/public/sbp/system/CodeIgniter.php(412): CodeIgniter\CodeIgniter->runController()
#2 /var/www/vhosts/hosting.iptvbillingsolution.com/public/sbp/system/CodeIgniter.php(320): CodeIgniter\CodeIgniter->handleRequest()
#3 /var/www/vhosts/hosting.iptvbillingsolution.com/public/sbp/index.php(45): CodeIgniter\CodeIgniter->run()
#4 {main}
CRITICAL - 2023-05-31 15:00:57 --> Cannot use object of type CodeIgniter\HTTP\RedirectResponse as array
#0 /var/www/vhosts/hosting.iptvbillingsolution.com/public/sbp/system/CodeIgniter.php(825): App\Controllers\VpnController->listovpnfile()
#1 /var/www/vhosts/hosting.iptvbillingsolution.com/public/sbp/system/CodeIgniter.php(412): CodeIgniter\CodeIgniter->runController()
#2 /var/www/vhosts/hosting.iptvbillingsolution.com/public/sbp/system/CodeIgniter.php(320): CodeIgniter\CodeIgniter->handleRequest()
#3 /var/www/vhosts/hosting.iptvbillingsolution.com/public/sbp/index.php(45): CodeIgniter\CodeIgniter->run()
#4 {main}
CRITICAL - 2023-05-31 15:00:59 --> Cannot use object of type CodeIgniter\HTTP\RedirectResponse as array
#0 /var/www/vhosts/hosting.iptvbillingsolution.com/public/sbp/system/CodeIgniter.php(825): App\Controllers\VpnController->listovpnfile()
#1 /var/www/vhosts/hosting.iptvbillingsolution.com/public/sbp/system/CodeIgniter.php(412): CodeIgniter\CodeIgniter->runController()
#2 /var/www/vhosts/hosting.iptvbillingsolution.com/public/sbp/system/CodeIgniter.php(320): CodeIgniter\CodeIgniter->handleRequest()
#3 /var/www/vhosts/hosting.iptvbillingsolution.com/public/sbp/index.php(45): CodeIgniter\CodeIgniter->run()
#4 {main}
CRITICAL - 2023-05-31 15:33:44 --> Undefined variable: searchIndate
#0 /var/www/vhosts/hosting.iptvbillingsolution.com/public/sbp/app/Models/Notificationsmodel.php(19): CodeIgniter\Debug\Exceptions->errorHandler()
#1 /var/www/vhosts/hosting.iptvbillingsolution.com/public/sbp/app/Controllers/Notifications.php(232): App\Models\Notificationsmodel->totalcountforsearrchone()
#2 /var/www/vhosts/hosting.iptvbillingsolution.com/public/sbp/system/CodeIgniter.php(825): App\Controllers\Notifications->ajaxLoadData()
#3 /var/www/vhosts/hosting.iptvbillingsolution.com/public/sbp/system/CodeIgniter.php(412): CodeIgniter\CodeIgniter->runController()
#4 /var/www/vhosts/hosting.iptvbillingsolution.com/public/sbp/system/CodeIgniter.php(320): CodeIgniter\CodeIgniter->handleRequest()
#5 /var/www/vhosts/hosting.iptvbillingsolution.com/public/sbp/index.php(45): CodeIgniter\CodeIgniter->run()
#6 {main}
CRITICAL - 2023-05-31 15:33:54 --> Undefined variable: searchIndate
#0 /var/www/vhosts/hosting.iptvbillingsolution.com/public/sbp/app/Models/Notificationsmodel.php(19): CodeIgniter\Debug\Exceptions->errorHandler()
#1 /var/www/vhosts/hosting.iptvbillingsolution.com/public/sbp/app/Controllers/Notifications.php(232): App\Models\Notificationsmodel->totalcountforsearrchone()
#2 /var/www/vhosts/hosting.iptvbillingsolution.com/public/sbp/system/CodeIgniter.php(825): App\Controllers\Notifications->ajaxLoadData()
#3 /var/www/vhosts/hosting.iptvbillingsolution.com/public/sbp/system/CodeIgniter.php(412): CodeIgniter\CodeIgniter->runController()
#4 /var/www/vhosts/hosting.iptvbillingsolution.com/public/sbp/system/CodeIgniter.php(320): CodeIgniter\CodeIgniter->handleRequest()
#5 /var/www/vhosts/hosting.iptvbillingsolution.com/public/sbp/index.php(45): CodeIgniter\CodeIgniter->run()
#6 {main}
CRITICAL - 2023-05-31 15:34:03 --> Undefined variable: searchIndate
#0 /var/www/vhosts/hosting.iptvbillingsolution.com/public/sbp/app/Models/Notificationsmodel.php(19): CodeIgniter\Debug\Exceptions->errorHandler()
#1 /var/www/vhosts/hosting.iptvbillingsolution.com/public/sbp/app/Controllers/Notifications.php(232): App\Models\Notificationsmodel->totalcountforsearrchone()
#2 /var/www/vhosts/hosting.iptvbillingsolution.com/public/sbp/system/CodeIgniter.php(825): App\Controllers\Notifications->ajaxLoadData()
#3 /var/www/vhosts/hosting.iptvbillingsolution.com/public/sbp/system/CodeIgniter.php(412): CodeIgniter\CodeIgniter->runController()
#4 /var/www/vhosts/hosting.iptvbillingsolution.com/public/sbp/system/CodeIgniter.php(320): CodeIgniter\CodeIgniter->handleRequest()
#5 /var/www/vhosts/hosting.iptvbillingsolution.com/public/sbp/index.php(45): CodeIgniter\CodeIgniter->run()
#6 {main}
CRITICAL - 2023-05-31 15:34:15 --> Undefined variable: searchIndate
#0 /var/www/vhosts/hosting.iptvbillingsolution.com/public/sbp/app/Models/Notificationsmodel.php(19): CodeIgniter\Debug\Exceptions->errorHandler()
#1 /var/www/vhosts/hosting.iptvbillingsolution.com/public/sbp/app/Controllers/Notifications.php(232): App\Models\Notificationsmodel->totalcountforsearrchone()
#2 /var/www/vhosts/hosting.iptvbillingsolution.com/public/sbp/system/CodeIgniter.php(825): App\Controllers\Notifications->ajaxLoadData()
#3 /var/www/vhosts/hosting.iptvbillingsolution.com/public/sbp/system/CodeIgniter.php(412): CodeIgniter\CodeIgniter->runController()
#4 /var/www/vhosts/hosting.iptvbillingsolution.com/public/sbp/system/CodeIgniter.php(320): CodeIgniter\CodeIgniter->handleRequest()
#5 /var/www/vhosts/hosting.iptvbillingsolution.com/public/sbp/index.php(45): CodeIgniter\CodeIgniter->run()
#6 {main}
ERROR - 2023-05-31 15:39:29 --> Unknown column 'text' in 'field list'
CRITICAL - 2023-05-31 15:44:39 --> Class 'App\Models\DateTime' not found
#0 /var/www/vhosts/hosting.iptvbillingsolution.com/public/sbp/app/Controllers/ClientfeedbackController.php(40): App\Models\Clientfeedback->totalcountforsearrchone()
#1 /var/www/vhosts/hosting.iptvbillingsolution.com/public/sbp/system/CodeIgniter.php(825): App\Controllers\ClientfeedbackController->ajaxload_feedbacks()
#2 /var/www/vhosts/hosting.iptvbillingsolution.com/public/sbp/system/CodeIgniter.php(412): CodeIgniter\CodeIgniter->runController()
#3 /var/www/vhosts/hosting.iptvbillingsolution.com/public/sbp/system/CodeIgniter.php(320): CodeIgniter\CodeIgniter->handleRequest()
#4 /var/www/vhosts/hosting.iptvbillingsolution.com/public/sbp/index.php(45): CodeIgniter\CodeIgniter->run()
#5 {main}
CRITICAL - 2023-05-31 15:45:33 --> Call to a member function format() on bool
#0 /var/www/vhosts/hosting.iptvbillingsolution.com/public/sbp/app/Controllers/ClientfeedbackController.php(40): App\Models\Clientfeedback->totalcountforsearrchone()
#1 /var/www/vhosts/hosting.iptvbillingsolution.com/public/sbp/system/CodeIgniter.php(825): App\Controllers\ClientfeedbackController->ajaxload_feedbacks()
#2 /var/www/vhosts/hosting.iptvbillingsolution.com/public/sbp/system/CodeIgniter.php(412): CodeIgniter\CodeIgniter->runController()
#3 /var/www/vhosts/hosting.iptvbillingsolution.com/public/sbp/system/CodeIgniter.php(320): CodeIgniter\CodeIgniter->handleRequest()
#4 /var/www/vhosts/hosting.iptvbillingsolution.com/public/sbp/index.php(45): CodeIgniter\CodeIgniter->run()
#5 {main}
ERROR - 2023-05-31 15:48:57 --> Unknown column 'text' in 'field list'
ERROR - 2023-05-31 15:49:17 --> Unknown column 'text' in 'field list'
ERROR - 2023-05-31 15:49:31 --> Unknown column 'text' in 'field list'
ERROR - 2023-05-31 15:56:32 --> Unknown column 'text' in 'field list'
ERROR - 2023-05-31 15:59:49 --> Unknown column 'text' in 'field list'
CRITICAL - 2023-05-31 16:38:41 --> Call to undefined method App\Controllers\ClientfeedbackController::request()
#0 /var/www/vhosts/hosting.iptvbillingsolution.com/public/sbp/system/CodeIgniter.php(825): App\Controllers\ClientfeedbackController->massactionfordeletefeedbacks()
#1 /var/www/vhosts/hosting.iptvbillingsolution.com/public/sbp/system/CodeIgniter.php(412): CodeIgniter\CodeIgniter->runController()
#2 /var/www/vhosts/hosting.iptvbillingsolution.com/public/sbp/system/CodeIgniter.php(320): CodeIgniter\CodeIgniter->handleRequest()
#3 /var/www/vhosts/hosting.iptvbillingsolution.com/public/sbp/index.php(45): CodeIgniter\CodeIgniter->run()
#4 {main}
CRITICAL - 2023-05-31 18:31:25 --> Call to undefined method App\Controllers\Notifications::checkfirebaseserverkey()
#0 /var/www/vhosts/hosting.iptvbillingsolution.com/public/sbp/system/View/View.php(210): include()
#1 /var/www/vhosts/hosting.iptvbillingsolution.com/public/sbp/system/View/View.php(213): CodeIgniter\View\View->CodeIgniter\View\{closure}()
#2 /var/www/vhosts/hosting.iptvbillingsolution.com/public/sbp/system/Common.php(1089): CodeIgniter\View\View->render()
#3 /var/www/vhosts/hosting.iptvbillingsolution.com/public/sbp/app/Controllers/Notifications.php(339): view()
#4 /var/www/vhosts/hosting.iptvbillingsolution.com/public/sbp/system/CodeIgniter.php(825): App\Controllers\Notifications->editnotifications()
#5 /var/www/vhosts/hosting.iptvbillingsolution.com/public/sbp/system/CodeIgniter.php(412): CodeIgniter\CodeIgniter->runController()
#6 /var/www/vhosts/hosting.iptvbillingsolution.com/public/sbp/system/CodeIgniter.php(320): CodeIgniter\CodeIgniter->handleRequest()
#7 /var/www/vhosts/hosting.iptvbillingsolution.com/public/sbp/index.php(45): CodeIgniter\CodeIgniter->run()
#8 {main}
ERROR - 2023-05-31 18:47:13 --> Unknown column 'text' in 'field list'
ERROR - 2023-05-31 18:47:41 --> Unknown column 'text' in 'field list'
ERROR - 2023-05-31 18:48:01 --> Unknown column 'text' in 'field list'
ERROR - 2023-05-31 18:48:58 --> Unknown column 'text' in 'field list'
ERROR - 2023-05-31 18:50:16 --> Unknown column 'text' in 'field list'
ERROR - 2023-05-31 18:50:28 --> Unknown column 'text' in 'field list'
ERROR - 2023-05-31 18:50:42 --> Unknown column 'text' in 'field list'
ERROR - 2023-05-31 18:51:06 --> Unknown column 'text' in 'field list'
ERROR - 2023-05-31 18:51:29 --> Unknown column 'text' in 'field list'
ERROR - 2023-05-31 18:56:29 --> Unknown column 'text' in 'field list'
CRITICAL - 2023-05-31 18:57:02 --> Call to undefined method App\Controllers\Notifications::checkfirebaseserverkey()
#0 /var/www/vhosts/hosting.iptvbillingsolution.com/public/sbp/system/View/View.php(210): include()
#1 /var/www/vhosts/hosting.iptvbillingsolution.com/public/sbp/system/View/View.php(213): CodeIgniter\View\View->CodeIgniter\View\{closure}()
#2 /var/www/vhosts/hosting.iptvbillingsolution.com/public/sbp/system/Common.php(1089): CodeIgniter\View\View->render()
#3 /var/www/vhosts/hosting.iptvbillingsolution.com/public/sbp/app/Controllers/Notifications.php(339): view()
#4 /var/www/vhosts/hosting.iptvbillingsolution.com/public/sbp/system/CodeIgniter.php(825): App\Controllers\Notifications->editnotifications()
#5 /var/www/vhosts/hosting.iptvbillingsolution.com/public/sbp/system/CodeIgniter.php(412): CodeIgniter\CodeIgniter->runController()
#6 /var/www/vhosts/hosting.iptvbillingsolution.com/public/sbp/system/CodeIgniter.php(320): CodeIgniter\CodeIgniter->handleRequest()
#7 /var/www/vhosts/hosting.iptvbillingsolution.com/public/sbp/index.php(45): CodeIgniter\CodeIgniter->run()
#8 {main}
ERROR - 2023-05-31 18:57:13 --> Unknown column 'text' in 'field list'
CRITICAL - 2023-05-31 19:00:06 --> Call to undefined method App\Controllers\Notifications::checkfirebaseserverkey()
#0 /var/www/vhosts/hosting.iptvbillingsolution.com/public/sbp/system/View/View.php(210): include()
#1 /var/www/vhosts/hosting.iptvbillingsolution.com/public/sbp/system/View/View.php(213): CodeIgniter\View\View->CodeIgniter\View\{closure}()
#2 /var/www/vhosts/hosting.iptvbillingsolution.com/public/sbp/system/Common.php(1089): CodeIgniter\View\View->render()
#3 /var/www/vhosts/hosting.iptvbillingsolution.com/public/sbp/app/Controllers/Notifications.php(339): view()
#4 /var/www/vhosts/hosting.iptvbillingsolution.com/public/sbp/system/CodeIgniter.php(825): App\Controllers\Notifications->editnotifications()
#5 /var/www/vhosts/hosting.iptvbillingsolution.com/public/sbp/system/CodeIgniter.php(412): CodeIgniter\CodeIgniter->runController()
#6 /var/www/vhosts/hosting.iptvbillingsolution.com/public/sbp/system/CodeIgniter.php(320): CodeIgniter\CodeIgniter->handleRequest()
#7 /var/www/vhosts/hosting.iptvbillingsolution.com/public/sbp/index.php(45): CodeIgniter\CodeIgniter->run()
#8 {main}
ERROR - 2023-05-31 19:03:13 --> Unknown column 'text' in 'field list'
ERROR - 2023-05-31 19:03:48 --> Unknown column 'text' in 'field list'
ERROR - 2023-05-31 19:04:03 --> Unknown column 'text' in 'field list'
ERROR - 2023-05-31 19:04:11 --> Unknown column 'text' in 'field list'
ERROR - 2023-05-31 19:09:34 --> Unknown column 'text' in 'field list'
ERROR - 2023-05-31 19:10:26 --> Unknown column 'text' in 'field list'
CRITICAL - 2023-05-31 19:10:27 --> Call to undefined method CodeIgniter\HTTP\IncomingRequest::getPot()
#0 /var/www/vhosts/hosting.iptvbillingsolution.com/public/sbp/system/CodeIgniter.php(825): App\Controllers\Notifications->editnotifications()
#1 /var/www/vhosts/hosting.iptvbillingsolution.com/public/sbp/system/CodeIgniter.php(412): CodeIgniter\CodeIgniter->runController()
#2 /var/www/vhosts/hosting.iptvbillingsolution.com/public/sbp/system/CodeIgniter.php(320): CodeIgniter\CodeIgniter->handleRequest()
#3 /var/www/vhosts/hosting.iptvbillingsolution.com/public/sbp/index.php(45): CodeIgniter\CodeIgniter->run()
#4 {main}
ERROR - 2023-05-31 19:12:36 --> Unknown column 'text' in 'field list'
ERROR - 2023-05-31 19:13:46 --> Unknown column 'text' in 'field list'
ERROR - 2023-05-31 19:18:37 --> Unknown column 'text' in 'field list'
ERROR - 2023-05-31 19:20:29 --> Unknown column 'text' in 'field list'
ERROR - 2023-05-31 19:20:42 --> Unknown column 'text' in 'field list'
ERROR - 2023-05-31 19:20:48 --> Unknown column 'text' in 'field list'
CRITICAL - 2023-05-31 19:20:49 --> Undefined variable: totalTime
#0 /var/www/vhosts/hosting.iptvbillingsolution.com/public/sbp/system/Debug/Toolbar/Views/toolbar.tpl.php(40): CodeIgniter\Debug\Exceptions->errorHandler()
#1 /var/www/vhosts/hosting.iptvbillingsolution.com/public/sbp/system/Debug/Toolbar.php(501): include('/var/www/vhosts...')
#2 /var/www/vhosts/hosting.iptvbillingsolution.com/public/sbp/system/Debug/Toolbar.php(464): CodeIgniter\Debug\Toolbar->format()
#3 /var/www/vhosts/hosting.iptvbillingsolution.com/public/sbp/app/Config/Events.php(48): CodeIgniter\Debug\Toolbar->respond()
#4 /var/www/vhosts/hosting.iptvbillingsolution.com/public/sbp/system/Events/Events.php(149): CodeIgniter\Events\Events::Config\{closure}()
#5 /var/www/vhosts/hosting.iptvbillingsolution.com/public/sbp/system/CodeIgniter.php(302): CodeIgniter\Events\Events::trigger()
#6 /var/www/vhosts/hosting.iptvbillingsolution.com/public/sbp/index.php(45): CodeIgniter\CodeIgniter->run()
#7 {main}
ERROR - 2023-05-31 19:22:24 --> Unknown column 'text' in 'field list'
ERROR - 2023-05-31 19:34:06 --> Unknown column 'text' in 'field list'
ERROR - 2023-05-31 19:59:32 --> Unknown column 'text' in 'field list'
ERROR - 2023-05-31 20:00:02 --> Unknown column 'text' in 'field list'
ERROR - 2023-05-31 20:00:13 --> Unknown column 'text' in 'field list'
ERROR - 2023-05-31 20:02:18 --> Unknown column 'text' in 'field list'
ERROR - 2023-05-31 20:09:45 --> Unknown column 'text' in 'field list'
ERROR - 2023-05-31 20:14:53 --> Unknown column 'text' in 'field list'
ERROR - 2023-05-31 20:15:20 --> Unknown column 'text' in 'field list'
ERROR - 2023-05-31 20:15:25 --> Unknown column 'text' in 'field list'
