ERROR - 2023-03-06 17:36:41 --> Duplicate column name 'updated_on'
CRITICAL - 2023-03-06 17:45:56 --> Call to a member function getResult() on array
#0 /var/www/vhosts/hosting.iptvbillingsolution.com/public/sbp/app/Controllers/TicketsController.php(36): App\Models\Ticketsmodel->totalcountforsearrchone()
#1 /var/www/vhosts/hosting.iptvbillingsolution.com/public/sbp/system/CodeIgniter.php(825): App\Controllers\TicketsController->ticketlistajx()
#2 /var/www/vhosts/hosting.iptvbillingsolution.com/public/sbp/system/CodeIgniter.php(412): CodeIgniter\CodeIgniter->runController()
#3 /var/www/vhosts/hosting.iptvbillingsolution.com/public/sbp/system/CodeIgniter.php(320): CodeIgniter\CodeIgniter->handleRequest()
#4 /var/www/vhosts/hosting.iptvbillingsolution.com/public/sbp/index.php(44): CodeIgniter\CodeIgniter->run()
#5 {main}
CRITICAL - 2023-03-06 17:46:02 --> Call to a member function getResult() on array
#0 /var/www/vhosts/hosting.iptvbillingsolution.com/public/sbp/app/Controllers/TicketsController.php(36): App\Models\Ticketsmodel->totalcountforsearrchone()
#1 /var/www/vhosts/hosting.iptvbillingsolution.com/public/sbp/system/CodeIgniter.php(825): App\Controllers\TicketsController->ticketlistajx()
#2 /var/www/vhosts/hosting.iptvbillingsolution.com/public/sbp/system/CodeIgniter.php(412): CodeIgniter\CodeIgniter->runController()
#3 /var/www/vhosts/hosting.iptvbillingsolution.com/public/sbp/system/CodeIgniter.php(320): CodeIgniter\CodeIgniter->handleRequest()
#4 /var/www/vhosts/hosting.iptvbillingsolution.com/public/sbp/index.php(44): CodeIgniter\CodeIgniter->run()
#5 {main}
CRITICAL - 2023-03-06 17:46:09 --> Call to a member function getResult() on array
#0 /var/www/vhosts/hosting.iptvbillingsolution.com/public/sbp/app/Controllers/TicketsController.php(36): App\Models\Ticketsmodel->totalcountforsearrchone()
#1 /var/www/vhosts/hosting.iptvbillingsolution.com/public/sbp/system/CodeIgniter.php(825): App\Controllers\TicketsController->ticketlistajx()
#2 /var/www/vhosts/hosting.iptvbillingsolution.com/public/sbp/system/CodeIgniter.php(412): CodeIgniter\CodeIgniter->runController()
#3 /var/www/vhosts/hosting.iptvbillingsolution.com/public/sbp/system/CodeIgniter.php(320): CodeIgniter\CodeIgniter->handleRequest()
#4 /var/www/vhosts/hosting.iptvbillingsolution.com/public/sbp/index.php(44): CodeIgniter\CodeIgniter->run()
#5 {main}
CRITICAL - 2023-03-06 17:46:40 --> Call to a member function getResult() on array
#0 /var/www/vhosts/hosting.iptvbillingsolution.com/public/sbp/app/Controllers/TicketsController.php(36): App\Models\Ticketsmodel->totalcountforsearrchone()
#1 /var/www/vhosts/hosting.iptvbillingsolution.com/public/sbp/system/CodeIgniter.php(825): App\Controllers\TicketsController->ticketlistajx()
#2 /var/www/vhosts/hosting.iptvbillingsolution.com/public/sbp/system/CodeIgniter.php(412): CodeIgniter\CodeIgniter->runController()
#3 /var/www/vhosts/hosting.iptvbillingsolution.com/public/sbp/system/CodeIgniter.php(320): CodeIgniter\CodeIgniter->handleRequest()
#4 /var/www/vhosts/hosting.iptvbillingsolution.com/public/sbp/index.php(44): CodeIgniter\CodeIgniter->run()
#5 {main}
