ERROR - 2023-04-05 12:20:17 --> Unknown column 'tbl_report_cases.report_cases' in 'where clause'
CRITICAL - 2023-04-05 12:20:17 --> Call to a member function getResultArray() on bool
#0 /var/www/vhosts/hosting.iptvbillingsolution.com/public/sbp/system/View/View.php(210): include()
#1 /var/www/vhosts/hosting.iptvbillingsolution.com/public/sbp/system/View/View.php(213): CodeIgniter\View\View->CodeIgniter\View\{closure}()
#2 /var/www/vhosts/hosting.iptvbillingsolution.com/public/sbp/system/Common.php(1089): CodeIgniter\View\View->render()
#3 /var/www/vhosts/hosting.iptvbillingsolution.com/public/sbp/app/Controllers/ReportController.php(18): view()
#4 /var/www/vhosts/hosting.iptvbillingsolution.com/public/sbp/system/CodeIgniter.php(825): App\Controllers\ReportController->listreports()
#5 /var/www/vhosts/hosting.iptvbillingsolution.com/public/sbp/system/CodeIgniter.php(412): CodeIgniter\CodeIgniter->runController()
#6 /var/www/vhosts/hosting.iptvbillingsolution.com/public/sbp/system/CodeIgniter.php(320): CodeIgniter\CodeIgniter->handleRequest()
#7 /var/www/vhosts/hosting.iptvbillingsolution.com/public/sbp/index.php(44): CodeIgniter\CodeIgniter->run()
#8 {main}
ERROR - 2023-04-05 12:21:24 --> Unknown column 'tbl_report_cases.report_cases' in 'where clause'
CRITICAL - 2023-04-05 12:21:24 --> Call to a member function getResultArray() on bool
#0 /var/www/vhosts/hosting.iptvbillingsolution.com/public/sbp/system/View/View.php(210): include()
#1 /var/www/vhosts/hosting.iptvbillingsolution.com/public/sbp/system/View/View.php(213): CodeIgniter\View\View->CodeIgniter\View\{closure}()
#2 /var/www/vhosts/hosting.iptvbillingsolution.com/public/sbp/system/Common.php(1089): CodeIgniter\View\View->render()
#3 /var/www/vhosts/hosting.iptvbillingsolution.com/public/sbp/app/Controllers/ReportController.php(18): view()
#4 /var/www/vhosts/hosting.iptvbillingsolution.com/public/sbp/system/CodeIgniter.php(825): App\Controllers\ReportController->listreports()
#5 /var/www/vhosts/hosting.iptvbillingsolution.com/public/sbp/system/CodeIgniter.php(412): CodeIgniter\CodeIgniter->runController()
#6 /var/www/vhosts/hosting.iptvbillingsolution.com/public/sbp/system/CodeIgniter.php(320): CodeIgniter\CodeIgniter->handleRequest()
#7 /var/www/vhosts/hosting.iptvbillingsolution.com/public/sbp/index.php(44): CodeIgniter\CodeIgniter->run()
#8 {main}
ERROR - 2023-04-05 12:24:23 --> Unknown column 'tbl_report_cases.report_cases' in 'where clause'
CRITICAL - 2023-04-05 12:24:23 --> Call to a member function getResultArray() on bool
#0 /var/www/vhosts/hosting.iptvbillingsolution.com/public/sbp/system/View/View.php(210): include()
#1 /var/www/vhosts/hosting.iptvbillingsolution.com/public/sbp/system/View/View.php(213): CodeIgniter\View\View->CodeIgniter\View\{closure}()
#2 /var/www/vhosts/hosting.iptvbillingsolution.com/public/sbp/system/Common.php(1089): CodeIgniter\View\View->render()
#3 /var/www/vhosts/hosting.iptvbillingsolution.com/public/sbp/app/Controllers/ReportController.php(18): view()
#4 /var/www/vhosts/hosting.iptvbillingsolution.com/public/sbp/system/CodeIgniter.php(825): App\Controllers\ReportController->listreports()
#5 /var/www/vhosts/hosting.iptvbillingsolution.com/public/sbp/system/CodeIgniter.php(412): CodeIgniter\CodeIgniter->runController()
#6 /var/www/vhosts/hosting.iptvbillingsolution.com/public/sbp/system/CodeIgniter.php(320): CodeIgniter\CodeIgniter->handleRequest()
#7 /var/www/vhosts/hosting.iptvbillingsolution.com/public/sbp/index.php(44): CodeIgniter\CodeIgniter->run()
#8 {main}
ERROR - 2023-04-05 12:26:49 --> Unknown column 'tbl_report_cases.report_cases' in 'where clause'
CRITICAL - 2023-04-05 13:39:02 --> Object of class stdClass could not be converted to string
#0 /var/www/vhosts/hosting.iptvbillingsolution.com/public/sbp/system/View/View.php(210): include()
#1 /var/www/vhosts/hosting.iptvbillingsolution.com/public/sbp/system/View/View.php(213): CodeIgniter\View\View->CodeIgniter\View\{closure}()
#2 /var/www/vhosts/hosting.iptvbillingsolution.com/public/sbp/system/Common.php(1089): CodeIgniter\View\View->render()
#3 /var/www/vhosts/hosting.iptvbillingsolution.com/public/sbp/app/Controllers/ClientfeedbackController.php(23): view()
#4 /var/www/vhosts/hosting.iptvbillingsolution.com/public/sbp/system/CodeIgniter.php(825): App\Controllers\ClientfeedbackController->listfeedback()
#5 /var/www/vhosts/hosting.iptvbillingsolution.com/public/sbp/system/CodeIgniter.php(412): CodeIgniter\CodeIgniter->runController()
#6 /var/www/vhosts/hosting.iptvbillingsolution.com/public/sbp/system/CodeIgniter.php(320): CodeIgniter\CodeIgniter->handleRequest()
#7 /var/www/vhosts/hosting.iptvbillingsolution.com/public/sbp/index.php(44): CodeIgniter\CodeIgniter->run()
#8 {main}
CRITICAL - 2023-04-05 14:52:38 --> Invalid argument supplied for foreach()
#0 /var/www/vhosts/hosting.iptvbillingsolution.com/public/sbp/app/Views/listfeedback.php(384): CodeIgniter\Debug\Exceptions->errorHandler()
#1 /var/www/vhosts/hosting.iptvbillingsolution.com/public/sbp/system/View/View.php(210): include('/var/www/vhosts...')
#2 /var/www/vhosts/hosting.iptvbillingsolution.com/public/sbp/system/View/View.php(213): CodeIgniter\View\View->CodeIgniter\View\{closure}()
#3 /var/www/vhosts/hosting.iptvbillingsolution.com/public/sbp/system/Common.php(1089): CodeIgniter\View\View->render()
#4 /var/www/vhosts/hosting.iptvbillingsolution.com/public/sbp/app/Controllers/ClientfeedbackController.php(23): view()
#5 /var/www/vhosts/hosting.iptvbillingsolution.com/public/sbp/system/CodeIgniter.php(825): App\Controllers\ClientfeedbackController->listfeedback()
#6 /var/www/vhosts/hosting.iptvbillingsolution.com/public/sbp/system/CodeIgniter.php(412): CodeIgniter\CodeIgniter->runController()
#7 /var/www/vhosts/hosting.iptvbillingsolution.com/public/sbp/system/CodeIgniter.php(320): CodeIgniter\CodeIgniter->handleRequest()
#8 /var/www/vhosts/hosting.iptvbillingsolution.com/public/sbp/index.php(44): CodeIgniter\CodeIgniter->run()
#9 {main}
ERROR - 2023-04-05 15:15:50 --> Unknown column 'sortby' in 'where clause'
ERROR - 2023-04-05 15:16:08 --> Unknown column 'sortby' in 'where clause'
ERROR - 2023-04-05 15:17:18 --> Unknown column 'sortby' in 'where clause'
ERROR - 2023-04-05 15:18:35 --> Unknown column 'sortby' in 'where clause'
ERROR - 2023-04-05 15:20:34 --> Unknown column 'sortby' in 'where clause'
ERROR - 2023-04-05 15:21:23 --> Unknown column 'sortby' in 'where clause'
ERROR - 2023-04-05 15:21:51 --> Unknown column 'sortby' in 'where clause'
ERROR - 2023-04-05 15:22:04 --> Unknown column 'sortby' in 'where clause'
ERROR - 2023-04-05 15:22:38 --> Unknown column 'sortby' in 'where clause'
ERROR - 2023-04-05 15:22:43 --> Unknown column 'sortby' in 'where clause'
ERROR - 2023-04-05 15:30:04 --> You have an error in your SQL syntax; check the manual that corresponds to your MySQL server version for the right syntax to use near 'DISTINCT(subject) as subject, "DISTINCT(subject) as subject, username")
FROM `tb' at line 1
CRITICAL - 2023-04-05 15:30:04 --> Call to a member function getResultArray() on bool
#0 /var/www/vhosts/hosting.iptvbillingsolution.com/public/sbp/system/View/View.php(210): include()
#1 /var/www/vhosts/hosting.iptvbillingsolution.com/public/sbp/system/View/View.php(213): CodeIgniter\View\View->CodeIgniter\View\{closure}()
#2 /var/www/vhosts/hosting.iptvbillingsolution.com/public/sbp/system/Common.php(1089): CodeIgniter\View\View->render()
#3 /var/www/vhosts/hosting.iptvbillingsolution.com/public/sbp/app/Controllers/Testing.php(10): view()
#4 /var/www/vhosts/hosting.iptvbillingsolution.com/public/sbp/system/CodeIgniter.php(825): App\Controllers\Testing->test()
#5 /var/www/vhosts/hosting.iptvbillingsolution.com/public/sbp/system/CodeIgniter.php(412): CodeIgniter\CodeIgniter->runController()
#6 /var/www/vhosts/hosting.iptvbillingsolution.com/public/sbp/system/CodeIgniter.php(320): CodeIgniter\CodeIgniter->handleRequest()
#7 /var/www/vhosts/hosting.iptvbillingsolution.com/public/sbp/index.php(44): CodeIgniter\CodeIgniter->run()
#8 {main}
ERROR - 2023-04-05 15:30:05 --> You have an error in your SQL syntax; check the manual that corresponds to your MySQL server version for the right syntax to use near 'DISTINCT(subject) as subject, "DISTINCT(subject) as subject, username")
FROM `tb' at line 1
CRITICAL - 2023-04-05 15:30:05 --> Call to a member function getResultArray() on bool
#0 /var/www/vhosts/hosting.iptvbillingsolution.com/public/sbp/system/View/View.php(210): include()
#1 /var/www/vhosts/hosting.iptvbillingsolution.com/public/sbp/system/View/View.php(213): CodeIgniter\View\View->CodeIgniter\View\{closure}()
#2 /var/www/vhosts/hosting.iptvbillingsolution.com/public/sbp/system/Common.php(1089): CodeIgniter\View\View->render()
#3 /var/www/vhosts/hosting.iptvbillingsolution.com/public/sbp/app/Controllers/Testing.php(10): view()
#4 /var/www/vhosts/hosting.iptvbillingsolution.com/public/sbp/system/CodeIgniter.php(825): App\Controllers\Testing->test()
#5 /var/www/vhosts/hosting.iptvbillingsolution.com/public/sbp/system/CodeIgniter.php(412): CodeIgniter\CodeIgniter->runController()
#6 /var/www/vhosts/hosting.iptvbillingsolution.com/public/sbp/system/CodeIgniter.php(320): CodeIgniter\CodeIgniter->handleRequest()
#7 /var/www/vhosts/hosting.iptvbillingsolution.com/public/sbp/index.php(44): CodeIgniter\CodeIgniter->run()
#8 {main}
ERROR - 2023-04-05 15:30:58 --> You have an error in your SQL syntax; check the manual that corresponds to your MySQL server version for the right syntax to use near '== 1, `subject`, "username")
FROM `tbl_clientfeedback`
GROUP BY `subject`
ORDER ' at line 1
CRITICAL - 2023-04-05 15:30:58 --> Call to a member function getResultArray() on bool
#0 /var/www/vhosts/hosting.iptvbillingsolution.com/public/sbp/system/View/View.php(210): include()
#1 /var/www/vhosts/hosting.iptvbillingsolution.com/public/sbp/system/View/View.php(213): CodeIgniter\View\View->CodeIgniter\View\{closure}()
#2 /var/www/vhosts/hosting.iptvbillingsolution.com/public/sbp/system/Common.php(1089): CodeIgniter\View\View->render()
#3 /var/www/vhosts/hosting.iptvbillingsolution.com/public/sbp/app/Controllers/Testing.php(10): view()
#4 /var/www/vhosts/hosting.iptvbillingsolution.com/public/sbp/system/CodeIgniter.php(825): App\Controllers\Testing->test()
#5 /var/www/vhosts/hosting.iptvbillingsolution.com/public/sbp/system/CodeIgniter.php(412): CodeIgniter\CodeIgniter->runController()
#6 /var/www/vhosts/hosting.iptvbillingsolution.com/public/sbp/system/CodeIgniter.php(320): CodeIgniter\CodeIgniter->handleRequest()
#7 /var/www/vhosts/hosting.iptvbillingsolution.com/public/sbp/index.php(44): CodeIgniter\CodeIgniter->run()
#8 {main}
ERROR - 2023-04-05 15:34:13 --> You have an error in your SQL syntax; check the manual that corresponds to your MySQL server version for the right syntax to use near 'WHEN 1 > 0 THEN subject  WHEN 1 < 0 THEN username )END
FROM `tbl_clientfeedback`' at line 1
CRITICAL - 2023-04-05 15:34:13 --> Call to a member function getResultArray() on bool
#0 /var/www/vhosts/hosting.iptvbillingsolution.com/public/sbp/system/View/View.php(210): include()
#1 /var/www/vhosts/hosting.iptvbillingsolution.com/public/sbp/system/View/View.php(213): CodeIgniter\View\View->CodeIgniter\View\{closure}()
#2 /var/www/vhosts/hosting.iptvbillingsolution.com/public/sbp/system/Common.php(1089): CodeIgniter\View\View->render()
#3 /var/www/vhosts/hosting.iptvbillingsolution.com/public/sbp/app/Controllers/Testing.php(10): view()
#4 /var/www/vhosts/hosting.iptvbillingsolution.com/public/sbp/system/CodeIgniter.php(825): App\Controllers\Testing->test()
#5 /var/www/vhosts/hosting.iptvbillingsolution.com/public/sbp/system/CodeIgniter.php(412): CodeIgniter\CodeIgniter->runController()
#6 /var/www/vhosts/hosting.iptvbillingsolution.com/public/sbp/system/CodeIgniter.php(320): CodeIgniter\CodeIgniter->handleRequest()
#7 /var/www/vhosts/hosting.iptvbillingsolution.com/public/sbp/index.php(44): CodeIgniter\CodeIgniter->run()
#8 {main}
ERROR - 2023-04-05 15:34:28 --> You have an error in your SQL syntax; check the manual that corresponds to your MySQL server version for the right syntax to use near 'WHEN 1 > 0 THEN subject)END
FROM `tbl_clientfeedback`
GROUP BY `subject`
ORDER B' at line 1
CRITICAL - 2023-04-05 15:34:28 --> Call to a member function getResultArray() on bool
#0 /var/www/vhosts/hosting.iptvbillingsolution.com/public/sbp/system/View/View.php(210): include()
#1 /var/www/vhosts/hosting.iptvbillingsolution.com/public/sbp/system/View/View.php(213): CodeIgniter\View\View->CodeIgniter\View\{closure}()
#2 /var/www/vhosts/hosting.iptvbillingsolution.com/public/sbp/system/Common.php(1089): CodeIgniter\View\View->render()
#3 /var/www/vhosts/hosting.iptvbillingsolution.com/public/sbp/app/Controllers/Testing.php(10): view()
#4 /var/www/vhosts/hosting.iptvbillingsolution.com/public/sbp/system/CodeIgniter.php(825): App\Controllers\Testing->test()
#5 /var/www/vhosts/hosting.iptvbillingsolution.com/public/sbp/system/CodeIgniter.php(412): CodeIgniter\CodeIgniter->runController()
#6 /var/www/vhosts/hosting.iptvbillingsolution.com/public/sbp/system/CodeIgniter.php(320): CodeIgniter\CodeIgniter->handleRequest()
#7 /var/www/vhosts/hosting.iptvbillingsolution.com/public/sbp/index.php(44): CodeIgniter\CodeIgniter->run()
#8 {main}
ERROR - 2023-04-05 15:35:08 --> You have an error in your SQL syntax; check the manual that corresponds to your MySQL server version for the right syntax to use near 'WHEN 1 > 0 THEN subject)END) as product_name
FROM `tbl_clientfeedback`
GROUP BY ' at line 1
CRITICAL - 2023-04-05 15:35:08 --> Call to a member function getResultArray() on bool
#0 /var/www/vhosts/hosting.iptvbillingsolution.com/public/sbp/system/View/View.php(210): include()
#1 /var/www/vhosts/hosting.iptvbillingsolution.com/public/sbp/system/View/View.php(213): CodeIgniter\View\View->CodeIgniter\View\{closure}()
#2 /var/www/vhosts/hosting.iptvbillingsolution.com/public/sbp/system/Common.php(1089): CodeIgniter\View\View->render()
#3 /var/www/vhosts/hosting.iptvbillingsolution.com/public/sbp/app/Controllers/Testing.php(10): view()
#4 /var/www/vhosts/hosting.iptvbillingsolution.com/public/sbp/system/CodeIgniter.php(825): App\Controllers\Testing->test()
#5 /var/www/vhosts/hosting.iptvbillingsolution.com/public/sbp/system/CodeIgniter.php(412): CodeIgniter\CodeIgniter->runController()
#6 /var/www/vhosts/hosting.iptvbillingsolution.com/public/sbp/system/CodeIgniter.php(320): CodeIgniter\CodeIgniter->handleRequest()
#7 /var/www/vhosts/hosting.iptvbillingsolution.com/public/sbp/index.php(44): CodeIgniter\CodeIgniter->run()
#8 {main}
ERROR - 2023-04-05 15:35:52 --> You have an error in your SQL syntax; check the manual that corresponds to your MySQL server version for the right syntax to use near 'WHEN 1 > 0 THEN subject ) END ) as product_name
FROM `tbl_clientfeedback`
GROUP ' at line 1
CRITICAL - 2023-04-05 15:35:52 --> Call to a member function getResultArray() on bool
#0 /var/www/vhosts/hosting.iptvbillingsolution.com/public/sbp/system/View/View.php(210): include()
#1 /var/www/vhosts/hosting.iptvbillingsolution.com/public/sbp/system/View/View.php(213): CodeIgniter\View\View->CodeIgniter\View\{closure}()
#2 /var/www/vhosts/hosting.iptvbillingsolution.com/public/sbp/system/Common.php(1089): CodeIgniter\View\View->render()
#3 /var/www/vhosts/hosting.iptvbillingsolution.com/public/sbp/app/Controllers/Testing.php(10): view()
#4 /var/www/vhosts/hosting.iptvbillingsolution.com/public/sbp/system/CodeIgniter.php(825): App\Controllers\Testing->test()
#5 /var/www/vhosts/hosting.iptvbillingsolution.com/public/sbp/system/CodeIgniter.php(412): CodeIgniter\CodeIgniter->runController()
#6 /var/www/vhosts/hosting.iptvbillingsolution.com/public/sbp/system/CodeIgniter.php(320): CodeIgniter\CodeIgniter->handleRequest()
#7 /var/www/vhosts/hosting.iptvbillingsolution.com/public/sbp/index.php(44): CodeIgniter\CodeIgniter->run()
#8 {main}
CRITICAL - 2023-04-05 16:24:33 --> syntax error, unexpected end of file, expecting ')'
#0 /var/www/vhosts/hosting.iptvbillingsolution.com/public/sbp/system/View/View.php(213): CodeIgniter\View\View->CodeIgniter\View\{closure}()
#1 /var/www/vhosts/hosting.iptvbillingsolution.com/public/sbp/system/Common.php(1089): CodeIgniter\View\View->render()
#2 /var/www/vhosts/hosting.iptvbillingsolution.com/public/sbp/app/Controllers/ClientfeedbackController.php(21): view()
#3 /var/www/vhosts/hosting.iptvbillingsolution.com/public/sbp/system/CodeIgniter.php(825): App\Controllers\ClientfeedbackController->listfeedback()
#4 /var/www/vhosts/hosting.iptvbillingsolution.com/public/sbp/system/CodeIgniter.php(412): CodeIgniter\CodeIgniter->runController()
#5 /var/www/vhosts/hosting.iptvbillingsolution.com/public/sbp/system/CodeIgniter.php(320): CodeIgniter\CodeIgniter->handleRequest()
#6 /var/www/vhosts/hosting.iptvbillingsolution.com/public/sbp/index.php(44): CodeIgniter\CodeIgniter->run()
#7 {main}
